#-----------------------------------------------------------
# Vivado v2019.1 (64-bit)
# SW Build 2552052 on Fri May 24 14:49:42 MDT 2019
# IP Build 2548770 on Fri May 24 18:01:18 MDT 2019
# Start of session at: Fri Mar 28 15:07:08 2025
# Process ID: 9084
# Current directory: C:/Users/mateo/OneDrive - ozixe/Bureau/Cours/projet_rubik/projet_rubik/project_rubik
# Command line: vivado.exe -gui_launcher_event rodinguilauncherevent21176 C:\Users\mateo\OneDrive - ozixe\Bureau\Cours\projet_rubik\projet_rubik\project_rubik\project_rubik.xpr
# Log file: C:/Users/mateo/OneDrive - ozixe/Bureau/Cours/projet_rubik/projet_rubik/project_rubik/vivado.log
# Journal file: C:/Users/mateo/OneDrive - ozixe/Bureau/Cours/projet_rubik/projet_rubik/project_rubik\vivado.jou
#-----------------------------------------------------------
start_gui
open_project {C:/Users/mateo/OneDrive - ozixe/Bureau/Cours/projet_rubik/projet_rubik/project_rubik/project_rubik.xpr}
INFO: [ProjectBase 1-489] The host OS only allows 260 characters in a normal path. The project is stored in a path with more than 80 characters. If you experience issues with IP, Block Designs, or files not being found, please consider moving the project to a location with a shorter path. Alternately consider using the OS subst command to map part of the path to a drive letter.
Current project path is 'C:/Users/mateo/OneDrive - ozixe/Bureau/Cours/projet_rubik/projet_rubik/project_rubik'
Scanning sources...
Finished scanning sources
WARNING: [filemgmt 56-3] Board Part Repository Path: Could not find the directory 'C:/Users/mateo/AppData/Roaming/Xilinx/Vivado/2019.1/xhub/board_store'.
INFO: [IP_Flow 19-234] Refreshing IP repositories
INFO: [IP_Flow 19-1704] No user IP repositories specified
INFO: [IP_Flow 19-2313] Loaded Vivado IP repository 'C:/Xilinx_2019/Vivado/2019.1/data/ip'.
open_bd_design {C:/Users/mateo/OneDrive - ozixe/Bureau/Cours/projet_rubik/projet_rubik/project_rubik/project_rubik.srcs/sources_1/bd/design1/design1.bd}
Adding component instance block -- xilinx.com:module_ref:memory_reader:1.0 - memory_reader_0
Adding component instance block -- xilinx.com:module_ref:memory:1.0 - memory_0
Adding component instance block -- xilinx.com:module_ref:rubik_resolver:1.0 - rubik_resolver_0
Successfully read diagram <design1> from BD file <C:/Users/mateo/OneDrive - ozixe/Bureau/Cours/projet_rubik/projet_rubik/project_rubik/project_rubik.srcs/sources_1/bd/design1/design1.bd>
update_compile_order -fileset sources_1
startgroup
create_bd_cell -type ip -vlnv xilinx.com:ip:processing_system7:5.5 processing_system7_0
endgroup
startgroup
create_bd_cell -type ip -vlnv xilinx.com:ip:axi_bram_ctrl:4.1 axi_bram_ctrl_0
INFO: [xilinx.com:ip:axi_bram_ctrl:4.1-2] design1_axi_bram_ctrl_0_0: In IP Integrator, please note that memory depth value gets calculated based on the Data Width of the IP and Address range selected in the Address Editor.Incase a validation error occured on the range of this parameter, please check if the selected Data width and the Address Range are valid. For valid Data width and memory depth values, please refer to the AXI BRAM Controller Product Guide.
INFO: [xilinx.com:ip:axi_bram_ctrl:4.1-1] design1_axi_bram_ctrl_0_0: In IP Integrator, The Maximum address range supported is 2G. Selecting the address range more than 2G in the address editor may resets the value of Memory depth to default value (1024). please refer to the AXI BRAM Controller Product Guide.
endgroup
startgroup
create_bd_cell -type ip -vlnv xilinx.com:ip:blk_mem_gen:8.4 blk_mem_gen_0
endgroup
WARNING: [Boardtcl 53-1] No current board_part set.
apply_bd_automation -rule xilinx.com:bd_rule:processing_system7 -config {make_external "FIXED_IO, DDR" Master "Disable" Slave "Disable" }  [get_bd_cells processing_system7_0]
startgroup
apply_bd_automation -rule xilinx.com:bd_rule:axi4 -config { Clk_master {Auto} Clk_slave {Auto} Clk_xbar {Auto} Master {/processing_system7_0/M_AXI_GP0} Slave {/axi_bram_ctrl_0/S_AXI} intc_ip {Auto} master_apm {0}}  [get_bd_intf_pins axi_bram_ctrl_0/S_AXI]
Slave segment </axi_bram_ctrl_0/S_AXI/Mem0> is being mapped into address space </processing_system7_0/Data> at <0x4000_0000 [ 8K ]>
apply_bd_automation -rule xilinx.com:bd_rule:bram_cntlr -config {BRAM "Auto" }  [get_bd_intf_pins axi_bram_ctrl_0/BRAM_PORTA]
apply_bd_automation -rule xilinx.com:bd_rule:bram_cntlr -config {BRAM "Auto" }  [get_bd_intf_pins axi_bram_ctrl_0/BRAM_PORTB]
endgroup
set_property location {3 352 -765} [get_bd_cells blk_mem_gen_0]
WARNING: [IP_Flow 19-465] param 'READ_LATENCY' already exists. Ignoring.
WARNING: [IP_Flow 19-465] param 'RD_CMD_OPTIMIZATION' already exists. Ignoring.
startgroup
set_property -dict [list CONFIG.SINGLE_PORT_BRAM {1}] [get_bd_cells axi_bram_ctrl_0]
delete_bd_objs [get_bd_intf_nets axi_bram_ctrl_0_BRAM_PORTB]
endgroup
regenerate_bd_layout
CRITICAL WARNING: [HDL 9-806] Syntax error near "<=". [C:/Users/mateo/OneDrive - ozixe/Bureau/Cours/projet_rubik/projet_rubik/memory_reader.vhd:57]
CRITICAL WARNING: [HDL 9-806] Syntax error near "if". [C:/Users/mateo/OneDrive - ozixe/Bureau/Cours/projet_rubik/projet_rubik/memory_reader.vhd:70]
CRITICAL WARNING: [HDL 9-806] Syntax error near "<=". [C:/Users/mateo/OneDrive - ozixe/Bureau/Cours/projet_rubik/projet_rubik/memory_reader.vhd:57]
CRITICAL WARNING: [HDL 9-806] Syntax error near "if". [C:/Users/mateo/OneDrive - ozixe/Bureau/Cours/projet_rubik/projet_rubik/memory_reader.vhd:70]
CRITICAL WARNING: [HDL 9-806] Syntax error near "<=". [C:/Users/mateo/OneDrive - ozixe/Bureau/Cours/projet_rubik/projet_rubik/memory_reader.vhd:57]
CRITICAL WARNING: [HDL 9-806] Syntax error near "if". [C:/Users/mateo/OneDrive - ozixe/Bureau/Cours/projet_rubik/projet_rubik/memory_reader.vhd:70]
CRITICAL WARNING: [HDL 9-806] Syntax error near "<=". [C:/Users/mateo/OneDrive - ozixe/Bureau/Cours/projet_rubik/projet_rubik/memory_reader.vhd:57]
CRITICAL WARNING: [HDL 9-806] Syntax error near "if". [C:/Users/mateo/OneDrive - ozixe/Bureau/Cours/projet_rubik/projet_rubik/memory_reader.vhd:70]
delete_bd_objs [get_bd_nets memory_0_o_cmd]
delete_bd_objs [get_bd_nets memory_reader_0_o_addr]
delete_bd_objs [get_bd_cells memory_0]
CRITICAL WARNING: [HDL 9-806] Syntax error near "<=". [C:/Users/mateo/OneDrive - ozixe/Bureau/Cours/projet_rubik/projet_rubik/memory_reader.vhd:57]
CRITICAL WARNING: [HDL 9-806] Syntax error near "if". [C:/Users/mateo/OneDrive - ozixe/Bureau/Cours/projet_rubik/projet_rubik/memory_reader.vhd:70]
CRITICAL WARNING: [HDL 9-806] Syntax error near "<=". [C:/Users/mateo/OneDrive - ozixe/Bureau/Cours/projet_rubik/projet_rubik/memory_reader.vhd:57]
CRITICAL WARNING: [HDL 9-806] Syntax error near "if". [C:/Users/mateo/OneDrive - ozixe/Bureau/Cours/projet_rubik/projet_rubik/memory_reader.vhd:70]
CRITICAL WARNING: [HDL 9-806] Syntax error near "<=". [C:/Users/mateo/OneDrive - ozixe/Bureau/Cours/projet_rubik/projet_rubik/memory_reader.vhd:57]
CRITICAL WARNING: [HDL 9-806] Syntax error near "if". [C:/Users/mateo/OneDrive - ozixe/Bureau/Cours/projet_rubik/projet_rubik/memory_reader.vhd:70]
CRITICAL WARNING: [HDL 9-806] Syntax error near "<=". [C:/Users/mateo/OneDrive - ozixe/Bureau/Cours/projet_rubik/projet_rubik/memory_reader.vhd:57]
CRITICAL WARNING: [HDL 9-806] Syntax error near "if". [C:/Users/mateo/OneDrive - ozixe/Bureau/Cours/projet_rubik/projet_rubik/memory_reader.vhd:70]
update_compile_order -fileset sources_1
CRITICAL WARNING: [HDL 9-806] Syntax error near "<=". [C:/Users/mateo/OneDrive - ozixe/Bureau/Cours/projet_rubik/projet_rubik/memory_reader.vhd:57]
CRITICAL WARNING: [HDL 9-806] Syntax error near "if". [C:/Users/mateo/OneDrive - ozixe/Bureau/Cours/projet_rubik/projet_rubik/memory_reader.vhd:70]
CRITICAL WARNING: [HDL 9-806] Syntax error near "<=". [C:/Users/mateo/OneDrive - ozixe/Bureau/Cours/projet_rubik/projet_rubik/memory_reader.vhd:57]
CRITICAL WARNING: [HDL 9-806] Syntax error near "if". [C:/Users/mateo/OneDrive - ozixe/Bureau/Cours/projet_rubik/projet_rubik/memory_reader.vhd:70]
CRITICAL WARNING: [HDL 9-806] Syntax error near "<=". [C:/Users/mateo/OneDrive - ozixe/Bureau/Cours/projet_rubik/projet_rubik/memory_reader.vhd:57]
CRITICAL WARNING: [HDL 9-806] Syntax error near "if". [C:/Users/mateo/OneDrive - ozixe/Bureau/Cours/projet_rubik/projet_rubik/memory_reader.vhd:70]
update_compile_order -fileset sources_1
save_bd_design
Wrote  : <C:\Users\mateo\OneDrive - ozixe\Bureau\Cours\projet_rubik\projet_rubik\project_rubik\project_rubik.srcs\sources_1\bd\design1\design1.bd> 
Wrote  : <C:/Users/mateo/OneDrive - ozixe/Bureau/Cours/projet_rubik/projet_rubik/project_rubik/project_rubik.srcs/sources_1/bd/design1/ui/bd_83de4e73.ui> 
exit
INFO: [Common 17-206] Exiting Vivado at Fri Mar 28 16:07:39 2025...
