19:59:31 INFO  : Registering command handlers for SDK TCF services
19:59:33 INFO  : Launching XSCT server: xsct.bat -interactive C:\workspace\rubik\project_rubik\project_rubik.sdk\temp_xsdb_launch_script.tcl
19:59:40 INFO  : XSCT server has started successfully.
19:59:41 INFO  : Successfully done setting XSCT server connection channel  
19:59:41 INFO  : Successfully done setting SDK workspace  
19:59:41 INFO  : Processing command line option -hwspec C:/workspace/rubik/project_rubik/project_rubik.sdk/design1_wrapper.hdf.
13:10:57 INFO  : Connected to target on host '127.0.0.1' and port '3121'.
13:10:58 INFO  : 'targets -set -filter {jtag_cable_name =~ "Digilent Zybo 210279777966A" && level==0} -index 1' command is executed.
13:10:59 INFO  : FPGA configured successfully with bitstream "C:/workspace/rubik/project_rubik/project_rubik.sdk/design1_wrapper_hw_platform_0/design1_wrapper.bit"
13:11:59 INFO  : 'targets -set -filter {jtag_cable_name =~ "Digilent Zybo 210279777966A" && level==0} -index 1' command is executed.
13:11:59 INFO  : 'fpga -state' command is executed.
13:11:59 INFO  : Connected to target on host '127.0.0.1' and port '3121'.
13:11:59 INFO  : Jtag cable 'Digilent Zybo 210279777966A' is selected.
13:11:59 INFO  : 'jtag frequency' command is executed.
13:11:59 INFO  : Sourcing of 'C:/workspace/rubik/project_rubik/project_rubik.sdk/design1_wrapper_hw_platform_0/ps7_init.tcl' is done.
13:11:59 INFO  : Context for 'APU' is selected.
13:12:00 INFO  : Hardware design information is loaded from 'C:/workspace/rubik/project_rubik/project_rubik.sdk/design1_wrapper_hw_platform_0/system.hdf'.
13:12:00 INFO  : 'configparams force-mem-access 1' command is executed.
13:12:00 INFO  : Context for 'APU' is selected.
13:12:00 INFO  : 'stop' command is executed.
13:12:00 INFO  : 'ps7_init' command is executed.
13:12:00 INFO  : 'ps7_post_config' command is executed.
13:12:00 INFO  : Context for processor 'ps7_cortexa9_0' is selected.
13:12:01 INFO  : Processor reset is completed for 'ps7_cortexa9_0'.
13:12:01 INFO  : Context for processor 'ps7_cortexa9_0' is selected.
13:12:01 INFO  : The application 'C:/workspace/rubik/project_rubik/project_rubik.sdk/BRAM_Filler/Debug/BRAM_Filler.elf' is downloaded to processor 'ps7_cortexa9_0'.
13:12:01 INFO  : 'configparams force-mem-access 0' command is executed.
13:12:01 INFO  : ----------------XSDB Script----------------
connect -url tcp:127.0.0.1:3121
source C:/workspace/rubik/project_rubik/project_rubik.sdk/design1_wrapper_hw_platform_0/ps7_init.tcl
targets -set -nocase -filter {name =~"APU*" && jtag_cable_name =~ "Digilent Zybo 210279777966A"} -index 0
loadhw -hw C:/workspace/rubik/project_rubik/project_rubik.sdk/design1_wrapper_hw_platform_0/system.hdf -mem-ranges [list {0x40000000 0xbfffffff}]
configparams force-mem-access 1
targets -set -nocase -filter {name =~"APU*" && jtag_cable_name =~ "Digilent Zybo 210279777966A"} -index 0
stop
ps7_init
ps7_post_config
targets -set -nocase -filter {name =~ "ARM*#0" && jtag_cable_name =~ "Digilent Zybo 210279777966A"} -index 0
rst -processor
targets -set -nocase -filter {name =~ "ARM*#0" && jtag_cable_name =~ "Digilent Zybo 210279777966A"} -index 0
dow C:/workspace/rubik/project_rubik/project_rubik.sdk/BRAM_Filler/Debug/BRAM_Filler.elf
configparams force-mem-access 0
----------------End of Script----------------

13:12:01 INFO  : Memory regions updated for context APU
13:12:01 INFO  : Context for processor 'ps7_cortexa9_0' is selected.
13:12:01 INFO  : 'con' command is executed.
13:12:01 INFO  : ----------------XSDB Script (After Launch)----------------
targets -set -nocase -filter {name =~ "ARM*#0" && jtag_cable_name =~ "Digilent Zybo 210279777966A"} -index 0
con
----------------End of Script----------------

13:12:01 INFO  : Launch script is exported to file 'C:\workspace\rubik\project_rubik\project_rubik.sdk\.sdk\launch_scripts\xilinx_c-c++_application_(system_debugger)\system_debugger_using_debug_bram_filler.elf_on_local.tcl'
13:13:44 INFO  : Connected to target on host '127.0.0.1' and port '3121'.
13:13:56 INFO  : Connected to target on host '127.0.0.1' and port '3121'.
13:13:56 INFO  : 'targets -set -filter {jtag_cable_name =~ "Digilent Zybo 210279777966A" && level==0} -index 1' command is executed.
13:13:58 INFO  : FPGA configured successfully with bitstream "C:/workspace/rubik/project_rubik/project_rubik.sdk/design1_wrapper_hw_platform_0/design1_wrapper.bit"
13:14:27 INFO  : Disconnected from the channel tcfchan#1.
13:14:28 INFO  : 'targets -set -filter {jtag_cable_name =~ "Digilent Zybo 210279777966A" && level==0} -index 1' command is executed.
13:14:28 INFO  : 'fpga -state' command is executed.
13:14:28 INFO  : Connected to target on host '127.0.0.1' and port '3121'.
13:14:28 INFO  : Jtag cable 'Digilent Zybo 210279777966A' is selected.
13:14:28 INFO  : 'jtag frequency' command is executed.
13:14:28 INFO  : Sourcing of 'C:/workspace/rubik/project_rubik/project_rubik.sdk/design1_wrapper_hw_platform_0/ps7_init.tcl' is done.
13:14:28 INFO  : Context for 'APU' is selected.
13:14:30 INFO  : Hardware design information is loaded from 'C:/workspace/rubik/project_rubik/project_rubik.sdk/design1_wrapper_hw_platform_0/system.hdf'.
13:14:30 INFO  : 'configparams force-mem-access 1' command is executed.
13:14:30 INFO  : Context for 'APU' is selected.
13:14:31 INFO  : 'stop' command is executed.
13:14:31 ERROR : Memory read error at 0xF8007080. AHB AP transaction error, DAP status f0000021
13:14:31 INFO  : ----------------XSDB Script----------------
connect -url tcp:127.0.0.1:3121
source C:/workspace/rubik/project_rubik/project_rubik.sdk/design1_wrapper_hw_platform_0/ps7_init.tcl
targets -set -nocase -filter {name =~"APU*" && jtag_cable_name =~ "Digilent Zybo 210279777966A"} -index 0
loadhw -hw C:/workspace/rubik/project_rubik/project_rubik.sdk/design1_wrapper_hw_platform_0/system.hdf -mem-ranges [list {0x40000000 0xbfffffff}]
configparams force-mem-access 1
targets -set -nocase -filter {name =~"APU*" && jtag_cable_name =~ "Digilent Zybo 210279777966A"} -index 0
stop
ps7_init
----------------End of Script----------------

13:14:42 INFO  : 'targets -set -filter {jtag_cable_name =~ "Digilent Zybo 210279777966A" && level==0} -index 1' command is executed.
13:14:42 INFO  : 'fpga -state' command is executed.
13:14:42 INFO  : Connected to target on host '127.0.0.1' and port '3121'.
13:14:43 INFO  : Jtag cable 'Digilent Zybo 210279777966A' is selected.
13:14:43 INFO  : 'jtag frequency' command is executed.
13:14:43 INFO  : Sourcing of 'C:/workspace/rubik/project_rubik/project_rubik.sdk/design1_wrapper_hw_platform_0/ps7_init.tcl' is done.
13:14:43 INFO  : Context for 'APU' is selected.
13:14:43 INFO  : Hardware design information is loaded from 'C:/workspace/rubik/project_rubik/project_rubik.sdk/design1_wrapper_hw_platform_0/system.hdf'.
13:14:43 INFO  : 'configparams force-mem-access 1' command is executed.
13:14:43 INFO  : Context for 'APU' is selected.
13:14:43 INFO  : 'stop' command is executed.
13:14:43 ERROR : AP transaction error, DAP status f0000021
13:14:43 INFO  : ----------------XSDB Script----------------
connect -url tcp:127.0.0.1:3121
source C:/workspace/rubik/project_rubik/project_rubik.sdk/design1_wrapper_hw_platform_0/ps7_init.tcl
targets -set -nocase -filter {name =~"APU*" && jtag_cable_name =~ "Digilent Zybo 210279777966A"} -index 0
loadhw -hw C:/workspace/rubik/project_rubik/project_rubik.sdk/design1_wrapper_hw_platform_0/system.hdf -mem-ranges [list {0x40000000 0xbfffffff}]
configparams force-mem-access 1
targets -set -nocase -filter {name =~"APU*" && jtag_cable_name =~ "Digilent Zybo 210279777966A"} -index 0
stop
ps7_init
----------------End of Script----------------

13:22:25 INFO  : Connected to target on host '127.0.0.1' and port '3121'.
13:22:25 INFO  : 'targets -set -filter {jtag_cable_name =~ "Digilent Zybo 210279777966A" && level==0} -index 1' command is executed.
13:22:28 ERROR : fpga configuration failed. DONE PIN is not HIGH
13:22:42 INFO  : Connected to target on host '127.0.0.1' and port '3121'.
13:22:42 INFO  : 'targets -set -filter {jtag_cable_name =~ "Digilent Zybo 210279777966A" && level==0} -index 1' command is executed.
13:22:43 INFO  : FPGA configured successfully with bitstream "C:/workspace/rubik/project_rubik/project_rubik.sdk/design1_wrapper_hw_platform_0/design1_wrapper.bit"
13:22:59 INFO  : 'targets -set -filter {jtag_cable_name =~ "Digilent Zybo 210279777966A" && level==0} -index 1' command is executed.
13:22:59 INFO  : 'fpga -state' command is executed.
13:22:59 INFO  : Connected to target on host '127.0.0.1' and port '3121'.
13:22:59 INFO  : Jtag cable 'Digilent Zybo 210279777966A' is selected.
13:22:59 INFO  : 'jtag frequency' command is executed.
13:22:59 INFO  : Sourcing of 'C:/workspace/rubik/project_rubik/project_rubik.sdk/design1_wrapper_hw_platform_0/ps7_init.tcl' is done.
13:22:59 INFO  : Context for 'APU' is selected.
13:22:59 INFO  : Hardware design information is loaded from 'C:/workspace/rubik/project_rubik/project_rubik.sdk/design1_wrapper_hw_platform_0/system.hdf'.
13:22:59 INFO  : 'configparams force-mem-access 1' command is executed.
13:22:59 INFO  : Context for 'APU' is selected.
13:23:00 INFO  : 'stop' command is executed.
13:23:00 INFO  : 'ps7_init' command is executed.
13:23:00 INFO  : 'ps7_post_config' command is executed.
13:23:00 INFO  : Context for processor 'ps7_cortexa9_0' is selected.
13:23:00 INFO  : Processor reset is completed for 'ps7_cortexa9_0'.
13:23:00 INFO  : Context for processor 'ps7_cortexa9_0' is selected.
13:23:00 INFO  : The application 'C:/workspace/rubik/project_rubik/project_rubik.sdk/BRAM_Filler/Debug/BRAM_Filler.elf' is downloaded to processor 'ps7_cortexa9_0'.
13:23:00 INFO  : 'configparams force-mem-access 0' command is executed.
13:23:00 INFO  : ----------------XSDB Script----------------
connect -url tcp:127.0.0.1:3121
source C:/workspace/rubik/project_rubik/project_rubik.sdk/design1_wrapper_hw_platform_0/ps7_init.tcl
targets -set -nocase -filter {name =~"APU*" && jtag_cable_name =~ "Digilent Zybo 210279777966A"} -index 0
loadhw -hw C:/workspace/rubik/project_rubik/project_rubik.sdk/design1_wrapper_hw_platform_0/system.hdf -mem-ranges [list {0x40000000 0xbfffffff}]
configparams force-mem-access 1
targets -set -nocase -filter {name =~"APU*" && jtag_cable_name =~ "Digilent Zybo 210279777966A"} -index 0
stop
ps7_init
ps7_post_config
targets -set -nocase -filter {name =~ "ARM*#0" && jtag_cable_name =~ "Digilent Zybo 210279777966A"} -index 0
rst -processor
targets -set -nocase -filter {name =~ "ARM*#0" && jtag_cable_name =~ "Digilent Zybo 210279777966A"} -index 0
dow C:/workspace/rubik/project_rubik/project_rubik.sdk/BRAM_Filler/Debug/BRAM_Filler.elf
configparams force-mem-access 0
----------------End of Script----------------

13:23:01 INFO  : Memory regions updated for context APU
13:23:01 INFO  : Context for processor 'ps7_cortexa9_0' is selected.
13:23:01 INFO  : 'con' command is executed.
13:23:01 INFO  : ----------------XSDB Script (After Launch)----------------
targets -set -nocase -filter {name =~ "ARM*#0" && jtag_cable_name =~ "Digilent Zybo 210279777966A"} -index 0
con
----------------End of Script----------------

13:23:01 INFO  : Launch script is exported to file 'C:\workspace\rubik\project_rubik\project_rubik.sdk\.sdk\launch_scripts\xilinx_c-c++_application_(system_debugger)\system_debugger_using_debug_bram_filler.elf_on_local.tcl'
13:24:09 INFO  : Disconnected from the channel tcfchan#2.
13:24:10 INFO  : 'targets -set -filter {jtag_cable_name =~ "Digilent Zybo 210279777966A" && level==0} -index 1' command is executed.
13:24:10 INFO  : 'fpga -state' command is executed.
13:24:10 INFO  : Connected to target on host '127.0.0.1' and port '3121'.
13:24:10 INFO  : Jtag cable 'Digilent Zybo 210279777966A' is selected.
13:24:10 INFO  : 'jtag frequency' command is executed.
13:24:10 INFO  : Sourcing of 'C:/workspace/rubik/project_rubik/project_rubik.sdk/design1_wrapper_hw_platform_0/ps7_init.tcl' is done.
13:24:10 INFO  : Context for 'APU' is selected.
13:24:12 INFO  : Hardware design information is loaded from 'C:/workspace/rubik/project_rubik/project_rubik.sdk/design1_wrapper_hw_platform_0/system.hdf'.
13:24:12 INFO  : 'configparams force-mem-access 1' command is executed.
13:24:12 INFO  : Context for 'APU' is selected.
13:24:12 INFO  : 'stop' command is executed.
13:24:12 INFO  : 'ps7_init' command is executed.
13:24:12 INFO  : 'ps7_post_config' command is executed.
13:24:13 INFO  : Context for processor 'ps7_cortexa9_0' is selected.
13:24:13 INFO  : Processor reset is completed for 'ps7_cortexa9_0'.
13:24:13 INFO  : Context for processor 'ps7_cortexa9_0' is selected.
13:24:13 INFO  : The application 'C:/workspace/rubik/project_rubik/project_rubik.sdk/BRAM_Filler/Debug/BRAM_Filler.elf' is downloaded to processor 'ps7_cortexa9_0'.
13:24:13 INFO  : 'configparams force-mem-access 0' command is executed.
13:24:13 INFO  : ----------------XSDB Script----------------
connect -url tcp:127.0.0.1:3121
source C:/workspace/rubik/project_rubik/project_rubik.sdk/design1_wrapper_hw_platform_0/ps7_init.tcl
targets -set -nocase -filter {name =~"APU*" && jtag_cable_name =~ "Digilent Zybo 210279777966A"} -index 0
loadhw -hw C:/workspace/rubik/project_rubik/project_rubik.sdk/design1_wrapper_hw_platform_0/system.hdf -mem-ranges [list {0x40000000 0xbfffffff}]
configparams force-mem-access 1
targets -set -nocase -filter {name =~"APU*" && jtag_cable_name =~ "Digilent Zybo 210279777966A"} -index 0
stop
ps7_init
ps7_post_config
targets -set -nocase -filter {name =~ "ARM*#0" && jtag_cable_name =~ "Digilent Zybo 210279777966A"} -index 0
rst -processor
targets -set -nocase -filter {name =~ "ARM*#0" && jtag_cable_name =~ "Digilent Zybo 210279777966A"} -index 0
dow C:/workspace/rubik/project_rubik/project_rubik.sdk/BRAM_Filler/Debug/BRAM_Filler.elf
configparams force-mem-access 0
----------------End of Script----------------

13:24:13 INFO  : Memory regions updated for context APU
13:24:13 INFO  : Context for processor 'ps7_cortexa9_0' is selected.
13:24:13 INFO  : 'con' command is executed.
13:24:13 INFO  : ----------------XSDB Script (After Launch)----------------
targets -set -nocase -filter {name =~ "ARM*#0" && jtag_cable_name =~ "Digilent Zybo 210279777966A"} -index 0
con
----------------End of Script----------------

13:24:13 INFO  : Launch script is exported to file 'C:\workspace\rubik\project_rubik\project_rubik.sdk\.sdk\launch_scripts\xilinx_c-c++_application_(system_debugger)\system_debugger_using_debug_bram_filler.elf_on_local.tcl'
13:32:39 INFO  : No changes in MSS file content so not generating sources.
13:32:54 INFO  : Disconnected from the channel tcfchan#3.
09:16:03 INFO  : Launching XSCT server: xsct.bat -interactive C:\workspace\rubik\project_rubik\project_rubik.sdk\temp_xsdb_launch_script.tcl
09:16:08 INFO  : XSCT server has started successfully.
09:16:08 INFO  : Successfully done setting XSCT server connection channel  
09:16:14 INFO  : Successfully done setting SDK workspace  
09:16:23 INFO  : Registering command handlers for SDK TCF services
09:16:23 INFO  : Processing command line option -hwspec C:/workspace/rubik/project_rubik/project_rubik.sdk/design1_wrapper.hdf.
09:16:23 INFO  : Checking for hwspec changes in the project design1_wrapper_hw_platform_0.
09:16:23 INFO  : SDK has detected change in the last modified timestamps for source hardware specification file Source:1743664149090,  Project:1743252641595
09:16:23 INFO  : The hardware specification for project 'design1_wrapper_hw_platform_0' is different from C:/workspace/rubik/project_rubik/project_rubik.sdk/design1_wrapper.hdf.
09:16:23 INFO  : Copied contents of C:/workspace/rubik/project_rubik/project_rubik.sdk/design1_wrapper.hdf into \design1_wrapper_hw_platform_0\system.hdf.
09:16:26 INFO  : Synchronizing projects in the workspace with the hardware platform specification changes.
09:16:29 INFO  : 
09:16:30 INFO  : Updating hardware inferred compiler options for BRAM_Filler.
09:16:30 INFO  : Clearing existing target manager status.
09:16:30 INFO  : Closing and re-opening the MSS file of ther project BRAM_Filler_bsp
09:16:31 INFO  : Workspace synchronized with the new hardware specification file. Cleaning dependent projects...
09:16:33 WARN  : Linker script will not be updated automatically. Users need to update it manually.
