19:59:31 INFO  : Registering command handlers for SDK TCF services
19:59:33 INFO  : Launching XSCT server: xsct.bat -interactive C:\workspace\rubik\project_rubik\project_rubik.sdk\temp_xsdb_launch_script.tcl
19:59:40 INFO  : XSCT server has started successfully.
19:59:41 INFO  : Successfully done setting XSCT server connection channel  
19:59:41 INFO  : Successfully done setting SDK workspace  
19:59:41 INFO  : Processing command line option -hwspec C:/workspace/rubik/project_rubik/project_rubik.sdk/design1_wrapper.hdf.
13:10:57 INFO  : Connected to target on host '127.0.0.1' and port '3121'.
13:10:58 INFO  : 'targets -set -filter {jtag_cable_name =~ "Digilent Zybo 210279777966A" && level==0} -index 1' command is executed.
13:10:59 INFO  : FPGA configured successfully with bitstream "C:/workspace/rubik/project_rubik/project_rubik.sdk/design1_wrapper_hw_platform_0/design1_wrapper.bit"
13:11:59 INFO  : 'targets -set -filter {jtag_cable_name =~ "Digilent Zybo 210279777966A" && level==0} -index 1' command is executed.
13:11:59 INFO  : 'fpga -state' command is executed.
13:11:59 INFO  : Connected to target on host '127.0.0.1' and port '3121'.
13:11:59 INFO  : Jtag cable 'Digilent Zybo 210279777966A' is selected.
13:11:59 INFO  : 'jtag frequency' command is executed.
13:11:59 INFO  : Sourcing of 'C:/workspace/rubik/project_rubik/project_rubik.sdk/design1_wrapper_hw_platform_0/ps7_init.tcl' is done.
13:11:59 INFO  : Context for 'APU' is selected.
13:12:00 INFO  : Hardware design information is loaded from 'C:/workspace/rubik/project_rubik/project_rubik.sdk/design1_wrapper_hw_platform_0/system.hdf'.
13:12:00 INFO  : 'configparams force-mem-access 1' command is executed.
13:12:00 INFO  : Context for 'APU' is selected.
13:12:00 INFO  : 'stop' command is executed.
13:12:00 INFO  : 'ps7_init' command is executed.
13:12:00 INFO  : 'ps7_post_config' command is executed.
13:12:00 INFO  : Context for processor 'ps7_cortexa9_0' is selected.
13:12:01 INFO  : Processor reset is completed for 'ps7_cortexa9_0'.
13:12:01 INFO  : Context for processor 'ps7_cortexa9_0' is selected.
13:12:01 INFO  : The application 'C:/workspace/rubik/project_rubik/project_rubik.sdk/BRAM_Filler/Debug/BRAM_Filler.elf' is downloaded to processor 'ps7_cortexa9_0'.
13:12:01 INFO  : 'configparams force-mem-access 0' command is executed.
13:12:01 INFO  : ----------------XSDB Script----------------
connect -url tcp:127.0.0.1:3121
source C:/workspace/rubik/project_rubik/project_rubik.sdk/design1_wrapper_hw_platform_0/ps7_init.tcl
targets -set -nocase -filter {name =~"APU*" && jtag_cable_name =~ "Digilent Zybo 210279777966A"} -index 0
loadhw -hw C:/workspace/rubik/project_rubik/project_rubik.sdk/design1_wrapper_hw_platform_0/system.hdf -mem-ranges [list {0x40000000 0xbfffffff}]
configparams force-mem-access 1
targets -set -nocase -filter {name =~"APU*" && jtag_cable_name =~ "Digilent Zybo 210279777966A"} -index 0
stop
ps7_init
ps7_post_config
targets -set -nocase -filter {name =~ "ARM*#0" && jtag_cable_name =~ "Digilent Zybo 210279777966A"} -index 0
rst -processor
targets -set -nocase -filter {name =~ "ARM*#0" && jtag_cable_name =~ "Digilent Zybo 210279777966A"} -index 0
dow C:/workspace/rubik/project_rubik/project_rubik.sdk/BRAM_Filler/Debug/BRAM_Filler.elf
configparams force-mem-access 0
----------------End of Script----------------

13:12:01 INFO  : Memory regions updated for context APU
13:12:01 INFO  : Context for processor 'ps7_cortexa9_0' is selected.
13:12:01 INFO  : 'con' command is executed.
13:12:01 INFO  : ----------------XSDB Script (After Launch)----------------
targets -set -nocase -filter {name =~ "ARM*#0" && jtag_cable_name =~ "Digilent Zybo 210279777966A"} -index 0
con
----------------End of Script----------------

13:12:01 INFO  : Launch script is exported to file 'C:\workspace\rubik\project_rubik\project_rubik.sdk\.sdk\launch_scripts\xilinx_c-c++_application_(system_debugger)\system_debugger_using_debug_bram_filler.elf_on_local.tcl'
13:13:44 INFO  : Connected to target on host '127.0.0.1' and port '3121'.
13:13:56 INFO  : Connected to target on host '127.0.0.1' and port '3121'.
13:13:56 INFO  : 'targets -set -filter {jtag_cable_name =~ "Digilent Zybo 210279777966A" && level==0} -index 1' command is executed.
13:13:58 INFO  : FPGA configured successfully with bitstream "C:/workspace/rubik/project_rubik/project_rubik.sdk/design1_wrapper_hw_platform_0/design1_wrapper.bit"
13:14:27 INFO  : Disconnected from the channel tcfchan#1.
13:14:28 INFO  : 'targets -set -filter {jtag_cable_name =~ "Digilent Zybo 210279777966A" && level==0} -index 1' command is executed.
13:14:28 INFO  : 'fpga -state' command is executed.
13:14:28 INFO  : Connected to target on host '127.0.0.1' and port '3121'.
13:14:28 INFO  : Jtag cable 'Digilent Zybo 210279777966A' is selected.
13:14:28 INFO  : 'jtag frequency' command is executed.
13:14:28 INFO  : Sourcing of 'C:/workspace/rubik/project_rubik/project_rubik.sdk/design1_wrapper_hw_platform_0/ps7_init.tcl' is done.
13:14:28 INFO  : Context for 'APU' is selected.
13:14:30 INFO  : Hardware design information is loaded from 'C:/workspace/rubik/project_rubik/project_rubik.sdk/design1_wrapper_hw_platform_0/system.hdf'.
13:14:30 INFO  : 'configparams force-mem-access 1' command is executed.
13:14:30 INFO  : Context for 'APU' is selected.
13:14:31 INFO  : 'stop' command is executed.
13:14:31 ERROR : Memory read error at 0xF8007080. AHB AP transaction error, DAP status f0000021
13:14:31 INFO  : ----------------XSDB Script----------------
connect -url tcp:127.0.0.1:3121
source C:/workspace/rubik/project_rubik/project_rubik.sdk/design1_wrapper_hw_platform_0/ps7_init.tcl
targets -set -nocase -filter {name =~"APU*" && jtag_cable_name =~ "Digilent Zybo 210279777966A"} -index 0
loadhw -hw C:/workspace/rubik/project_rubik/project_rubik.sdk/design1_wrapper_hw_platform_0/system.hdf -mem-ranges [list {0x40000000 0xbfffffff}]
configparams force-mem-access 1
targets -set -nocase -filter {name =~"APU*" && jtag_cable_name =~ "Digilent Zybo 210279777966A"} -index 0
stop
ps7_init
----------------End of Script----------------

13:14:42 INFO  : 'targets -set -filter {jtag_cable_name =~ "Digilent Zybo 210279777966A" && level==0} -index 1' command is executed.
13:14:42 INFO  : 'fpga -state' command is executed.
13:14:42 INFO  : Connected to target on host '127.0.0.1' and port '3121'.
13:14:43 INFO  : Jtag cable 'Digilent Zybo 210279777966A' is selected.
13:14:43 INFO  : 'jtag frequency' command is executed.
13:14:43 INFO  : Sourcing of 'C:/workspace/rubik/project_rubik/project_rubik.sdk/design1_wrapper_hw_platform_0/ps7_init.tcl' is done.
13:14:43 INFO  : Context for 'APU' is selected.
13:14:43 INFO  : Hardware design information is loaded from 'C:/workspace/rubik/project_rubik/project_rubik.sdk/design1_wrapper_hw_platform_0/system.hdf'.
13:14:43 INFO  : 'configparams force-mem-access 1' command is executed.
13:14:43 INFO  : Context for 'APU' is selected.
13:14:43 INFO  : 'stop' command is executed.
13:14:43 ERROR : AP transaction error, DAP status f0000021
13:14:43 INFO  : ----------------XSDB Script----------------
connect -url tcp:127.0.0.1:3121
source C:/workspace/rubik/project_rubik/project_rubik.sdk/design1_wrapper_hw_platform_0/ps7_init.tcl
targets -set -nocase -filter {name =~"APU*" && jtag_cable_name =~ "Digilent Zybo 210279777966A"} -index 0
loadhw -hw C:/workspace/rubik/project_rubik/project_rubik.sdk/design1_wrapper_hw_platform_0/system.hdf -mem-ranges [list {0x40000000 0xbfffffff}]
configparams force-mem-access 1
targets -set -nocase -filter {name =~"APU*" && jtag_cable_name =~ "Digilent Zybo 210279777966A"} -index 0
stop
ps7_init
----------------End of Script----------------

13:22:25 INFO  : Connected to target on host '127.0.0.1' and port '3121'.
13:22:25 INFO  : 'targets -set -filter {jtag_cable_name =~ "Digilent Zybo 210279777966A" && level==0} -index 1' command is executed.
13:22:28 ERROR : fpga configuration failed. DONE PIN is not HIGH
13:22:42 INFO  : Connected to target on host '127.0.0.1' and port '3121'.
13:22:42 INFO  : 'targets -set -filter {jtag_cable_name =~ "Digilent Zybo 210279777966A" && level==0} -index 1' command is executed.
13:22:43 INFO  : FPGA configured successfully with bitstream "C:/workspace/rubik/project_rubik/project_rubik.sdk/design1_wrapper_hw_platform_0/design1_wrapper.bit"
13:22:59 INFO  : 'targets -set -filter {jtag_cable_name =~ "Digilent Zybo 210279777966A" && level==0} -index 1' command is executed.
13:22:59 INFO  : 'fpga -state' command is executed.
13:22:59 INFO  : Connected to target on host '127.0.0.1' and port '3121'.
13:22:59 INFO  : Jtag cable 'Digilent Zybo 210279777966A' is selected.
13:22:59 INFO  : 'jtag frequency' command is executed.
13:22:59 INFO  : Sourcing of 'C:/workspace/rubik/project_rubik/project_rubik.sdk/design1_wrapper_hw_platform_0/ps7_init.tcl' is done.
13:22:59 INFO  : Context for 'APU' is selected.
13:22:59 INFO  : Hardware design information is loaded from 'C:/workspace/rubik/project_rubik/project_rubik.sdk/design1_wrapper_hw_platform_0/system.hdf'.
13:22:59 INFO  : 'configparams force-mem-access 1' command is executed.
13:22:59 INFO  : Context for 'APU' is selected.
13:23:00 INFO  : 'stop' command is executed.
13:23:00 INFO  : 'ps7_init' command is executed.
13:23:00 INFO  : 'ps7_post_config' command is executed.
13:23:00 INFO  : Context for processor 'ps7_cortexa9_0' is selected.
13:23:00 INFO  : Processor reset is completed for 'ps7_cortexa9_0'.
13:23:00 INFO  : Context for processor 'ps7_cortexa9_0' is selected.
13:23:00 INFO  : The application 'C:/workspace/rubik/project_rubik/project_rubik.sdk/BRAM_Filler/Debug/BRAM_Filler.elf' is downloaded to processor 'ps7_cortexa9_0'.
13:23:00 INFO  : 'configparams force-mem-access 0' command is executed.
13:23:00 INFO  : ----------------XSDB Script----------------
connect -url tcp:127.0.0.1:3121
source C:/workspace/rubik/project_rubik/project_rubik.sdk/design1_wrapper_hw_platform_0/ps7_init.tcl
targets -set -nocase -filter {name =~"APU*" && jtag_cable_name =~ "Digilent Zybo 210279777966A"} -index 0
loadhw -hw C:/workspace/rubik/project_rubik/project_rubik.sdk/design1_wrapper_hw_platform_0/system.hdf -mem-ranges [list {0x40000000 0xbfffffff}]
configparams force-mem-access 1
targets -set -nocase -filter {name =~"APU*" && jtag_cable_name =~ "Digilent Zybo 210279777966A"} -index 0
stop
ps7_init
ps7_post_config
targets -set -nocase -filter {name =~ "ARM*#0" && jtag_cable_name =~ "Digilent Zybo 210279777966A"} -index 0
rst -processor
targets -set -nocase -filter {name =~ "ARM*#0" && jtag_cable_name =~ "Digilent Zybo 210279777966A"} -index 0
dow C:/workspace/rubik/project_rubik/project_rubik.sdk/BRAM_Filler/Debug/BRAM_Filler.elf
configparams force-mem-access 0
----------------End of Script----------------

13:23:01 INFO  : Memory regions updated for context APU
13:23:01 INFO  : Context for processor 'ps7_cortexa9_0' is selected.
13:23:01 INFO  : 'con' command is executed.
13:23:01 INFO  : ----------------XSDB Script (After Launch)----------------
targets -set -nocase -filter {name =~ "ARM*#0" && jtag_cable_name =~ "Digilent Zybo 210279777966A"} -index 0
con
----------------End of Script----------------

13:23:01 INFO  : Launch script is exported to file 'C:\workspace\rubik\project_rubik\project_rubik.sdk\.sdk\launch_scripts\xilinx_c-c++_application_(system_debugger)\system_debugger_using_debug_bram_filler.elf_on_local.tcl'
13:24:09 INFO  : Disconnected from the channel tcfchan#2.
13:24:10 INFO  : 'targets -set -filter {jtag_cable_name =~ "Digilent Zybo 210279777966A" && level==0} -index 1' command is executed.
13:24:10 INFO  : 'fpga -state' command is executed.
13:24:10 INFO  : Connected to target on host '127.0.0.1' and port '3121'.
13:24:10 INFO  : Jtag cable 'Digilent Zybo 210279777966A' is selected.
13:24:10 INFO  : 'jtag frequency' command is executed.
13:24:10 INFO  : Sourcing of 'C:/workspace/rubik/project_rubik/project_rubik.sdk/design1_wrapper_hw_platform_0/ps7_init.tcl' is done.
13:24:10 INFO  : Context for 'APU' is selected.
13:24:12 INFO  : Hardware design information is loaded from 'C:/workspace/rubik/project_rubik/project_rubik.sdk/design1_wrapper_hw_platform_0/system.hdf'.
13:24:12 INFO  : 'configparams force-mem-access 1' command is executed.
13:24:12 INFO  : Context for 'APU' is selected.
13:24:12 INFO  : 'stop' command is executed.
13:24:12 INFO  : 'ps7_init' command is executed.
13:24:12 INFO  : 'ps7_post_config' command is executed.
13:24:13 INFO  : Context for processor 'ps7_cortexa9_0' is selected.
13:24:13 INFO  : Processor reset is completed for 'ps7_cortexa9_0'.
13:24:13 INFO  : Context for processor 'ps7_cortexa9_0' is selected.
13:24:13 INFO  : The application 'C:/workspace/rubik/project_rubik/project_rubik.sdk/BRAM_Filler/Debug/BRAM_Filler.elf' is downloaded to processor 'ps7_cortexa9_0'.
13:24:13 INFO  : 'configparams force-mem-access 0' command is executed.
13:24:13 INFO  : ----------------XSDB Script----------------
connect -url tcp:127.0.0.1:3121
source C:/workspace/rubik/project_rubik/project_rubik.sdk/design1_wrapper_hw_platform_0/ps7_init.tcl
targets -set -nocase -filter {name =~"APU*" && jtag_cable_name =~ "Digilent Zybo 210279777966A"} -index 0
loadhw -hw C:/workspace/rubik/project_rubik/project_rubik.sdk/design1_wrapper_hw_platform_0/system.hdf -mem-ranges [list {0x40000000 0xbfffffff}]
configparams force-mem-access 1
targets -set -nocase -filter {name =~"APU*" && jtag_cable_name =~ "Digilent Zybo 210279777966A"} -index 0
stop
ps7_init
ps7_post_config
targets -set -nocase -filter {name =~ "ARM*#0" && jtag_cable_name =~ "Digilent Zybo 210279777966A"} -index 0
rst -processor
targets -set -nocase -filter {name =~ "ARM*#0" && jtag_cable_name =~ "Digilent Zybo 210279777966A"} -index 0
dow C:/workspace/rubik/project_rubik/project_rubik.sdk/BRAM_Filler/Debug/BRAM_Filler.elf
configparams force-mem-access 0
----------------End of Script----------------

13:24:13 INFO  : Memory regions updated for context APU
13:24:13 INFO  : Context for processor 'ps7_cortexa9_0' is selected.
13:24:13 INFO  : 'con' command is executed.
13:24:13 INFO  : ----------------XSDB Script (After Launch)----------------
targets -set -nocase -filter {name =~ "ARM*#0" && jtag_cable_name =~ "Digilent Zybo 210279777966A"} -index 0
con
----------------End of Script----------------

13:24:13 INFO  : Launch script is exported to file 'C:\workspace\rubik\project_rubik\project_rubik.sdk\.sdk\launch_scripts\xilinx_c-c++_application_(system_debugger)\system_debugger_using_debug_bram_filler.elf_on_local.tcl'
13:32:39 INFO  : No changes in MSS file content so not generating sources.
13:32:54 INFO  : Disconnected from the channel tcfchan#3.
09:16:03 INFO  : Launching XSCT server: xsct.bat -interactive C:\workspace\rubik\project_rubik\project_rubik.sdk\temp_xsdb_launch_script.tcl
09:16:08 INFO  : XSCT server has started successfully.
09:16:08 INFO  : Successfully done setting XSCT server connection channel  
09:16:14 INFO  : Successfully done setting SDK workspace  
09:16:23 INFO  : Registering command handlers for SDK TCF services
09:16:23 INFO  : Processing command line option -hwspec C:/workspace/rubik/project_rubik/project_rubik.sdk/design1_wrapper.hdf.
09:16:23 INFO  : Checking for hwspec changes in the project design1_wrapper_hw_platform_0.
09:16:23 INFO  : SDK has detected change in the last modified timestamps for source hardware specification file Source:1743664149090,  Project:1743252641595
09:16:23 INFO  : The hardware specification for project 'design1_wrapper_hw_platform_0' is different from C:/workspace/rubik/project_rubik/project_rubik.sdk/design1_wrapper.hdf.
09:16:23 INFO  : Copied contents of C:/workspace/rubik/project_rubik/project_rubik.sdk/design1_wrapper.hdf into \design1_wrapper_hw_platform_0\system.hdf.
09:16:26 INFO  : Synchronizing projects in the workspace with the hardware platform specification changes.
09:16:29 INFO  : 
09:16:30 INFO  : Updating hardware inferred compiler options for BRAM_Filler.
09:16:30 INFO  : Clearing existing target manager status.
09:16:30 INFO  : Closing and re-opening the MSS file of ther project BRAM_Filler_bsp
09:16:31 INFO  : Workspace synchronized with the new hardware specification file. Cleaning dependent projects...
09:16:33 WARN  : Linker script will not be updated automatically. Users need to update it manually.
16:11:20 INFO  : Launching XSCT server: xsct.bat -interactive C:\workspace\rubik\project_rubik\project_rubik.sdk\temp_xsdb_launch_script.tcl
16:11:26 INFO  : XSCT server has started successfully.
16:11:34 INFO  : Successfully done setting XSCT server connection channel  
16:11:34 INFO  : Successfully done setting SDK workspace  
16:11:46 INFO  : Registering command handlers for SDK TCF services
16:11:46 INFO  : Processing command line option -hwspec C:/workspace/rubik/project_rubik/project_rubik.sdk/design1_wrapper.hdf.
16:11:47 INFO  : Checking for hwspec changes in the project design1_wrapper_hw_platform_0.
16:11:47 INFO  : SDK has detected change in the last modified timestamps for source hardware specification file Source:1744294073869,  Project:1743664149090
16:11:47 INFO  : The hardware specification for project 'design1_wrapper_hw_platform_0' is different from C:/workspace/rubik/project_rubik/project_rubik.sdk/design1_wrapper.hdf.
16:11:47 INFO  : Copied contents of C:/workspace/rubik/project_rubik/project_rubik.sdk/design1_wrapper.hdf into \design1_wrapper_hw_platform_0\system.hdf.
16:11:50 INFO  : Synchronizing projects in the workspace with the hardware platform specification changes.
16:11:55 INFO  : 
16:11:57 INFO  : Updating hardware inferred compiler options for BRAM_Filler.
16:11:57 INFO  : Clearing existing target manager status.
16:11:57 INFO  : Closing and re-opening the MSS file of ther project BRAM_Filler_bsp
16:11:59 INFO  : Workspace synchronized with the new hardware specification file. Cleaning dependent projects...
16:12:03 WARN  : Linker script will not be updated automatically. Users need to update it manually.
16:35:14 INFO  : 'targets -set -filter {jtag_cable_name =~ "Digilent Zybo 210279777966A" && level==0} -index 1' command is executed.
16:35:14 INFO  : 'fpga -state' command is executed.
16:35:24 INFO  : Memory regions updated for context APU
16:36:26 INFO  : 'targets -set -filter {jtag_cable_name =~ "Digilent Zybo 210279777966A" && level==0} -index 1' command is executed.
16:36:26 INFO  : 'fpga -state' command is executed.
16:36:26 INFO  : Connected to target on host '127.0.0.1' and port '3121'.
16:36:26 INFO  : Jtag cable 'Digilent Zybo 210279777966A' is selected.
16:36:26 INFO  : 'jtag frequency' command is executed.
16:36:26 INFO  : Sourcing of 'C:/workspace/rubik/project_rubik/project_rubik.sdk/design1_wrapper_hw_platform_0/ps7_init.tcl' is done.
16:36:26 INFO  : Context for 'APU' is selected.
16:36:27 INFO  : Hardware design information is loaded from 'C:/workspace/rubik/project_rubik/project_rubik.sdk/design1_wrapper_hw_platform_0/system.hdf'.
16:36:27 INFO  : 'configparams force-mem-access 1' command is executed.
16:36:27 INFO  : Context for 'APU' is selected.
16:36:27 INFO  : 'stop' command is executed.
16:36:27 INFO  : 'ps7_init' command is executed.
16:36:27 INFO  : 'ps7_post_config' command is executed.
16:36:27 INFO  : Context for processor 'ps7_cortexa9_0' is selected.
16:36:27 INFO  : Processor reset is completed for 'ps7_cortexa9_0'.
16:36:28 INFO  : Context for processor 'ps7_cortexa9_0' is selected.
16:36:28 INFO  : The application 'C:/workspace/rubik/project_rubik/project_rubik.sdk/BRAM_Filler/Debug/BRAM_Filler.elf' is downloaded to processor 'ps7_cortexa9_0'.
16:36:28 INFO  : 'configparams force-mem-access 0' command is executed.
16:36:28 INFO  : ----------------XSDB Script----------------
connect -url tcp:127.0.0.1:3121
source C:/workspace/rubik/project_rubik/project_rubik.sdk/design1_wrapper_hw_platform_0/ps7_init.tcl
targets -set -nocase -filter {name =~"APU*" && jtag_cable_name =~ "Digilent Zybo 210279777966A"} -index 0
loadhw -hw C:/workspace/rubik/project_rubik/project_rubik.sdk/design1_wrapper_hw_platform_0/system.hdf -mem-ranges [list {0x40000000 0xbfffffff}]
configparams force-mem-access 1
targets -set -nocase -filter {name =~"APU*" && jtag_cable_name =~ "Digilent Zybo 210279777966A"} -index 0
stop
ps7_init
ps7_post_config
targets -set -nocase -filter {name =~ "ARM*#0" && jtag_cable_name =~ "Digilent Zybo 210279777966A"} -index 0
rst -processor
targets -set -nocase -filter {name =~ "ARM*#0" && jtag_cable_name =~ "Digilent Zybo 210279777966A"} -index 0
dow C:/workspace/rubik/project_rubik/project_rubik.sdk/BRAM_Filler/Debug/BRAM_Filler.elf
configparams force-mem-access 0
----------------End of Script----------------

16:36:28 INFO  : Memory regions updated for context APU
16:36:28 INFO  : Context for processor 'ps7_cortexa9_0' is selected.
16:36:28 INFO  : 'con' command is executed.
16:36:28 INFO  : ----------------XSDB Script (After Launch)----------------
targets -set -nocase -filter {name =~ "ARM*#0" && jtag_cable_name =~ "Digilent Zybo 210279777966A"} -index 0
con
----------------End of Script----------------

16:36:28 INFO  : Launch script is exported to file 'C:\workspace\rubik\project_rubik\project_rubik.sdk\.sdk\launch_scripts\xilinx_c-c++_application_(system_debugger)\system_debugger_using_debug_bram_filler.elf_on_local.tcl'
16:36:52 INFO  : Disconnected from the channel tcfchan#1.
16:36:53 INFO  : 'targets -set -filter {jtag_cable_name =~ "Digilent Zybo 210279777966A" && level==0} -index 1' command is executed.
16:36:53 INFO  : 'fpga -state' command is executed.
16:36:53 INFO  : Connected to target on host '127.0.0.1' and port '3121'.
16:36:54 INFO  : Jtag cable 'Digilent Zybo 210279777966A' is selected.
16:36:54 INFO  : 'jtag frequency' command is executed.
16:36:54 INFO  : Sourcing of 'C:/workspace/rubik/project_rubik/project_rubik.sdk/design1_wrapper_hw_platform_0/ps7_init.tcl' is done.
16:36:54 INFO  : Context for 'APU' is selected.
16:36:55 INFO  : Hardware design information is loaded from 'C:/workspace/rubik/project_rubik/project_rubik.sdk/design1_wrapper_hw_platform_0/system.hdf'.
16:36:55 INFO  : 'configparams force-mem-access 1' command is executed.
16:36:55 INFO  : Context for 'APU' is selected.
16:36:55 INFO  : 'stop' command is executed.
16:36:56 INFO  : 'ps7_init' command is executed.
16:36:56 INFO  : 'ps7_post_config' command is executed.
16:36:56 INFO  : Context for processor 'ps7_cortexa9_0' is selected.
16:36:56 INFO  : Processor reset is completed for 'ps7_cortexa9_0'.
16:36:56 INFO  : Context for processor 'ps7_cortexa9_0' is selected.
16:36:56 INFO  : The application 'C:/workspace/rubik/project_rubik/project_rubik.sdk/BRAM_Filler/Debug/BRAM_Filler.elf' is downloaded to processor 'ps7_cortexa9_0'.
16:36:56 INFO  : 'configparams force-mem-access 0' command is executed.
16:36:56 INFO  : ----------------XSDB Script----------------
connect -url tcp:127.0.0.1:3121
source C:/workspace/rubik/project_rubik/project_rubik.sdk/design1_wrapper_hw_platform_0/ps7_init.tcl
targets -set -nocase -filter {name =~"APU*" && jtag_cable_name =~ "Digilent Zybo 210279777966A"} -index 0
loadhw -hw C:/workspace/rubik/project_rubik/project_rubik.sdk/design1_wrapper_hw_platform_0/system.hdf -mem-ranges [list {0x40000000 0xbfffffff}]
configparams force-mem-access 1
targets -set -nocase -filter {name =~"APU*" && jtag_cable_name =~ "Digilent Zybo 210279777966A"} -index 0
stop
ps7_init
ps7_post_config
targets -set -nocase -filter {name =~ "ARM*#0" && jtag_cable_name =~ "Digilent Zybo 210279777966A"} -index 0
rst -processor
targets -set -nocase -filter {name =~ "ARM*#0" && jtag_cable_name =~ "Digilent Zybo 210279777966A"} -index 0
dow C:/workspace/rubik/project_rubik/project_rubik.sdk/BRAM_Filler/Debug/BRAM_Filler.elf
configparams force-mem-access 0
----------------End of Script----------------

16:36:57 INFO  : Memory regions updated for context APU
16:36:57 INFO  : Context for processor 'ps7_cortexa9_0' is selected.
16:36:57 INFO  : 'con' command is executed.
16:36:57 INFO  : ----------------XSDB Script (After Launch)----------------
targets -set -nocase -filter {name =~ "ARM*#0" && jtag_cable_name =~ "Digilent Zybo 210279777966A"} -index 0
con
----------------End of Script----------------

16:36:57 INFO  : Launch script is exported to file 'C:\workspace\rubik\project_rubik\project_rubik.sdk\.sdk\launch_scripts\xilinx_c-c++_application_(system_debugger)\system_debugger_using_debug_bram_filler.elf_on_local.tcl'
16:43:43 INFO  : Disconnected from the channel tcfchan#2.
14:39:09 INFO  : Launching XSCT server: xsct.bat -interactive C:\workspace\rubik\project_rubik\project_rubik.sdk\temp_xsdb_launch_script.tcl
14:39:12 INFO  : XSCT server has started successfully.
14:39:12 INFO  : Successfully done setting XSCT server connection channel  
14:39:16 INFO  : Successfully done setting SDK workspace  
14:39:22 INFO  : Registering command handlers for SDK TCF services
14:39:22 INFO  : Processing command line option -hwspec C:/workspace/rubik/project_rubik/project_rubik.sdk/design1_wrapper.hdf.
14:39:23 INFO  : Checking for hwspec changes in the project design1_wrapper_hw_platform_0.
14:39:23 INFO  : SDK has detected change in the last modified timestamps for source hardware specification file Source:1744374527986,  Project:1744294073869
14:39:23 INFO  : The hardware specification for project 'design1_wrapper_hw_platform_0' is different from C:/workspace/rubik/project_rubik/project_rubik.sdk/design1_wrapper.hdf.
14:39:24 INFO  : Copied contents of C:/workspace/rubik/project_rubik/project_rubik.sdk/design1_wrapper.hdf into \design1_wrapper_hw_platform_0\system.hdf.
14:39:25 INFO  : Synchronizing projects in the workspace with the hardware platform specification changes.
14:39:27 INFO  : 
14:39:28 INFO  : Updating hardware inferred compiler options for BRAM_Filler.
14:39:28 INFO  : Clearing existing target manager status.
14:39:28 INFO  : Closing and re-opening the MSS file of ther project BRAM_Filler_bsp
14:39:29 INFO  : Workspace synchronized with the new hardware specification file. Cleaning dependent projects...
14:39:30 WARN  : Linker script will not be updated automatically. Users need to update it manually.
14:45:18 INFO  : Refreshed build settings on project BRAM_Filler
14:46:54 INFO  : Registering command handlers for SDK TCF services
14:46:55 INFO  : Launching XSCT server: xsct.bat -interactive C:\workspace\rubik\project_rubik\project_rubik.sdk\temp_xsdb_launch_script.tcl
14:46:57 INFO  : XSCT server has started successfully.
14:46:57 INFO  : Successfully done setting XSCT server connection channel  
14:46:57 INFO  : Successfully done setting SDK workspace  
14:46:57 INFO  : Processing command line option -hwspec C:/workspace/rubik/project_rubik/project_rubik.sdk/design1_wrapper.hdf.
14:46:57 INFO  : Checking for hwspec changes in the project design1_wrapper_hw_platform_0.
14:47:08 INFO  : No changes in MSS file content so not generating sources.
14:50:15 INFO  : 'targets -set -filter {jtag_cable_name =~ "Digilent Zybo 210279777966A" && level==0} -index 1' command is executed.
14:50:15 INFO  : 'fpga -state' command is executed.
14:50:45 INFO  : Memory regions updated for context APU
14:50:49 INFO  : 'targets -set -filter {jtag_cable_name =~ "Digilent Zybo 210279777966A" && level==0} -index 1' command is executed.
14:50:49 INFO  : 'fpga -state' command is executed.
14:50:49 INFO  : Connected to target on host '127.0.0.1' and port '3121'.
14:50:49 INFO  : Jtag cable 'Digilent Zybo 210279777966A' is selected.
14:50:49 INFO  : 'jtag frequency' command is executed.
14:50:49 INFO  : Sourcing of 'C:/workspace/rubik/project_rubik/project_rubik.sdk/design1_wrapper_hw_platform_0/ps7_init.tcl' is done.
14:50:49 INFO  : Context for 'APU' is selected.
14:50:49 INFO  : Hardware design information is loaded from 'C:/workspace/rubik/project_rubik/project_rubik.sdk/design1_wrapper_hw_platform_0/system.hdf'.
14:50:49 INFO  : 'configparams force-mem-access 1' command is executed.
14:50:49 INFO  : Context for 'APU' is selected.
14:50:49 INFO  : 'stop' command is executed.
14:50:49 INFO  : 'ps7_init' command is executed.
14:50:50 INFO  : 'ps7_post_config' command is executed.
14:50:50 INFO  : Context for processor 'ps7_cortexa9_0' is selected.
14:50:50 INFO  : Processor reset is completed for 'ps7_cortexa9_0'.
14:50:50 INFO  : Context for processor 'ps7_cortexa9_0' is selected.
14:50:50 INFO  : The application 'C:/workspace/rubik/project_rubik/project_rubik.sdk/BRAM_Filler/Debug/BRAM_Filler.elf' is downloaded to processor 'ps7_cortexa9_0'.
14:50:50 INFO  : 'configparams force-mem-access 0' command is executed.
14:50:50 INFO  : ----------------XSDB Script----------------
connect -url tcp:127.0.0.1:3121
source C:/workspace/rubik/project_rubik/project_rubik.sdk/design1_wrapper_hw_platform_0/ps7_init.tcl
targets -set -nocase -filter {name =~"APU*" && jtag_cable_name =~ "Digilent Zybo 210279777966A"} -index 0
loadhw -hw C:/workspace/rubik/project_rubik/project_rubik.sdk/design1_wrapper_hw_platform_0/system.hdf -mem-ranges [list {0x40000000 0xbfffffff}]
configparams force-mem-access 1
targets -set -nocase -filter {name =~"APU*" && jtag_cable_name =~ "Digilent Zybo 210279777966A"} -index 0
stop
ps7_init
ps7_post_config
targets -set -nocase -filter {name =~ "ARM*#0" && jtag_cable_name =~ "Digilent Zybo 210279777966A"} -index 0
rst -processor
targets -set -nocase -filter {name =~ "ARM*#0" && jtag_cable_name =~ "Digilent Zybo 210279777966A"} -index 0
dow C:/workspace/rubik/project_rubik/project_rubik.sdk/BRAM_Filler/Debug/BRAM_Filler.elf
configparams force-mem-access 0
----------------End of Script----------------

14:50:50 INFO  : Memory regions updated for context APU
14:50:50 INFO  : Context for processor 'ps7_cortexa9_0' is selected.
14:50:50 INFO  : 'con' command is executed.
14:50:50 INFO  : ----------------XSDB Script (After Launch)----------------
targets -set -nocase -filter {name =~ "ARM*#0" && jtag_cable_name =~ "Digilent Zybo 210279777966A"} -index 0
con
----------------End of Script----------------

14:50:50 INFO  : Launch script is exported to file 'C:\workspace\rubik\project_rubik\project_rubik.sdk\.sdk\launch_scripts\xilinx_c-c++_application_(system_debugger)\system_debugger_using_debug_bram_filler.elf_on_local.tcl'
15:02:01 INFO  : Disconnected from the channel tcfchan#1.
15:02:02 INFO  : 'targets -set -filter {jtag_cable_name =~ "Digilent Zybo 210279777966A" && level==0} -index 1' command is executed.
15:02:02 INFO  : 'fpga -state' command is executed.
15:02:02 INFO  : Connected to target on host '127.0.0.1' and port '3121'.
15:02:03 INFO  : Jtag cable 'Digilent Zybo 210279777966A' is selected.
15:02:03 INFO  : 'jtag frequency' command is executed.
15:02:03 INFO  : Sourcing of 'C:/workspace/rubik/project_rubik/project_rubik.sdk/design1_wrapper_hw_platform_0/ps7_init.tcl' is done.
15:02:03 INFO  : Context for 'APU' is selected.
15:02:03 INFO  : Hardware design information is loaded from 'C:/workspace/rubik/project_rubik/project_rubik.sdk/design1_wrapper_hw_platform_0/system.hdf'.
15:02:03 INFO  : 'configparams force-mem-access 1' command is executed.
15:02:03 INFO  : Context for 'APU' is selected.
15:02:03 INFO  : 'stop' command is executed.
15:02:04 INFO  : 'ps7_init' command is executed.
15:02:04 INFO  : 'ps7_post_config' command is executed.
15:02:04 INFO  : Context for processor 'ps7_cortexa9_0' is selected.
15:02:04 INFO  : Processor reset is completed for 'ps7_cortexa9_0'.
15:02:04 INFO  : Context for processor 'ps7_cortexa9_0' is selected.
15:02:04 INFO  : The application 'C:/workspace/rubik/project_rubik/project_rubik.sdk/BRAM_Filler/Debug/BRAM_Filler.elf' is downloaded to processor 'ps7_cortexa9_0'.
15:02:04 INFO  : 'configparams force-mem-access 0' command is executed.
15:02:04 INFO  : ----------------XSDB Script----------------
connect -url tcp:127.0.0.1:3121
source C:/workspace/rubik/project_rubik/project_rubik.sdk/design1_wrapper_hw_platform_0/ps7_init.tcl
targets -set -nocase -filter {name =~"APU*" && jtag_cable_name =~ "Digilent Zybo 210279777966A"} -index 0
loadhw -hw C:/workspace/rubik/project_rubik/project_rubik.sdk/design1_wrapper_hw_platform_0/system.hdf -mem-ranges [list {0x40000000 0xbfffffff}]
configparams force-mem-access 1
targets -set -nocase -filter {name =~"APU*" && jtag_cable_name =~ "Digilent Zybo 210279777966A"} -index 0
stop
ps7_init
ps7_post_config
targets -set -nocase -filter {name =~ "ARM*#0" && jtag_cable_name =~ "Digilent Zybo 210279777966A"} -index 0
rst -processor
targets -set -nocase -filter {name =~ "ARM*#0" && jtag_cable_name =~ "Digilent Zybo 210279777966A"} -index 0
dow C:/workspace/rubik/project_rubik/project_rubik.sdk/BRAM_Filler/Debug/BRAM_Filler.elf
configparams force-mem-access 0
----------------End of Script----------------

15:02:04 INFO  : Memory regions updated for context APU
15:02:04 INFO  : Context for processor 'ps7_cortexa9_0' is selected.
15:02:04 INFO  : 'con' command is executed.
15:02:04 INFO  : ----------------XSDB Script (After Launch)----------------
targets -set -nocase -filter {name =~ "ARM*#0" && jtag_cable_name =~ "Digilent Zybo 210279777966A"} -index 0
con
----------------End of Script----------------

15:02:04 INFO  : Launch script is exported to file 'C:\workspace\rubik\project_rubik\project_rubik.sdk\.sdk\launch_scripts\xilinx_c-c++_application_(system_debugger)\system_debugger_using_debug_bram_filler.elf_on_local.tcl'
15:02:18 INFO  : Disconnected from the channel tcfchan#2.
15:22:40 INFO  : Registering command handlers for SDK TCF services
15:22:41 INFO  : Launching XSCT server: xsct.bat -interactive C:\workspace\rubik\project_rubik\project_rubik.sdk\temp_xsdb_launch_script.tcl
15:22:43 INFO  : XSCT server has started successfully.
15:22:43 INFO  : Successfully done setting XSCT server connection channel  
15:22:43 INFO  : Successfully done setting SDK workspace  
15:22:43 INFO  : Processing command line option -hwspec C:/workspace/rubik/project_rubik/project_rubik.sdk/design1_wrapper.hdf.
15:22:43 INFO  : Checking for hwspec changes in the project design1_wrapper_hw_platform_0.
15:36:51 INFO  : Registering command handlers for SDK TCF services
15:36:52 INFO  : Launching XSCT server: xsct.bat -interactive C:\workspace\rubik\project_rubik\project_rubik.sdk\temp_xsdb_launch_script.tcl
15:36:55 INFO  : XSCT server has started successfully.
15:36:55 INFO  : Successfully done setting XSCT server connection channel  
15:36:55 INFO  : Successfully done setting SDK workspace  
15:36:55 INFO  : Processing command line option -hwspec C:/workspace/rubik/project_rubik/project_rubik.sdk/design1_wrapper.hdf.
15:36:55 INFO  : Checking for hwspec changes in the project design1_wrapper_hw_platform_0.
15:36:59 INFO  : SDK has detected change in the last modified timestamps for source hardware specification file Source:1744378524193,  Project:1744374527986
15:36:59 INFO  : The hardware specification for project 'design1_wrapper_hw_platform_0' is different from C:/workspace/rubik/project_rubik/project_rubik.sdk/design1_wrapper.hdf.
15:36:59 INFO  : Copied contents of C:/workspace/rubik/project_rubik/project_rubik.sdk/design1_wrapper.hdf into \design1_wrapper_hw_platform_0\system.hdf.
15:37:18 INFO  : Synchronizing projects in the workspace with the hardware platform specification changes.
15:37:20 INFO  : 
15:37:21 INFO  : Updating hardware inferred compiler options for BRAM_Filler.
15:37:21 INFO  : Clearing existing target manager status.
15:52:21 INFO  : No changes in MSS file content so not generating sources.
15:53:00 INFO  : 'targets -set -filter {jtag_cable_name =~ "Digilent Zybo 210279777966A" && level==0} -index 1' command is executed.
15:53:00 INFO  : 'fpga -state' command is executed.
15:53:00 INFO  : Connected to target on host '127.0.0.1' and port '3121'.
15:53:00 INFO  : Jtag cable 'Digilent Zybo 210279777966A' is selected.
15:53:00 INFO  : 'jtag frequency' command is executed.
15:53:00 INFO  : Sourcing of 'C:/workspace/rubik/project_rubik/project_rubik.sdk/design1_wrapper_hw_platform_0/ps7_init.tcl' is done.
15:53:00 INFO  : Context for 'APU' is selected.
15:53:00 INFO  : Hardware design information is loaded from 'C:/workspace/rubik/project_rubik/project_rubik.sdk/design1_wrapper_hw_platform_0/system.hdf'.
15:53:00 INFO  : 'configparams force-mem-access 1' command is executed.
15:53:00 INFO  : Context for 'APU' is selected.
15:53:00 INFO  : 'stop' command is executed.
15:53:01 INFO  : 'ps7_init' command is executed.
15:53:01 INFO  : 'ps7_post_config' command is executed.
15:53:01 INFO  : Context for processor 'ps7_cortexa9_0' is selected.
15:53:01 INFO  : Processor reset is completed for 'ps7_cortexa9_0'.
15:53:01 INFO  : Context for processor 'ps7_cortexa9_0' is selected.
15:53:01 INFO  : The application 'C:/workspace/rubik/project_rubik/project_rubik.sdk/BRAM_Filler/Debug/BRAM_Filler.elf' is downloaded to processor 'ps7_cortexa9_0'.
15:53:01 INFO  : 'configparams force-mem-access 0' command is executed.
15:53:01 INFO  : ----------------XSDB Script----------------
connect -url tcp:127.0.0.1:3121
source C:/workspace/rubik/project_rubik/project_rubik.sdk/design1_wrapper_hw_platform_0/ps7_init.tcl
targets -set -nocase -filter {name =~"APU*" && jtag_cable_name =~ "Digilent Zybo 210279777966A"} -index 0
loadhw -hw C:/workspace/rubik/project_rubik/project_rubik.sdk/design1_wrapper_hw_platform_0/system.hdf -mem-ranges [list {0x40000000 0xbfffffff}]
configparams force-mem-access 1
targets -set -nocase -filter {name =~"APU*" && jtag_cable_name =~ "Digilent Zybo 210279777966A"} -index 0
stop
ps7_init
ps7_post_config
targets -set -nocase -filter {name =~ "ARM*#0" && jtag_cable_name =~ "Digilent Zybo 210279777966A"} -index 0
rst -processor
targets -set -nocase -filter {name =~ "ARM*#0" && jtag_cable_name =~ "Digilent Zybo 210279777966A"} -index 0
dow C:/workspace/rubik/project_rubik/project_rubik.sdk/BRAM_Filler/Debug/BRAM_Filler.elf
configparams force-mem-access 0
----------------End of Script----------------

15:53:01 INFO  : Memory regions updated for context APU
15:53:01 INFO  : Context for processor 'ps7_cortexa9_0' is selected.
15:53:01 INFO  : 'con' command is executed.
15:53:01 INFO  : ----------------XSDB Script (After Launch)----------------
targets -set -nocase -filter {name =~ "ARM*#0" && jtag_cable_name =~ "Digilent Zybo 210279777966A"} -index 0
con
----------------End of Script----------------

15:53:01 INFO  : Launch script is exported to file 'C:\workspace\rubik\project_rubik\project_rubik.sdk\.sdk\launch_scripts\xilinx_c-c++_application_(system_debugger)\system_debugger_using_debug_bram_filler.elf_on_local.tcl'
15:53:35 INFO  : Disconnected from the channel tcfchan#1.
