#-----------------------------------------------------------
# Vivado v2019.1 (64-bit)
# SW Build 2552052 on Fri May 24 14:49:42 MDT 2019
# IP Build 2548770 on Fri May 24 18:01:18 MDT 2019
# Start of session at: Thu Apr 10 15:06:21 2025
# Process ID: 14536
# Current directory: C:/workspace/rubik/moteur_2phases
# Command line: vivado.exe -gui_launcher_event rodinguilauncherevent17080 C:\workspace\rubik\moteur_2phases\moteur_2phases.xpr
# Log file: C:/workspace/rubik/moteur_2phases/vivado.log
# Journal file: C:/workspace/rubik/moteur_2phases\vivado.jou
#-----------------------------------------------------------
start_gui
open_project C:/workspace/rubik/moteur_2phases/moteur_2phases.xpr
WARNING: [Board 49-91] Board repository path 'C:/Users/mateo/AppData/Roaming/Xilinx/Vivado/2019.1/xhub/board_store' does not exist, it will not be used to search board files.
Scanning sources...
Finished scanning sources
WARNING: [filemgmt 56-3] Board Part Repository Path: Could not find the directory 'C:/Users/mateo/AppData/Roaming/Xilinx/Vivado/2019.1/xhub/board_store'.
INFO: [IP_Flow 19-234] Refreshing IP repositories
INFO: [IP_Flow 19-1704] No user IP repositories specified
INFO: [IP_Flow 19-2313] Loaded Vivado IP repository 'C:/Xilinx_2019/Vivado/2019.1/data/ip'.
update_compile_order -fileset sources_1
open_hw
connect_hw_server
INFO: [Labtools 27-2285] Connecting to hw_server url TCP:localhost:3121
INFO: [Labtools 27-2222] Launching hw_server...
INFO: [Labtools 27-2221] Launch Output:

****** Xilinx hw_server v2019.1
  **** Build date : May 24 2019 at 15:13:31
    ** Copyright 1986-2019 Xilinx, Inc. All Rights Reserved.
ERROR: [Labtools 27-2220] Launch Error:
Unable to launch local hw_server executable.

ERROR: [Common 17-39] 'connect_hw_server' failed due to earlier errors.
reset_run synth_1
launch_runs impl_1 -to_step write_bitstream -jobs 12
[Thu Apr 10 15:06:56 2025] Launched synth_1...
Run output will be captured here: C:/workspace/rubik/moteur_2phases/moteur_2phases.runs/synth_1/runme.log
[Thu Apr 10 15:06:56 2025] Launched impl_1...
Run output will be captured here: C:/workspace/rubik/moteur_2phases/moteur_2phases.runs/impl_1/runme.log
reset_run synth_1
exit
INFO: [Common 17-206] Exiting Vivado at Thu Apr 10 15:07:17 2025...
