#-----------------------------------------------------------
# Vivado v2019.1 (64-bit)
# SW Build 2552052 on Fri May 24 14:49:42 MDT 2019
# IP Build 2548770 on Fri May 24 18:01:18 MDT 2019
# Start of session at: Fri Apr  4 09:05:54 2025
# Process ID: 3004
# Current directory: C:/workspace/rubik/moteur_2phases
# Command line: vivado.exe -gui_launcher_event rodinguilauncherevent19184 C:\workspace\rubik\moteur_2phases\moteur_2phases.xpr
# Log file: C:/workspace/rubik/moteur_2phases/vivado.log
# Journal file: C:/workspace/rubik/moteur_2phases\vivado.jou
#-----------------------------------------------------------
sstart_guioopen_project C:/workspace/rubik/moteur_2phases/moteur_2phases.xprWWARNING: [Board 49-91] Board repository path 'C:/Users/mateo/AppData/Roaming/Xilinx/Vivado/2019.1/xhub/board_store' does not exist, it will not be used to search board files.SScanning sources...Finished scanning sources
WWARNING: [filemgmt 56-3] Board Part Repository Path: Could not find the directory 'C:/Users/mateo/AppData/Roaming/Xilinx/Vivado/2019.1/xhub/board_store'.IINFO: [IP_Flow 19-234] Refreshing IP repositories
INFO: [IP_Flow 19-1704] No user IP repositories specifiedIINFO: [IP_Flow 19-2313] Loaded Vivado IP repository 'C:/Xilinx_2019/Vivado/2019.1/data/ip'.oopen_project: Time (s): cpu = 00:00:15 ; elapsed = 00:00:07 . Memory (MB): peak = 715.582 ; gain = 68.016
update_compile_order -fileset sources_1
update_compile_order -fileset sources_1
update_compile_order -fileset sources_1
reset_run synth_1
launch_runs impl_1 -to_step write_bitstream -jobs 12
[Fri Apr  4 09:16:09 2025] Launched synth_1...
Run output will be captured here: C:/workspace/rubik/moteur_2phases/moteur_2phases.runs/synth_1/runme.log
[Fri Apr  4 09:16:09 2025] Launched impl_1...
Run output will be captured here: C:/workspace/rubik/moteur_2phases/moteur_2phases.runs/impl_1/runme.log
reset_run synth_1
launch_runs impl_1 -to_step write_bitstream -jobs 12
[Fri Apr  4 09:18:18 2025] Launched synth_1...
Run output will be captured here: C:/workspace/rubik/moteur_2phases/moteur_2phases.runs/synth_1/runme.log
[Fri Apr  4 09:18:18 2025] Launched impl_1...
Run output will be captured here: C:/workspace/rubik/moteur_2phases/moteur_2phases.runs/impl_1/runme.log
open_hw
connect_hw_server
INFO: [Labtools 27-2285] Connecting to hw_server url TCP:localhost:3121
INFO: [Labtools 27-2222] Launching hw_server...
INFO: [Labtools 27-2221] Launch Output:

****** Xilinx hw_server v2019.1
  **** Build date : May 24 2019 at 15:13:31
    ** Copyright 1986-2019 Xilinx, Inc. All Rights Reserved.


open_hw_target
INFO: [Labtoolstcl 44-466] Opening hw_target localhost:3121/xilinx_tcf/Digilent/210279777966A
open_hw_target: Time (s): cpu = 00:00:06 ; elapsed = 00:00:12 . Memory (MB): peak = 1961.574 ; gain = 1119.043
set_property PROGRAM.FILE {C:/workspace/rubik/moteur_2phases/moteur_2phases.runs/impl_1/controle_moteur.bit} [get_hw_devices xc7z010_1]
current_hw_device [get_hw_devices xc7z010_1]
refresh_hw_device -update_hw_probes false [lindex [get_hw_devices xc7z010_1] 0]
INFO: [Labtools 27-1435] Device xc7z010 (JTAG device index = 1) is not programmed (DONE status = 0).
set_property PROBES.FILE {} [get_hw_devices xc7z010_1]
set_property FULL_PROBES.FILE {} [get_hw_devices xc7z010_1]
set_property PROGRAM.FILE {C:/workspace/rubik/moteur_2phases/moteur_2phases.runs/impl_1/controle_moteur.bit} [get_hw_devices xc7z010_1]
program_hw_devices [get_hw_devices xc7z010_1]
INFO: [Labtools 27-3164] End of startup status: HIGH
refresh_hw_device [lindex [get_hw_devices xc7z010_1] 0]
INFO: [Labtools 27-1434] Device xc7z010 (JTAG device index = 1) is programmed with a design that has no supported debug core(s) in it.
ERROR: [Labtoolstcl 44-513] HW Target shutdown. Closing target: localhost:3121/xilinx_tcf/Digilent/210279777966A
INFO: [Labtoolstcl 44-466] Opening hw_target localhost:3121/xilinx_tcf/Digilent/210279777966A
WARNING: [Labtoolstcl 44-129] No matching hw_ila_data was found.
INFO: [Labtools 27-1435] Device xc7z010 (JTAG device index = 1) is not programmed (DONE status = 0).
WARNING: [Labtoolstcl 44-129] No matching hw_ila_data was found.
set_property PROBES.FILE {} [get_hw_devices xc7z010_1]
set_property FULL_PROBES.FILE {} [get_hw_devices xc7z010_1]
set_property PROGRAM.FILE {C:/workspace/rubik/moteur_2phases/moteur_2phases.runs/impl_1/controle_moteur.bit} [get_hw_devices xc7z010_1]
program_hw_devices [get_hw_devices xc7z010_1]
INFO: [Labtools 27-3164] End of startup status: HIGH
refresh_hw_device [lindex [get_hw_devices xc7z010_1] 0]
INFO: [Labtools 27-1434] Device xc7z010 (JTAG device index = 1) is programmed with a design that has no supported debug core(s) in it.
set_property PROBES.FILE {} [get_hw_devices xc7z010_1]
set_property FULL_PROBES.FILE {} [get_hw_devices xc7z010_1]
set_property PROGRAM.FILE {C:/workspace/rubik/moteur_2phases/moteur_2phases.runs/impl_1/controle_moteur.bit} [get_hw_devices xc7z010_1]
program_hw_devices [get_hw_devices xc7z010_1]
INFO: [Labtools 27-3164] End of startup status: HIGH
refresh_hw_device [lindex [get_hw_devices xc7z010_1] 0]
INFO: [Labtools 27-1434] Device xc7z010 (JTAG device index = 1) is programmed with a design that has no supported debug core(s) in it.
set_property PROBES.FILE {} [get_hw_devices xc7z010_1]
set_property FULL_PROBES.FILE {} [get_hw_devices xc7z010_1]
set_property PROGRAM.FILE {C:/workspace/rubik/moteur_2phases/moteur_2phases.runs/impl_1/controle_moteur.bit} [get_hw_devices xc7z010_1]
program_hw_devices [get_hw_devices xc7z010_1]
INFO: [Labtools 27-3164] End of startup status: HIGH
refresh_hw_device [lindex [get_hw_devices xc7z010_1] 0]
INFO: [Labtools 27-1434] Device xc7z010 (JTAG device index = 1) is programmed with a design that has no supported debug core(s) in it.
update_compile_order -fileset sources_1
update_compile_order -fileset sources_1
reset_run synth_1
WARNING: [Vivado 12-1017] Problems encountered:
1. Failed to delete one or more files in run directory C:/workspace/rubik/moteur_2phases/moteur_2phases.runs/synth_1

launch_runs impl_1 -to_step write_bitstream -jobs 12
[Fri Apr  4 09:43:03 2025] Launched synth_1...
Run output will be captured here: C:/workspace/rubik/moteur_2phases/moteur_2phases.runs/synth_1/runme.log
[Fri Apr  4 09:43:03 2025] Launched impl_1...
Run output will be captured here: C:/workspace/rubik/moteur_2phases/moteur_2phases.runs/impl_1/runme.log
set_property PROBES.FILE {} [get_hw_devices xc7z010_1]
set_property FULL_PROBES.FILE {} [get_hw_devices xc7z010_1]
set_property PROGRAM.FILE {C:/workspace/rubik/moteur_2phases/moteur_2phases.runs/impl_1/controle_moteur.bit} [get_hw_devices xc7z010_1]
program_hw_devices [get_hw_devices xc7z010_1]
INFO: [Labtools 27-3164] End of startup status: HIGH
refresh_hw_device [lindex [get_hw_devices xc7z010_1] 0]
INFO: [Labtools 27-1434] Device xc7z010 (JTAG device index = 1) is programmed with a design that has no supported debug core(s) in it.
reset_run synth_1
WARNING: [Vivado 12-1017] Problems encountered:
1. Failed to delete one or more files in run directory C:/workspace/rubik/moteur_2phases/moteur_2phases.runs/synth_1

launch_runs impl_1 -to_step write_bitstream -jobs 12
[Fri Apr  4 09:58:37 2025] Launched synth_1...
Run output will be captured here: C:/workspace/rubik/moteur_2phases/moteur_2phases.runs/synth_1/runme.log
[Fri Apr  4 09:58:37 2025] Launched impl_1...
Run output will be captured here: C:/workspace/rubik/moteur_2phases/moteur_2phases.runs/impl_1/runme.log
set_property PROBES.FILE {} [get_hw_devices xc7z010_1]
set_property FULL_PROBES.FILE {} [get_hw_devices xc7z010_1]
set_property PROGRAM.FILE {C:/workspace/rubik/moteur_2phases/moteur_2phases.runs/impl_1/controle_moteur.bit} [get_hw_devices xc7z010_1]
program_hw_devices [get_hw_devices xc7z010_1]
INFO: [Labtools 27-3164] End of startup status: HIGH
refresh_hw_device [lindex [get_hw_devices xc7z010_1] 0]
INFO: [Labtools 27-1434] Device xc7z010 (JTAG device index = 1) is programmed with a design that has no supported debug core(s) in it.
update_compile_order -fileset sources_1
update_compile_order -fileset sources_1
reset_run synth_1
WARNING: [Vivado 12-1017] Problems encountered:
1. Failed to delete one or more files in run directory C:/workspace/rubik/moteur_2phases/moteur_2phases.runs/synth_1

launch_runs impl_1 -to_step write_bitstream -jobs 12
[Fri Apr  4 10:06:04 2025] Launched synth_1...
Run output will be captured here: C:/workspace/rubik/moteur_2phases/moteur_2phases.runs/synth_1/runme.log
[Fri Apr  4 10:06:04 2025] Launched impl_1...
Run output will be captured here: C:/workspace/rubik/moteur_2phases/moteur_2phases.runs/impl_1/runme.log
set_property PROBES.FILE {} [get_hw_devices xc7z010_1]
set_property FULL_PROBES.FILE {} [get_hw_devices xc7z010_1]
set_property PROGRAM.FILE {C:/workspace/rubik/moteur_2phases/moteur_2phases.runs/impl_1/controle_moteur.bit} [get_hw_devices xc7z010_1]
program_hw_devices [get_hw_devices xc7z010_1]
INFO: [Labtools 27-3164] End of startup status: HIGH
refresh_hw_device [lindex [get_hw_devices xc7z010_1] 0]
INFO: [Labtools 27-1434] Device xc7z010 (JTAG device index = 1) is programmed with a design that has no supported debug core(s) in it.
reset_run synth_1
WARNING: [Vivado 12-1017] Problems encountered:
1. Failed to delete one or more files in run directory C:/workspace/rubik/moteur_2phases/moteur_2phases.runs/synth_1

launch_runs impl_1 -to_step write_bitstream -jobs 12
[Fri Apr  4 10:13:21 2025] Launched synth_1...
Run output will be captured here: C:/workspace/rubik/moteur_2phases/moteur_2phases.runs/synth_1/runme.log
[Fri Apr  4 10:13:21 2025] Launched impl_1...
Run output will be captured here: C:/workspace/rubik/moteur_2phases/moteur_2phases.runs/impl_1/runme.log
set_property PROBES.FILE {} [get_hw_devices xc7z010_1]
set_property FULL_PROBES.FILE {} [get_hw_devices xc7z010_1]
set_property PROGRAM.FILE {C:/workspace/rubik/moteur_2phases/moteur_2phases.runs/impl_1/controle_moteur.bit} [get_hw_devices xc7z010_1]
program_hw_devices [get_hw_devices xc7z010_1]
INFO: [Labtools 27-3164] End of startup status: HIGH
refresh_hw_device [lindex [get_hw_devices xc7z010_1] 0]
INFO: [Labtools 27-1434] Device xc7z010 (JTAG device index = 1) is programmed with a design that has no supported debug core(s) in it.
reset_run synth_1
WARNING: [Vivado 12-1017] Problems encountered:
1. Failed to delete one or more files in run directory C:/workspace/rubik/moteur_2phases/moteur_2phases.runs/synth_1

launch_runs impl_1 -to_step write_bitstream -jobs 12
[Fri Apr  4 10:21:12 2025] Launched synth_1...
Run output will be captured here: C:/workspace/rubik/moteur_2phases/moteur_2phases.runs/synth_1/runme.log
[Fri Apr  4 10:21:12 2025] Launched impl_1...
Run output will be captured here: C:/workspace/rubik/moteur_2phases/moteur_2phases.runs/impl_1/runme.log
set_property PROBES.FILE {} [get_hw_devices xc7z010_1]
set_property FULL_PROBES.FILE {} [get_hw_devices xc7z010_1]
set_property PROGRAM.FILE {C:/workspace/rubik/moteur_2phases/moteur_2phases.runs/impl_1/controle_moteur.bit} [get_hw_devices xc7z010_1]
program_hw_devices [get_hw_devices xc7z010_1]
INFO: [Labtools 27-3164] End of startup status: HIGH
refresh_hw_device [lindex [get_hw_devices xc7z010_1] 0]
INFO: [Labtools 27-1434] Device xc7z010 (JTAG device index = 1) is programmed with a design that has no supported debug core(s) in it.
set_property PROBES.FILE {} [get_hw_devices xc7z010_1]
set_property FULL_PROBES.FILE {} [get_hw_devices xc7z010_1]
set_property PROGRAM.FILE {C:/workspace/rubik/moteur_2phases/moteur_2phases.runs/impl_1/controle_moteur.bit} [get_hw_devices xc7z010_1]
program_hw_devices [get_hw_devices xc7z010_1]
INFO: [Labtools 27-3164] End of startup status: HIGH
refresh_hw_device [lindex [get_hw_devices xc7z010_1] 0]
INFO: [Labtools 27-1434] Device xc7z010 (JTAG device index = 1) is programmed with a design that has no supported debug core(s) in it.
reset_run synth_1
WARNING: [Vivado 12-1017] Problems encountered:
1. Failed to delete one or more files in run directory C:/workspace/rubik/moteur_2phases/moteur_2phases.runs/synth_1

launch_runs impl_1 -to_step write_bitstream -jobs 12
[Fri Apr  4 10:26:51 2025] Launched synth_1...
Run output will be captured here: C:/workspace/rubik/moteur_2phases/moteur_2phases.runs/synth_1/runme.log
[Fri Apr  4 10:26:51 2025] Launched impl_1...
Run output will be captured here: C:/workspace/rubik/moteur_2phases/moteur_2phases.runs/impl_1/runme.log
set_property PROBES.FILE {} [get_hw_devices xc7z010_1]
set_property FULL_PROBES.FILE {} [get_hw_devices xc7z010_1]
set_property PROGRAM.FILE {C:/workspace/rubik/moteur_2phases/moteur_2phases.runs/impl_1/controle_moteur.bit} [get_hw_devices xc7z010_1]
program_hw_devices [get_hw_devices xc7z010_1]
INFO: [Labtools 27-3164] End of startup status: HIGH
refresh_hw_device [lindex [get_hw_devices xc7z010_1] 0]
INFO: [Labtools 27-1434] Device xc7z010 (JTAG device index = 1) is programmed with a design that has no supported debug core(s) in it.
reset_run synth_1
WARNING: [Vivado 12-1017] Problems encountered:
1. Failed to delete one or more files in run directory C:/workspace/rubik/moteur_2phases/moteur_2phases.runs/synth_1

launch_runs impl_1 -to_step write_bitstream -jobs 12
[Fri Apr  4 10:31:32 2025] Launched synth_1...
Run output will be captured here: C:/workspace/rubik/moteur_2phases/moteur_2phases.runs/synth_1/runme.log
[Fri Apr  4 10:31:32 2025] Launched impl_1...
Run output will be captured here: C:/workspace/rubik/moteur_2phases/moteur_2phases.runs/impl_1/runme.log
set_property PROBES.FILE {} [get_hw_devices xc7z010_1]
set_property FULL_PROBES.FILE {} [get_hw_devices xc7z010_1]
set_property PROGRAM.FILE {C:/workspace/rubik/moteur_2phases/moteur_2phases.runs/impl_1/controle_moteur.bit} [get_hw_devices xc7z010_1]
program_hw_devices [get_hw_devices xc7z010_1]
INFO: [Labtools 27-3164] End of startup status: HIGH
refresh_hw_device [lindex [get_hw_devices xc7z010_1] 0]
INFO: [Labtools 27-1434] Device xc7z010 (JTAG device index = 1) is programmed with a design that has no supported debug core(s) in it.
reset_run synth_1
WARNING: [Vivado 12-1017] Problems encountered:
1. Failed to delete one or more files in run directory C:/workspace/rubik/moteur_2phases/moteur_2phases.runs/synth_1

launch_runs impl_1 -to_step write_bitstream -jobs 12
[Fri Apr  4 10:35:50 2025] Launched synth_1...
Run output will be captured here: C:/workspace/rubik/moteur_2phases/moteur_2phases.runs/synth_1/runme.log
[Fri Apr  4 10:35:50 2025] Launched impl_1...
Run output will be captured here: C:/workspace/rubik/moteur_2phases/moteur_2phases.runs/impl_1/runme.log
set_property PROBES.FILE {} [get_hw_devices xc7z010_1]
set_property FULL_PROBES.FILE {} [get_hw_devices xc7z010_1]
set_property PROGRAM.FILE {C:/workspace/rubik/moteur_2phases/moteur_2phases.runs/impl_1/controle_moteur.bit} [get_hw_devices xc7z010_1]
program_hw_devices [get_hw_devices xc7z010_1]
INFO: [Labtools 27-3164] End of startup status: HIGH
refresh_hw_device [lindex [get_hw_devices xc7z010_1] 0]
INFO: [Labtools 27-1434] Device xc7z010 (JTAG device index = 1) is programmed with a design that has no supported debug core(s) in it.
reset_run synth_1
WARNING: [Vivado 12-1017] Problems encountered:
1. Failed to delete one or more files in run directory C:/workspace/rubik/moteur_2phases/moteur_2phases.runs/synth_1

launch_runs impl_1 -to_step write_bitstream -jobs 12
[Fri Apr  4 10:40:07 2025] Launched synth_1...
Run output will be captured here: C:/workspace/rubik/moteur_2phases/moteur_2phases.runs/synth_1/runme.log
[Fri Apr  4 10:40:07 2025] Launched impl_1...
Run output will be captured here: C:/workspace/rubik/moteur_2phases/moteur_2phases.runs/impl_1/runme.log
set_property PROBES.FILE {} [get_hw_devices xc7z010_1]
set_property FULL_PROBES.FILE {} [get_hw_devices xc7z010_1]
set_property PROGRAM.FILE {C:/workspace/rubik/moteur_2phases/moteur_2phases.runs/impl_1/controle_moteur.bit} [get_hw_devices xc7z010_1]
program_hw_devices [get_hw_devices xc7z010_1]
INFO: [Labtools 27-3164] End of startup status: HIGH
refresh_hw_device [lindex [get_hw_devices xc7z010_1] 0]
INFO: [Labtools 27-1434] Device xc7z010 (JTAG device index = 1) is programmed with a design that has no supported debug core(s) in it.
ERROR: [Labtoolstcl 44-513] HW Target shutdown. Closing target: localhost:3121/xilinx_tcf/Digilent/210279777966A
reset_run synth_1
WARNING: [Vivado 12-1017] Problems encountered:
1. Failed to delete one or more files in run directory C:/workspace/rubik/moteur_2phases/moteur_2phases.runs/synth_1

launch_runs impl_1 -to_step write_bitstream -jobs 12
[Fri Apr  4 10:43:54 2025] Launched synth_1...
Run output will be captured here: C:/workspace/rubik/moteur_2phases/moteur_2phases.runs/synth_1/runme.log
[Fri Apr  4 10:43:54 2025] Launched impl_1...
Run output will be captured here: C:/workspace/rubik/moteur_2phases/moteur_2phases.runs/impl_1/runme.log
INFO: [Labtoolstcl 44-466] Opening hw_target localhost:3121/xilinx_tcf/Digilent/210279777966A
WARNING: [Labtoolstcl 44-129] No matching hw_ila_data was found.
INFO: [Labtools 27-1435] Device xc7z010 (JTAG device index = 1) is not programmed (DONE status = 0).
WARNING: [Labtoolstcl 44-129] No matching hw_ila_data was found.
set_property PROBES.FILE {} [get_hw_devices xc7z010_1]
set_property FULL_PROBES.FILE {} [get_hw_devices xc7z010_1]
set_property PROGRAM.FILE {C:/workspace/rubik/moteur_2phases/moteur_2phases.runs/impl_1/controle_moteur.bit} [get_hw_devices xc7z010_1]
program_hw_devices [get_hw_devices xc7z010_1]
INFO: [Labtools 27-3164] End of startup status: HIGH
refresh_hw_device [lindex [get_hw_devices xc7z010_1] 0]
INFO: [Labtools 27-1434] Device xc7z010 (JTAG device index = 1) is programmed with a design that has no supported debug core(s) in it.
reset_run synth_1
WARNING: [Vivado 12-1017] Problems encountered:
1. Failed to delete one or more files in run directory C:/workspace/rubik/moteur_2phases/moteur_2phases.runs/synth_1

launch_runs impl_1 -to_step write_bitstream -jobs 12
[Fri Apr  4 11:04:56 2025] Launched synth_1...
Run output will be captured here: C:/workspace/rubik/moteur_2phases/moteur_2phases.runs/synth_1/runme.log
[Fri Apr  4 11:04:56 2025] Launched impl_1...
Run output will be captured here: C:/workspace/rubik/moteur_2phases/moteur_2phases.runs/impl_1/runme.log
set_property PROBES.FILE {} [get_hw_devices xc7z010_1]
set_property FULL_PROBES.FILE {} [get_hw_devices xc7z010_1]
set_property PROGRAM.FILE {C:/workspace/rubik/moteur_2phases/moteur_2phases.runs/impl_1/controle_moteur.bit} [get_hw_devices xc7z010_1]
program_hw_devices [get_hw_devices xc7z010_1]
INFO: [Labtools 27-3164] End of startup status: HIGH
refresh_hw_device [lindex [get_hw_devices xc7z010_1] 0]
INFO: [Labtools 27-1434] Device xc7z010 (JTAG device index = 1) is programmed with a design that has no supported debug core(s) in it.
reset_run synth_1
WARNING: [Vivado 12-1017] Problems encountered:
1. Failed to delete one or more files in run directory C:/workspace/rubik/moteur_2phases/moteur_2phases.runs/synth_1

launch_runs impl_1 -to_step write_bitstream -jobs 12
[Fri Apr  4 11:28:31 2025] Launched synth_1...
Run output will be captured here: C:/workspace/rubik/moteur_2phases/moteur_2phases.runs/synth_1/runme.log
[Fri Apr  4 11:28:31 2025] Launched impl_1...
Run output will be captured here: C:/workspace/rubik/moteur_2phases/moteur_2phases.runs/impl_1/runme.log
set_property PROBES.FILE {} [get_hw_devices xc7z010_1]
set_property FULL_PROBES.FILE {} [get_hw_devices xc7z010_1]
set_property PROGRAM.FILE {C:/workspace/rubik/moteur_2phases/moteur_2phases.runs/impl_1/controle_moteur.bit} [get_hw_devices xc7z010_1]
program_hw_devices [get_hw_devices xc7z010_1]
INFO: [Labtools 27-3164] End of startup status: HIGH
refresh_hw_device [lindex [get_hw_devices xc7z010_1] 0]
INFO: [Labtools 27-1434] Device xc7z010 (JTAG device index = 1) is programmed with a design that has no supported debug core(s) in it.
reset_run synth_1
WARNING: [Vivado 12-1017] Problems encountered:
1. Failed to delete one or more files in run directory C:/workspace/rubik/moteur_2phases/moteur_2phases.runs/synth_1

launch_runs impl_1 -to_step write_bitstream -jobs 12
[Fri Apr  4 11:37:07 2025] Launched synth_1...
Run output will be captured here: C:/workspace/rubik/moteur_2phases/moteur_2phases.runs/synth_1/runme.log
[Fri Apr  4 11:37:07 2025] Launched impl_1...
Run output will be captured here: C:/workspace/rubik/moteur_2phases/moteur_2phases.runs/impl_1/runme.log
reset_run synth_1
WARNING: [Vivado 12-1017] Problems encountered:
1. Failed to delete one or more files in run directory C:/workspace/rubik/moteur_2phases/moteur_2phases.runs/synth_1

launch_runs impl_1 -to_step write_bitstream -jobs 12
[Fri Apr  4 11:37:22 2025] Launched synth_1...
Run output will be captured here: C:/workspace/rubik/moteur_2phases/moteur_2phases.runs/synth_1/runme.log
[Fri Apr  4 11:37:22 2025] Launched impl_1...
Run output will be captured here: C:/workspace/rubik/moteur_2phases/moteur_2phases.runs/impl_1/runme.log
set_property PROBES.FILE {} [get_hw_devices xc7z010_1]
set_property FULL_PROBES.FILE {} [get_hw_devices xc7z010_1]
set_property PROGRAM.FILE {C:/workspace/rubik/moteur_2phases/moteur_2phases.runs/impl_1/controle_moteur.bit} [get_hw_devices xc7z010_1]
program_hw_devices [get_hw_devices xc7z010_1]
INFO: [Labtools 27-3164] End of startup status: HIGH
refresh_hw_device [lindex [get_hw_devices xc7z010_1] 0]
INFO: [Labtools 27-1434] Device xc7z010 (JTAG device index = 1) is programmed with a design that has no supported debug core(s) in it.
reset_run synth_1
WARNING: [Vivado 12-1017] Problems encountered:
1. Failed to delete one or more files in run directory C:/workspace/rubik/moteur_2phases/moteur_2phases.runs/synth_1

launch_runs impl_1 -to_step write_bitstream -jobs 12
[Fri Apr  4 11:40:52 2025] Launched synth_1...
Run output will be captured here: C:/workspace/rubik/moteur_2phases/moteur_2phases.runs/synth_1/runme.log
[Fri Apr  4 11:40:52 2025] Launched impl_1...
Run output will be captured here: C:/workspace/rubik/moteur_2phases/moteur_2phases.runs/impl_1/runme.log
set_property PROBES.FILE {} [get_hw_devices xc7z010_1]
set_property FULL_PROBES.FILE {} [get_hw_devices xc7z010_1]
set_property PROGRAM.FILE {C:/workspace/rubik/moteur_2phases/moteur_2phases.runs/impl_1/controle_moteur.bit} [get_hw_devices xc7z010_1]
program_hw_devices [get_hw_devices xc7z010_1]
INFO: [Labtools 27-3164] End of startup status: HIGH
refresh_hw_device [lindex [get_hw_devices xc7z010_1] 0]
INFO: [Labtools 27-1434] Device xc7z010 (JTAG device index = 1) is programmed with a design that has no supported debug core(s) in it.
reset_run synth_1
WARNING: [Vivado 12-1017] Problems encountered:
1. Failed to delete one or more files in run directory C:/workspace/rubik/moteur_2phases/moteur_2phases.runs/synth_1

launch_runs impl_1 -to_step write_bitstream -jobs 12
[Fri Apr  4 11:46:49 2025] Launched synth_1...
Run output will be captured here: C:/workspace/rubik/moteur_2phases/moteur_2phases.runs/synth_1/runme.log
[Fri Apr  4 11:46:49 2025] Launched impl_1...
Run output will be captured here: C:/workspace/rubik/moteur_2phases/moteur_2phases.runs/impl_1/runme.log
set_property PROBES.FILE {} [get_hw_devices xc7z010_1]
set_property FULL_PROBES.FILE {} [get_hw_devices xc7z010_1]
set_property PROGRAM.FILE {C:/workspace/rubik/moteur_2phases/moteur_2phases.runs/impl_1/controle_moteur.bit} [get_hw_devices xc7z010_1]
program_hw_devices [get_hw_devices xc7z010_1]
INFO: [Labtools 27-3164] End of startup status: HIGH
refresh_hw_device [lindex [get_hw_devices xc7z010_1] 0]
INFO: [Labtools 27-1434] Device xc7z010 (JTAG device index = 1) is programmed with a design that has no supported debug core(s) in it.
reset_run synth_1
WARNING: [Vivado 12-1017] Problems encountered:
1. Failed to delete one or more files in run directory C:/workspace/rubik/moteur_2phases/moteur_2phases.runs/synth_1

launch_runs impl_1 -to_step write_bitstream -jobs 12
[Fri Apr  4 11:54:36 2025] Launched synth_1...
Run output will be captured here: C:/workspace/rubik/moteur_2phases/moteur_2phases.runs/synth_1/runme.log
[Fri Apr  4 11:54:36 2025] Launched impl_1...
Run output will be captured here: C:/workspace/rubik/moteur_2phases/moteur_2phases.runs/impl_1/runme.log
ERROR: [Labtoolstcl 44-513] HW Target shutdown. Closing target: localhost:3121/xilinx_tcf/Digilent/210279777966A
INFO: [Labtoolstcl 44-466] Opening hw_target localhost:3121/xilinx_tcf/Digilent/210279777966A
WARNING: [Labtoolstcl 44-129] No matching hw_ila_data was found.
INFO: [Labtools 27-1435] Device xc7z010 (JTAG device index = 1) is not programmed (DONE status = 0).
WARNING: [Labtoolstcl 44-129] No matching hw_ila_data was found.
set_property PROBES.FILE {} [get_hw_devices xc7z010_1]
set_property FULL_PROBES.FILE {} [get_hw_devices xc7z010_1]
set_property PROGRAM.FILE {C:/workspace/rubik/moteur_2phases/moteur_2phases.runs/impl_1/controle_moteur.bit} [get_hw_devices xc7z010_1]
program_hw_devices [get_hw_devices xc7z010_1]
INFO: [Labtools 27-3164] End of startup status: HIGH
refresh_hw_device [lindex [get_hw_devices xc7z010_1] 0]
INFO: [Labtools 27-1434] Device xc7z010 (JTAG device index = 1) is programmed with a design that has no supported debug core(s) in it.
exit
INFO: [Common 17-206] Exiting Vivado at Fri Apr  4 11:59:57 2025...
