#-----------------------------------------------------------
# Vivado v2019.1 (64-bit)
# SW Build 2552052 on Fri May 24 14:49:42 MDT 2019
# IP Build 2548770 on Fri May 24 18:01:18 MDT 2019
# Start of session at: Thu Apr 10 15:29:23 2025
# Process ID: 21092
# Current directory: C:/workspace/rubik/moteur_2phases
# Command line: vivado.exe -gui_launcher_event rodinguilauncherevent21072 C:\workspace\rubik\moteur_2phases\moteur_2phases.xpr
# Log file: C:/workspace/rubik/moteur_2phases/vivado.log
# Journal file: C:/workspace/rubik/moteur_2phases\vivado.jou
#-----------------------------------------------------------
start_gui
open_project C:/workspace/rubik/moteur_2phases/moteur_2phases.xpr
WARNING: [Board 49-91] Board repository path 'C:/Users/mateo/AppData/Roaming/Xilinx/Vivado/2019.1/xhub/board_store' does not exist, it will not be used to search board files.
Scanning sources...
Finished scanning sources
WARNING: [filemgmt 56-3] Board Part Repository Path: Could not find the directory 'C:/Users/mateo/AppData/Roaming/Xilinx/Vivado/2019.1/xhub/board_store'.
INFO: [IP_Flow 19-234] Refreshing IP repositories
INFO: [IP_Flow 19-1704] No user IP repositories specified
INFO: [IP_Flow 19-2313] Loaded Vivado IP repository 'C:/Xilinx_2019/Vivado/2019.1/data/ip'.
open_project: Time (s): cpu = 00:00:17 ; elapsed = 00:00:09 . Memory (MB): peak = 700.738 ; gain = 93.184
open_hw
update_compile_order -fileset sources_1
connect_hw_server
INFO: [Labtools 27-2285] Connecting to hw_server url TCP:localhost:3121
INFO: [Labtools 27-2222] Launching hw_server...
INFO: [Labtools 27-2221] Launch Output:

****** Xilinx hw_server v2019.1
  **** Build date : May 24 2019 at 15:13:31
    ** Copyright 1986-2019 Xilinx, Inc. All Rights Reserved.


open_hw_target
INFO: [Labtoolstcl 44-466] Opening hw_target localhost:3121/xilinx_tcf/Digilent/210279777966A
open_hw_target: Time (s): cpu = 00:00:05 ; elapsed = 00:00:09 . Memory (MB): peak = 1869.238 ; gain = 1127.070
set_property PROGRAM.FILE {C:/workspace/rubik/moteur_2phases/moteur_2phases.runs/impl_1/controle_moteur.bit} [get_hw_devices xc7z010_1]
current_hw_device [get_hw_devices xc7z010_1]
refresh_hw_device -update_hw_probes false [lindex [get_hw_devices xc7z010_1] 0]
INFO: [Labtools 27-1435] Device xc7z010 (JTAG device index = 1) is not programmed (DONE status = 0).
set_property PROBES.FILE {} [get_hw_devices xc7z010_1]
set_property FULL_PROBES.FILE {} [get_hw_devices xc7z010_1]
set_property PROGRAM.FILE {C:/workspace/rubik/moteur_2phases/moteur_2phases.runs/impl_1/controle_moteur.bit} [get_hw_devices xc7z010_1]
program_hw_devices [get_hw_devices xc7z010_1]
INFO: [Labtools 27-3164] End of startup status: HIGH
refresh_hw_device [lindex [get_hw_devices xc7z010_1] 0]
INFO: [Labtools 27-1434] Device xc7z010 (JTAG device index = 1) is programmed with a design that has no supported debug core(s) in it.
exit
INFO: [Common 17-206] Exiting Vivado at Thu Apr 10 15:31:17 2025...
