#-----------------------------------------------------------
# Vivado v2019.1 (64-bit)
# SW Build 2552052 on Fri May 24 14:49:42 MDT 2019
# IP Build 2548770 on Fri May 24 18:01:18 MDT 2019
# Start of session at: Thu Apr  3 09:37:18 2025
# Process ID: 21944
# Current directory: C:/workspace/rubik/project_rubik
# Command line: vivado.exe -gui_launcher_event rodinguilauncherevent15956 C:\workspace\rubik\project_rubik\project_rubik.xpr
# Log file: C:/workspace/rubik/project_rubik/vivado.log
# Journal file: C:/workspace/rubik/project_rubik\vivado.jou
#-----------------------------------------------------------
start_gui
open_project C:/workspace/rubik/project_rubik/project_rubik.xpr
WARNING: [Board 49-91] Board repository path 'C:/Users/mateo/AppData/Roaming/Xilinx/Vivado/2019.1/xhub/board_store' does not exist, it will not be used to search board files.
Scanning sources...
Finished scanning sources
WARNING: [filemgmt 56-3] Board Part Repository Path: Could not find the directory 'C:/Users/mateo/AppData/Roaming/Xilinx/Vivado/2019.1/xhub/board_store'.
INFO: [IP_Flow 19-234] Refreshing IP repositories
INFO: [IP_Flow 19-1704] No user IP repositories specified
INFO: [IP_Flow 19-2313] Loaded Vivado IP repository 'C:/Xilinx_2019/Vivado/2019.1/data/ip'.
WARNING: [BD 41-1661] One or more IPs have been locked in the design 'design1.bd'. Please run report_ip_status for more details and recommendations on how to fix this issue.
List of locked IPs:
design1_processing_system7_0_0
design1_rst_ps7_0_50M_0
design1_axi_smc_0

open_project: Time (s): cpu = 00:00:15 ; elapsed = 00:00:07 . Memory (MB): peak = 1008.930 ; gain = 130.754
file copy -force C:/workspace/rubik/project_rubik/project_rubik.runs/impl_1/design1_wrapper.sysdef D://design1_wrapper.hdf

update_compile_order -fileset sources_1
close_project
create_project moteur_2phases C:/workspace/rubik/moteur_2phases -part xc7z010clg400-1
INFO: [IP_Flow 19-234] Refreshing IP repositories
INFO: [IP_Flow 19-1704] No user IP repositories specified
INFO: [IP_Flow 19-2313] Loaded Vivado IP repository 'C:/Xilinx_2019/Vivado/2019.1/data/ip'.
create_project: Time (s): cpu = 00:00:08 ; elapsed = 00:00:06 . Memory (MB): peak = 1079.676 ; gain = 0.000
set_property board_part digilentinc.com:zybo-z7-10:part0:1.2 [current_project]
add_files -fileset constrs_1 -norecurse {{C:/Users/mateo/OneDrive - ozixe/Bureau/Cours/projet_rubik/Zybo-Master.xdc}}
file mkdir C:/workspace/rubik/moteur_2phases/moteur_2phases.srcs/sources_1/new
close [ open C:/workspace/rubik/moteur_2phases/moteur_2phases.srcs/sources_1/new/controle_moteur.vhd w ]
add_files C:/workspace/rubik/moteur_2phases/moteur_2phases.srcs/sources_1/new/controle_moteur.vhd
update_compile_order -fileset sources_1
update_compile_order -fileset sources_1
update_compile_order -fileset sources_1
launch_runs impl_1 -to_step write_bitstream -jobs 12
[Thu Apr  3 10:15:16 2025] Launched synth_1...
Run output will be captured here: C:/workspace/rubik/moteur_2phases/moteur_2phases.runs/synth_1/runme.log
[Thu Apr  3 10:15:16 2025] Launched impl_1...
Run output will be captured here: C:/workspace/rubik/moteur_2phases/moteur_2phases.runs/impl_1/runme.log
reset_run synth_1
launch_runs impl_1 -to_step write_bitstream -jobs 12
[Thu Apr  3 10:31:35 2025] Launched synth_1...
Run output will be captured here: C:/workspace/rubik/moteur_2phases/moteur_2phases.runs/synth_1/runme.log
[Thu Apr  3 10:31:35 2025] Launched impl_1...
Run output will be captured here: C:/workspace/rubik/moteur_2phases/moteur_2phases.runs/impl_1/runme.log
reset_run synth_1
launch_runs impl_1 -to_step write_bitstream -jobs 12
[Thu Apr  3 10:32:53 2025] Launched synth_1...
Run output will be captured here: C:/workspace/rubik/moteur_2phases/moteur_2phases.runs/synth_1/runme.log
[Thu Apr  3 10:32:53 2025] Launched impl_1...
Run output will be captured here: C:/workspace/rubik/moteur_2phases/moteur_2phases.runs/impl_1/runme.log
reset_run synth_1
launch_runs impl_1 -to_step write_bitstream -jobs 12
[Thu Apr  3 10:34:07 2025] Launched synth_1...
Run output will be captured here: C:/workspace/rubik/moteur_2phases/moteur_2phases.runs/synth_1/runme.log
[Thu Apr  3 10:34:07 2025] Launched impl_1...
Run output will be captured here: C:/workspace/rubik/moteur_2phases/moteur_2phases.runs/impl_1/runme.log
open_hw
connect_hw_server
INFO: [Labtools 27-2285] Connecting to hw_server url TCP:localhost:3121
INFO: [Labtools 27-2222] Launching hw_server...
INFO: [Labtools 27-2221] Launch Output:

****** Xilinx hw_server v2019.1
  **** Build date : May 24 2019 at 15:13:31
    ** Copyright 1986-2019 Xilinx, Inc. All Rights Reserved.


open_hw_target
INFO: [Labtoolstcl 44-466] Opening hw_target localhost:3121/xilinx_tcf/Digilent/210279777966A
open_hw_target: Time (s): cpu = 00:00:04 ; elapsed = 00:00:08 . Memory (MB): peak = 1990.355 ; gain = 910.680
set_property PROGRAM.FILE {C:/workspace/rubik/moteur_2phases/moteur_2phases.runs/impl_1/controle_moteur.bit} [get_hw_devices xc7z010_1]
current_hw_device [get_hw_devices xc7z010_1]
refresh_hw_device -update_hw_probes false [lindex [get_hw_devices xc7z010_1] 0]
INFO: [Labtools 27-1435] Device xc7z010 (JTAG device index = 1) is not programmed (DONE status = 0).
set_property PROBES.FILE {} [get_hw_devices xc7z010_1]
set_property FULL_PROBES.FILE {} [get_hw_devices xc7z010_1]
set_property PROGRAM.FILE {C:/workspace/rubik/moteur_2phases/moteur_2phases.runs/impl_1/controle_moteur.bit} [get_hw_devices xc7z010_1]
program_hw_devices [get_hw_devices xc7z010_1]
INFO: [Labtools 27-3164] End of startup status: HIGH
refresh_hw_device [lindex [get_hw_devices xc7z010_1] 0]
INFO: [Labtools 27-1434] Device xc7z010 (JTAG device index = 1) is programmed with a design that has no supported debug core(s) in it.
close_hw
reset_run synth_1
WARNING: [Vivado 12-1017] Problems encountered:
1. Failed to delete one or more files in run directory C:/workspace/rubik/moteur_2phases/moteur_2phases.runs/synth_1

launch_runs impl_1 -to_step write_bitstream -jobs 12
[Thu Apr  3 10:39:38 2025] Launched synth_1...
Run output will be captured here: C:/workspace/rubik/moteur_2phases/moteur_2phases.runs/synth_1/runme.log
[Thu Apr  3 10:39:38 2025] Launched impl_1...
Run output will be captured here: C:/workspace/rubik/moteur_2phases/moteur_2phases.runs/impl_1/runme.log
reset_run synth_1
WARNING: [Vivado 12-1017] Problems encountered:
1. Failed to delete one or more files in run directory C:/workspace/rubik/moteur_2phases/moteur_2phases.runs/synth_1

launch_runs impl_1 -to_step write_bitstream -jobs 12
[Thu Apr  3 10:41:59 2025] Launched synth_1...
Run output will be captured here: C:/workspace/rubik/moteur_2phases/moteur_2phases.runs/synth_1/runme.log
[Thu Apr  3 10:41:59 2025] Launched impl_1...
Run output will be captured here: C:/workspace/rubik/moteur_2phases/moteur_2phases.runs/impl_1/runme.log
reset_run synth_1
WARNING: [Vivado 12-1017] Problems encountered:
1. Failed to delete one or more files in run directory C:/workspace/rubik/moteur_2phases/moteur_2phases.runs/synth_1

launch_runs impl_1 -to_step write_bitstream -jobs 12
[Thu Apr  3 10:43:53 2025] Launched synth_1...
Run output will be captured here: C:/workspace/rubik/moteur_2phases/moteur_2phases.runs/synth_1/runme.log
[Thu Apr  3 10:43:53 2025] Launched impl_1...
Run output will be captured here: C:/workspace/rubik/moteur_2phases/moteur_2phases.runs/impl_1/runme.log
open_hw
connect_hw_server
INFO: [Labtools 27-2285] Connecting to hw_server url TCP:localhost:3121
INFO: [Labtools 27-2222] Launching hw_server...
INFO: [Labtools 27-2221] Launch Output:

****** Xilinx hw_server v2019.1
  **** Build date : May 24 2019 at 15:13:31
    ** Copyright 1986-2019 Xilinx, Inc. All Rights Reserved.


open_hw_target
INFO: [Labtoolstcl 44-466] Opening hw_target localhost:3121/xilinx_tcf/Digilent/210279777966A
set_property PROGRAM.FILE {C:/workspace/rubik/moteur_2phases/moteur_2phases.runs/impl_1/controle_moteur.bit} [get_hw_devices xc7z010_1]
current_hw_device [get_hw_devices xc7z010_1]
refresh_hw_device -update_hw_probes false [lindex [get_hw_devices xc7z010_1] 0]
INFO: [Labtools 27-1434] Device xc7z010 (JTAG device index = 1) is programmed with a design that has no supported debug core(s) in it.
set_property PROBES.FILE {} [get_hw_devices xc7z010_1]
set_property FULL_PROBES.FILE {} [get_hw_devices xc7z010_1]
set_property PROGRAM.FILE {C:/workspace/rubik/moteur_2phases/moteur_2phases.runs/impl_1/controle_moteur.bit} [get_hw_devices xc7z010_1]
program_hw_devices [get_hw_devices xc7z010_1]
INFO: [Labtools 27-3164] End of startup status: HIGH
refresh_hw_device [lindex [get_hw_devices xc7z010_1] 0]
INFO: [Labtools 27-1434] Device xc7z010 (JTAG device index = 1) is programmed with a design that has no supported debug core(s) in it.
ERROR: [Labtoolstcl 44-513] HW Target shutdown. Closing target: localhost:3121/xilinx_tcf/Digilent/210279777966A
INFO: [Labtoolstcl 44-466] Opening hw_target localhost:3121/xilinx_tcf/Digilent/210279777966A
WARNING: [Labtoolstcl 44-129] No matching hw_ila_data was found.
INFO: [Labtools 27-1435] Device xc7z010 (JTAG device index = 1) is not programmed (DONE status = 0).
WARNING: [Labtoolstcl 44-129] No matching hw_ila_data was found.
set_property PROBES.FILE {} [get_hw_devices xc7z010_1]
set_property FULL_PROBES.FILE {} [get_hw_devices xc7z010_1]
set_property PROGRAM.FILE {C:/workspace/rubik/moteur_2phases/moteur_2phases.runs/impl_1/controle_moteur.bit} [get_hw_devices xc7z010_1]
program_hw_devices [get_hw_devices xc7z010_1]
INFO: [Labtools 27-3164] End of startup status: HIGH
refresh_hw_device [lindex [get_hw_devices xc7z010_1] 0]
INFO: [Labtools 27-1434] Device xc7z010 (JTAG device index = 1) is programmed with a design that has no supported debug core(s) in it.
reset_run synth_1
WARNING: [Vivado 12-1017] Problems encountered:
1. Failed to delete one or more files in run directory C:/workspace/rubik/moteur_2phases/moteur_2phases.runs/synth_1

launch_runs impl_1 -to_step write_bitstream -jobs 12
[Thu Apr  3 11:09:44 2025] Launched synth_1...
Run output will be captured here: C:/workspace/rubik/moteur_2phases/moteur_2phases.runs/synth_1/runme.log
[Thu Apr  3 11:09:44 2025] Launched impl_1...
Run output will be captured here: C:/workspace/rubik/moteur_2phases/moteur_2phases.runs/impl_1/runme.log
set_property PROBES.FILE {} [get_hw_devices xc7z010_1]
set_property FULL_PROBES.FILE {} [get_hw_devices xc7z010_1]
set_property PROGRAM.FILE {C:/workspace/rubik/moteur_2phases/moteur_2phases.runs/impl_1/controle_moteur.bit} [get_hw_devices xc7z010_1]
program_hw_devices [get_hw_devices xc7z010_1]
INFO: [Labtools 27-3164] End of startup status: HIGH
refresh_hw_device [lindex [get_hw_devices xc7z010_1] 0]
INFO: [Labtools 27-1434] Device xc7z010 (JTAG device index = 1) is programmed with a design that has no supported debug core(s) in it.
reset_run synth_1
WARNING: [Vivado 12-1017] Problems encountered:
1. Failed to delete one or more files in run directory C:/workspace/rubik/moteur_2phases/moteur_2phases.runs/synth_1

launch_runs impl_1 -to_step write_bitstream -jobs 12
[Thu Apr  3 11:14:08 2025] Launched synth_1...
Run output will be captured here: C:/workspace/rubik/moteur_2phases/moteur_2phases.runs/synth_1/runme.log
[Thu Apr  3 11:14:08 2025] Launched impl_1...
Run output will be captured here: C:/workspace/rubik/moteur_2phases/moteur_2phases.runs/impl_1/runme.log
set_property PROBES.FILE {} [get_hw_devices xc7z010_1]
set_property FULL_PROBES.FILE {} [get_hw_devices xc7z010_1]
set_property PROGRAM.FILE {C:/workspace/rubik/moteur_2phases/moteur_2phases.runs/impl_1/controle_moteur.bit} [get_hw_devices xc7z010_1]
program_hw_devices [get_hw_devices xc7z010_1]
INFO: [Labtools 27-3164] End of startup status: HIGH
refresh_hw_device [lindex [get_hw_devices xc7z010_1] 0]
INFO: [Labtools 27-1434] Device xc7z010 (JTAG device index = 1) is programmed with a design that has no supported debug core(s) in it.
ERROR: [Labtoolstcl 44-513] HW Target shutdown. Closing target: localhost:3121/xilinx_tcf/Digilent/210279777966A
INFO: [Labtoolstcl 44-466] Opening hw_target localhost:3121/xilinx_tcf/Digilent/210279777966A
WARNING: [Labtoolstcl 44-129] No matching hw_ila_data was found.
INFO: [Labtools 27-1435] Device xc7z010 (JTAG device index = 1) is not programmed (DONE status = 0).
WARNING: [Labtoolstcl 44-129] No matching hw_ila_data was found.
ERROR: [Labtoolstcl 44-513] HW Target shutdown. Closing target: localhost:3121/xilinx_tcf/Digilent/210279777966A
reset_run synth_1
WARNING: [Vivado 12-1017] Problems encountered:
1. Failed to delete one or more files in run directory C:/workspace/rubik/moteur_2phases/moteur_2phases.runs/synth_1

launch_runs impl_1 -to_step write_bitstream -jobs 12
[Thu Apr  3 11:21:30 2025] Launched synth_1...
Run output will be captured here: C:/workspace/rubik/moteur_2phases/moteur_2phases.runs/synth_1/runme.log
[Thu Apr  3 11:21:30 2025] Launched impl_1...
Run output will be captured here: C:/workspace/rubik/moteur_2phases/moteur_2phases.runs/impl_1/runme.log
INFO: [Labtoolstcl 44-466] Opening hw_target localhost:3121/xilinx_tcf/Digilent/210279777966A
WARNING: [Labtoolstcl 44-129] No matching hw_ila_data was found.
INFO: [Labtools 27-1435] Device xc7z010 (JTAG device index = 1) is not programmed (DONE status = 0).
WARNING: [Labtoolstcl 44-129] No matching hw_ila_data was found.
set_property PROBES.FILE {} [get_hw_devices xc7z010_1]
set_property FULL_PROBES.FILE {} [get_hw_devices xc7z010_1]
set_property PROGRAM.FILE {C:/workspace/rubik/moteur_2phases/moteur_2phases.runs/impl_1/controle_moteur.bit} [get_hw_devices xc7z010_1]
program_hw_devices [get_hw_devices xc7z010_1]
INFO: [Labtools 27-3164] End of startup status: HIGH
refresh_hw_device [lindex [get_hw_devices xc7z010_1] 0]
INFO: [Labtools 27-1434] Device xc7z010 (JTAG device index = 1) is programmed with a design that has no supported debug core(s) in it.
set_property PROBES.FILE {} [get_hw_devices xc7z010_1]
set_property FULL_PROBES.FILE {} [get_hw_devices xc7z010_1]
set_property PROGRAM.FILE {C:/workspace/rubik/moteur_2phases/moteur_2phases.runs/impl_1/controle_moteur.bit} [get_hw_devices xc7z010_1]
program_hw_devices [get_hw_devices xc7z010_1]
INFO: [Labtools 27-3164] End of startup status: HIGH
refresh_hw_device [lindex [get_hw_devices xc7z010_1] 0]
INFO: [Labtools 27-1434] Device xc7z010 (JTAG device index = 1) is programmed with a design that has no supported debug core(s) in it.
reset_run synth_1
WARNING: [Vivado 12-1017] Problems encountered:
1. Failed to delete one or more files in run directory C:/workspace/rubik/moteur_2phases/moteur_2phases.runs/synth_1

launch_runs impl_1 -to_step write_bitstream -jobs 12
[Thu Apr  3 12:01:05 2025] Launched synth_1...
Run output will be captured here: C:/workspace/rubik/moteur_2phases/moteur_2phases.runs/synth_1/runme.log
[Thu Apr  3 12:01:05 2025] Launched impl_1...
Run output will be captured here: C:/workspace/rubik/moteur_2phases/moteur_2phases.runs/impl_1/runme.log
set_property PROBES.FILE {} [get_hw_devices xc7z010_1]
set_property FULL_PROBES.FILE {} [get_hw_devices xc7z010_1]
set_property PROGRAM.FILE {C:/workspace/rubik/moteur_2phases/moteur_2phases.runs/impl_1/controle_moteur.bit} [get_hw_devices xc7z010_1]
program_hw_devices [get_hw_devices xc7z010_1]
INFO: [Labtools 27-3164] End of startup status: HIGH
refresh_hw_device [lindex [get_hw_devices xc7z010_1] 0]
INFO: [Labtools 27-1434] Device xc7z010 (JTAG device index = 1) is programmed with a design that has no supported debug core(s) in it.
exit
INFO: [Common 17-206] Exiting Vivado at Thu Apr  3 12:06:02 2025...
