The target system is: Linux -  - arm
The host system is: Linux - 5.15.0-136-generic - x86_64
Compiling the C compiler identification source file "CMakeCCompilerId.c" succeeded.
Compiler: /home/gad/Documents/cours/gcc-linaro-5.3-2016.02-x86_64_arm-linux-gnueabihf/bin/arm-linux-gnueabihf-gcc 
Build flags: 
Id flags:  

The output was:
0


Compilation of the C compiler identification source "CMakeCCompilerId.c" produced "a.out"

The C compiler identification is GNU, found in "/home/gad/Documents/cours/rubiks_cube/build/CMakeFiles/3.16.3/CompilerIdC/a.out"

Compiling the CXX compiler identification source file "CMakeCXXCompilerId.cpp" succeeded.
Compiler: /home/gad/Documents/cours/gcc-linaro-5.3-2016.02-x86_64_arm-linux-gnueabihf/bin/arm-linux-gnueabihf-g++ 
Build flags: 
Id flags:  

The output was:
0


Compilation of the CXX compiler identification source "CMakeCXXCompilerId.cpp" produced "a.out"

The CXX compiler identification is GNU, found in "/home/gad/Documents/cours/rubiks_cube/build/CMakeFiles/3.16.3/CompilerIdCXX/a.out"

Determining if the C compiler works passed with the following output:
Change Dir: /home/gad/Documents/cours/rubiks_cube/build/CMakeFiles/CMakeTmp

Run Build Command(s):/usr/bin/make cmTC_020be/fast && /usr/bin/make -f CMakeFiles/cmTC_020be.dir/build.make CMakeFiles/cmTC_020be.dir/build
make[1] : on entre dans le répertoire « /home/gad/Documents/cours/rubiks_cube/build/CMakeFiles/CMakeTmp »
Building C object CMakeFiles/cmTC_020be.dir/testCCompiler.c.o
/home/gad/Documents/cours/gcc-linaro-5.3-2016.02-x86_64_arm-linux-gnueabihf/bin/arm-linux-gnueabihf-gcc --sysroot=/home/gad/Documents/cours/sysroot_zybo    -o CMakeFiles/cmTC_020be.dir/testCCompiler.c.o   -c /home/gad/Documents/cours/rubiks_cube/build/CMakeFiles/CMakeTmp/testCCompiler.c
Linking C executable cmTC_020be
/usr/bin/cmake -E cmake_link_script CMakeFiles/cmTC_020be.dir/link.txt --verbose=1
/home/gad/Documents/cours/gcc-linaro-5.3-2016.02-x86_64_arm-linux-gnueabihf/bin/arm-linux-gnueabihf-gcc --sysroot=/home/gad/Documents/cours/sysroot_zybo    -Wl,-rpath-link,/home/gad/Documents/cours/sysroot_zybo/lib/arm-linux-gnueabihf -Wl,-rpath-link,/home/gad/Documents/cours/sysroot_zybo/usr/lib/arm-linux-gnueabihf  CMakeFiles/cmTC_020be.dir/testCCompiler.c.o  -o cmTC_020be 
make[1] : on quitte le répertoire « /home/gad/Documents/cours/rubiks_cube/build/CMakeFiles/CMakeTmp »



Detecting C compiler ABI info compiled with the following output:
Change Dir: /home/gad/Documents/cours/rubiks_cube/build/CMakeFiles/CMakeTmp

Run Build Command(s):/usr/bin/make cmTC_66cbe/fast && /usr/bin/make -f CMakeFiles/cmTC_66cbe.dir/build.make CMakeFiles/cmTC_66cbe.dir/build
make[1]: Entering directory '/home/gad/Documents/cours/rubiks_cube/build/CMakeFiles/CMakeTmp'
Building C object CMakeFiles/cmTC_66cbe.dir/CMakeCCompilerABI.c.o
/home/gad/Documents/cours/gcc-linaro-5.3-2016.02-x86_64_arm-linux-gnueabihf/bin/arm-linux-gnueabihf-gcc --sysroot=/home/gad/Documents/cours/sysroot_zybo   -v -o CMakeFiles/cmTC_66cbe.dir/CMakeCCompilerABI.c.o   -c /usr/share/cmake-3.16/Modules/CMakeCCompilerABI.c
Using built-in specs.
COLLECT_GCC=/home/gad/Documents/cours/gcc-linaro-5.3-2016.02-x86_64_arm-linux-gnueabihf/bin/arm-linux-gnueabihf-gcc
Target: arm-linux-gnueabihf
Configured with: /home/tcwg-buildslave/workspace/tcwg-make-release/label/tcwg-x86_64-ex40/target/arm-linux-gnueabihf/snapshots/gcc-linaro-5.3-2016.02/configure SHELL=/bin/bash --with-bugurl=https://bugs.linaro.org --with-mpc=/home/tcwg-buildslave/workspace/tcwg-make-release/label/tcwg-x86_64-ex40/target/arm-linux-gnueabihf/_build/builds/destdir/x86_64-unknown-linux-gnu --with-mpfr=/home/tcwg-buildslave/workspace/tcwg-make-release/label/tcwg-x86_64-ex40/target/arm-linux-gnueabihf/_build/builds/destdir/x86_64-unknown-linux-gnu --with-gmp=/home/tcwg-buildslave/workspace/tcwg-make-release/label/tcwg-x86_64-ex40/target/arm-linux-gnueabihf/_build/builds/destdir/x86_64-unknown-linux-gnu --with-gnu-as --with-gnu-ld --disable-libstdcxx-pch --disable-libmudflap --with-cloog=no --with-ppl=no --with-isl=no --disable-nls --enable-c99 --with-tune=cortex-a9 --with-arch=armv7-a --with-fpu=vfpv3-d16 --with-float=hard --with-mode=thumb --disable-multilib --enable-multiarch --with-build-sysroot=/home/tcwg-buildslave/workspace/tcwg-make-release/label/tcwg-x86_64-ex40/target/arm-linux-gnueabihf/_build/sysroots/arm-linux-gnueabihf --enable-lto --enable-linker-build-id --enable-long-long --enable-shared --with-sysroot=/home/tcwg-buildslave/workspace/tcwg-make-release/label/tcwg-x86_64-ex40/target/arm-linux-gnueabihf/_build/builds/destdir/x86_64-unknown-linux-gnu/arm-linux-gnueabihf/libc --enable-languages=c,c++,fortran,lto --enable-checking=release --disable-bootstrap --with-bugurl=https://bugs.linaro.org --build=x86_64-unknown-linux-gnu --host=x86_64-unknown-linux-gnu --target=arm-linux-gnueabihf --prefix=/home/tcwg-buildslave/workspace/tcwg-make-release/label/tcwg-x86_64-ex40/target/arm-linux-gnueabihf/_build/builds/destdir/x86_64-unknown-linux-gnu
Thread model: posix
gcc version 5.3.1 20160113 (Linaro GCC 5.3-2016.02) 
COLLECT_GCC_OPTIONS='-v' '-o' 'CMakeFiles/cmTC_66cbe.dir/CMakeCCompilerABI.c.o' '-c' '-march=armv7-a' '-mtune=cortex-a9' '-mfloat-abi=hard' '-mfpu=vfpv3-d16' '-mthumb' '-mtls-dialect=gnu'
 /home/gad/Documents/cours/gcc-linaro-5.3-2016.02-x86_64_arm-linux-gnueabihf/bin/../libexec/gcc/arm-linux-gnueabihf/5.3.1/cc1 -quiet -v -imultilib . -imultiarch arm-linux-gnueabihf -iprefix /home/gad/Documents/cours/gcc-linaro-5.3-2016.02-x86_64_arm-linux-gnueabihf/bin/../lib/gcc/arm-linux-gnueabihf/5.3.1/ -isysroot /home/gad/Documents/cours/sysroot_zybo /usr/share/cmake-3.16/Modules/CMakeCCompilerABI.c -quiet -dumpbase CMakeCCompilerABI.c -march=armv7-a -mtune=cortex-a9 -mfloat-abi=hard -mfpu=vfpv3-d16 -mthumb -mtls-dialect=gnu -auxbase-strip CMakeFiles/cmTC_66cbe.dir/CMakeCCompilerABI.c.o -version -o /tmp/ccjTEYPI.s
GNU C11 (Linaro GCC 5.3-2016.02) version 5.3.1 20160113 (arm-linux-gnueabihf)
	compiled by GNU C version 4.9.2, GMP version 6.0.0, MPFR version 3.1.3, MPC version 1.0.3
GGC heuristics: --param ggc-min-expand=100 --param ggc-min-heapsize=131072
ignoring duplicate directory "/home/gad/Documents/cours/gcc-linaro-5.3-2016.02-x86_64_arm-linux-gnueabihf/bin/../lib/gcc/../../lib/gcc/arm-linux-gnueabihf/5.3.1/include"
ignoring nonexistent directory "/home/gad/Documents/cours/sysroot_zybo/usr/local/include/arm-linux-gnueabihf"
ignoring nonexistent directory "/home/gad/Documents/cours/sysroot_zybo/usr/local/include"
ignoring duplicate directory "/home/gad/Documents/cours/gcc-linaro-5.3-2016.02-x86_64_arm-linux-gnueabihf/bin/../lib/gcc/../../lib/gcc/arm-linux-gnueabihf/5.3.1/include-fixed"
ignoring duplicate directory "/home/gad/Documents/cours/gcc-linaro-5.3-2016.02-x86_64_arm-linux-gnueabihf/bin/../lib/gcc/../../lib/gcc/arm-linux-gnueabihf/5.3.1/../../../../arm-linux-gnueabihf/include"
#include "..." search starts here:
#include <...> search starts here:
 /home/gad/Documents/cours/gcc-linaro-5.3-2016.02-x86_64_arm-linux-gnueabihf/bin/../lib/gcc/arm-linux-gnueabihf/5.3.1/include
 /home/gad/Documents/cours/gcc-linaro-5.3-2016.02-x86_64_arm-linux-gnueabihf/bin/../lib/gcc/arm-linux-gnueabihf/5.3.1/include-fixed
 /home/gad/Documents/cours/gcc-linaro-5.3-2016.02-x86_64_arm-linux-gnueabihf/bin/../lib/gcc/arm-linux-gnueabihf/5.3.1/../../../../arm-linux-gnueabihf/include
 /home/gad/Documents/cours/sysroot_zybo/usr/include/arm-linux-gnueabihf
 /home/gad/Documents/cours/sysroot_zybo/usr/include
End of search list.
GNU C11 (Linaro GCC 5.3-2016.02) version 5.3.1 20160113 (arm-linux-gnueabihf)
	compiled by GNU C version 4.9.2, GMP version 6.0.0, MPFR version 3.1.3, MPC version 1.0.3
GGC heuristics: --param ggc-min-expand=100 --param ggc-min-heapsize=131072
Compiler executable checksum: eb391097afb08ac0c6be8ef054c07fdb
COLLECT_GCC_OPTIONS='-v' '-o' 'CMakeFiles/cmTC_66cbe.dir/CMakeCCompilerABI.c.o' '-c' '-march=armv7-a' '-mtune=cortex-a9' '-mfloat-abi=hard' '-mfpu=vfpv3-d16' '-mthumb' '-mtls-dialect=gnu'
 /home/gad/Documents/cours/gcc-linaro-5.3-2016.02-x86_64_arm-linux-gnueabihf/bin/../lib/gcc/arm-linux-gnueabihf/5.3.1/../../../../arm-linux-gnueabihf/bin/as -v -march=armv7-a -mfloat-abi=hard -mfpu=vfpv3-d16 -meabi=5 -o CMakeFiles/cmTC_66cbe.dir/CMakeCCompilerABI.c.o /tmp/ccjTEYPI.s
GNU assembler version 2.25.0 (arm-linux-gnueabihf) using BFD version (GNU Binutils) 2.25.0 Linaro 2015_10
COMPILER_PATH=/home/gad/Documents/cours/gcc-linaro-5.3-2016.02-x86_64_arm-linux-gnueabihf/bin/../libexec/gcc/arm-linux-gnueabihf/5.3.1/:/home/gad/Documents/cours/gcc-linaro-5.3-2016.02-x86_64_arm-linux-gnueabihf/bin/../libexec/gcc/arm-linux-gnueabihf/:/home/gad/Documents/cours/gcc-linaro-5.3-2016.02-x86_64_arm-linux-gnueabihf/bin/../libexec/gcc/:/home/gad/Documents/cours/gcc-linaro-5.3-2016.02-x86_64_arm-linux-gnueabihf/bin/../lib/gcc/arm-linux-gnueabihf/5.3.1/../../../../arm-linux-gnueabihf/bin/
LIBRARY_PATH=/home/gad/Documents/cours/gcc-linaro-5.3-2016.02-x86_64_arm-linux-gnueabihf/bin/../lib/gcc/arm-linux-gnueabihf/5.3.1/:/home/gad/Documents/cours/gcc-linaro-5.3-2016.02-x86_64_arm-linux-gnueabihf/bin/../lib/gcc/arm-linux-gnueabihf/:/home/gad/Documents/cours/gcc-linaro-5.3-2016.02-x86_64_arm-linux-gnueabihf/bin/../lib/gcc/:/home/gad/Documents/cours/gcc-linaro-5.3-2016.02-x86_64_arm-linux-gnueabihf/bin/../lib/gcc/arm-linux-gnueabihf/5.3.1/../../../../arm-linux-gnueabihf/lib/:/home/gad/Documents/cours/sysroot_zybo/lib/arm-linux-gnueabihf/:/home/gad/Documents/cours/sysroot_zybo/lib/:/home/gad/Documents/cours/sysroot_zybo/usr/lib/arm-linux-gnueabihf/:/home/gad/Documents/cours/sysroot_zybo/usr/lib/
COLLECT_GCC_OPTIONS='-v' '-o' 'CMakeFiles/cmTC_66cbe.dir/CMakeCCompilerABI.c.o' '-c' '-march=armv7-a' '-mtune=cortex-a9' '-mfloat-abi=hard' '-mfpu=vfpv3-d16' '-mthumb' '-mtls-dialect=gnu'
Linking C executable cmTC_66cbe
/usr/bin/cmake -E cmake_link_script CMakeFiles/cmTC_66cbe.dir/link.txt --verbose=1
/home/gad/Documents/cours/gcc-linaro-5.3-2016.02-x86_64_arm-linux-gnueabihf/bin/arm-linux-gnueabihf-gcc --sysroot=/home/gad/Documents/cours/sysroot_zybo    -Wl,-rpath-link,/home/gad/Documents/cours/sysroot_zybo/lib/arm-linux-gnueabihf -Wl,-rpath-link,/home/gad/Documents/cours/sysroot_zybo/usr/lib/arm-linux-gnueabihf -v CMakeFiles/cmTC_66cbe.dir/CMakeCCompilerABI.c.o  -o cmTC_66cbe 
Using built-in specs.
COLLECT_GCC=/home/gad/Documents/cours/gcc-linaro-5.3-2016.02-x86_64_arm-linux-gnueabihf/bin/arm-linux-gnueabihf-gcc
COLLECT_LTO_WRAPPER=/home/gad/Documents/cours/gcc-linaro-5.3-2016.02-x86_64_arm-linux-gnueabihf/bin/../libexec/gcc/arm-linux-gnueabihf/5.3.1/lto-wrapper
Target: arm-linux-gnueabihf
Configured with: /home/tcwg-buildslave/workspace/tcwg-make-release/label/tcwg-x86_64-ex40/target/arm-linux-gnueabihf/snapshots/gcc-linaro-5.3-2016.02/configure SHELL=/bin/bash --with-bugurl=https://bugs.linaro.org --with-mpc=/home/tcwg-buildslave/workspace/tcwg-make-release/label/tcwg-x86_64-ex40/target/arm-linux-gnueabihf/_build/builds/destdir/x86_64-unknown-linux-gnu --with-mpfr=/home/tcwg-buildslave/workspace/tcwg-make-release/label/tcwg-x86_64-ex40/target/arm-linux-gnueabihf/_build/builds/destdir/x86_64-unknown-linux-gnu --with-gmp=/home/tcwg-buildslave/workspace/tcwg-make-release/label/tcwg-x86_64-ex40/target/arm-linux-gnueabihf/_build/builds/destdir/x86_64-unknown-linux-gnu --with-gnu-as --with-gnu-ld --disable-libstdcxx-pch --disable-libmudflap --with-cloog=no --with-ppl=no --with-isl=no --disable-nls --enable-c99 --with-tune=cortex-a9 --with-arch=armv7-a --with-fpu=vfpv3-d16 --with-float=hard --with-mode=thumb --disable-multilib --enable-multiarch --with-build-sysroot=/home/tcwg-buildslave/workspace/tcwg-make-release/label/tcwg-x86_64-ex40/target/arm-linux-gnueabihf/_build/sysroots/arm-linux-gnueabihf --enable-lto --enable-linker-build-id --enable-long-long --enable-shared --with-sysroot=/home/tcwg-buildslave/workspace/tcwg-make-release/label/tcwg-x86_64-ex40/target/arm-linux-gnueabihf/_build/builds/destdir/x86_64-unknown-linux-gnu/arm-linux-gnueabihf/libc --enable-languages=c,c++,fortran,lto --enable-checking=release --disable-bootstrap --with-bugurl=https://bugs.linaro.org --build=x86_64-unknown-linux-gnu --host=x86_64-unknown-linux-gnu --target=arm-linux-gnueabihf --prefix=/home/tcwg-buildslave/workspace/tcwg-make-release/label/tcwg-x86_64-ex40/target/arm-linux-gnueabihf/_build/builds/destdir/x86_64-unknown-linux-gnu
Thread model: posix
gcc version 5.3.1 20160113 (Linaro GCC 5.3-2016.02) 
COMPILER_PATH=/home/gad/Documents/cours/gcc-linaro-5.3-2016.02-x86_64_arm-linux-gnueabihf/bin/../libexec/gcc/arm-linux-gnueabihf/5.3.1/:/home/gad/Documents/cours/gcc-linaro-5.3-2016.02-x86_64_arm-linux-gnueabihf/bin/../libexec/gcc/arm-linux-gnueabihf/:/home/gad/Documents/cours/gcc-linaro-5.3-2016.02-x86_64_arm-linux-gnueabihf/bin/../libexec/gcc/:/home/gad/Documents/cours/gcc-linaro-5.3-2016.02-x86_64_arm-linux-gnueabihf/bin/../lib/gcc/arm-linux-gnueabihf/5.3.1/../../../../arm-linux-gnueabihf/bin/
LIBRARY_PATH=/home/gad/Documents/cours/gcc-linaro-5.3-2016.02-x86_64_arm-linux-gnueabihf/bin/../lib/gcc/arm-linux-gnueabihf/5.3.1/:/home/gad/Documents/cours/gcc-linaro-5.3-2016.02-x86_64_arm-linux-gnueabihf/bin/../lib/gcc/arm-linux-gnueabihf/:/home/gad/Documents/cours/gcc-linaro-5.3-2016.02-x86_64_arm-linux-gnueabihf/bin/../lib/gcc/:/home/gad/Documents/cours/gcc-linaro-5.3-2016.02-x86_64_arm-linux-gnueabihf/bin/../lib/gcc/arm-linux-gnueabihf/5.3.1/../../../../arm-linux-gnueabihf/lib/:/home/gad/Documents/cours/sysroot_zybo/lib/arm-linux-gnueabihf/:/home/gad/Documents/cours/sysroot_zybo/lib/:/home/gad/Documents/cours/sysroot_zybo/usr/lib/arm-linux-gnueabihf/:/home/gad/Documents/cours/sysroot_zybo/usr/lib/
COLLECT_GCC_OPTIONS='-v' '-o' 'cmTC_66cbe' '-march=armv7-a' '-mtune=cortex-a9' '-mfloat-abi=hard' '-mfpu=vfpv3-d16' '-mthumb' '-mtls-dialect=gnu'
 /home/gad/Documents/cours/gcc-linaro-5.3-2016.02-x86_64_arm-linux-gnueabihf/bin/../libexec/gcc/arm-linux-gnueabihf/5.3.1/collect2 -plugin /home/gad/Documents/cours/gcc-linaro-5.3-2016.02-x86_64_arm-linux-gnueabihf/bin/../libexec/gcc/arm-linux-gnueabihf/5.3.1/liblto_plugin.so -plugin-opt=/home/gad/Documents/cours/gcc-linaro-5.3-2016.02-x86_64_arm-linux-gnueabihf/bin/../libexec/gcc/arm-linux-gnueabihf/5.3.1/lto-wrapper -plugin-opt=-fresolution=/tmp/ccr0wdKc.res -plugin-opt=-pass-through=-lgcc -plugin-opt=-pass-through=-lgcc_s -plugin-opt=-pass-through=-lc -plugin-opt=-pass-through=-lgcc -plugin-opt=-pass-through=-lgcc_s --sysroot=/home/gad/Documents/cours/sysroot_zybo --build-id --eh-frame-hdr -dynamic-linker /lib/ld-linux-armhf.so.3 -X -m armelf_linux_eabi -o cmTC_66cbe /home/gad/Documents/cours/sysroot_zybo/usr/lib/arm-linux-gnueabihf/crt1.o /home/gad/Documents/cours/sysroot_zybo/usr/lib/arm-linux-gnueabihf/crti.o /home/gad/Documents/cours/gcc-linaro-5.3-2016.02-x86_64_arm-linux-gnueabihf/bin/../lib/gcc/arm-linux-gnueabihf/5.3.1/crtbegin.o -L/home/gad/Documents/cours/gcc-linaro-5.3-2016.02-x86_64_arm-linux-gnueabihf/bin/../lib/gcc/arm-linux-gnueabihf/5.3.1 -L/home/gad/Documents/cours/gcc-linaro-5.3-2016.02-x86_64_arm-linux-gnueabihf/bin/../lib/gcc/arm-linux-gnueabihf -L/home/gad/Documents/cours/gcc-linaro-5.3-2016.02-x86_64_arm-linux-gnueabihf/bin/../lib/gcc -L/home/gad/Documents/cours/gcc-linaro-5.3-2016.02-x86_64_arm-linux-gnueabihf/bin/../lib/gcc/arm-linux-gnueabihf/5.3.1/../../../../arm-linux-gnueabihf/lib -L/home/gad/Documents/cours/sysroot_zybo/lib/arm-linux-gnueabihf -L/home/gad/Documents/cours/sysroot_zybo/lib -L/home/gad/Documents/cours/sysroot_zybo/usr/lib/arm-linux-gnueabihf -L/home/gad/Documents/cours/sysroot_zybo/usr/lib -rpath-link /home/gad/Documents/cours/sysroot_zybo/lib/arm-linux-gnueabihf -rpath-link /home/gad/Documents/cours/sysroot_zybo/usr/lib/arm-linux-gnueabihf CMakeFiles/cmTC_66cbe.dir/CMakeCCompilerABI.c.o -lgcc --as-needed -lgcc_s --no-as-needed -lc -lgcc --as-needed -lgcc_s --no-as-needed /home/gad/Documents/cours/gcc-linaro-5.3-2016.02-x86_64_arm-linux-gnueabihf/bin/../lib/gcc/arm-linux-gnueabihf/5.3.1/crtend.o /home/gad/Documents/cours/sysroot_zybo/usr/lib/arm-linux-gnueabihf/crtn.o
make[1]: Leaving directory '/home/gad/Documents/cours/rubiks_cube/build/CMakeFiles/CMakeTmp'



Parsed C implicit include dir info from above output: rv=done
  found start of include info
  found start of implicit include info
    add: [/home/gad/Documents/cours/gcc-linaro-5.3-2016.02-x86_64_arm-linux-gnueabihf/bin/../lib/gcc/arm-linux-gnueabihf/5.3.1/include]
    add: [/home/gad/Documents/cours/gcc-linaro-5.3-2016.02-x86_64_arm-linux-gnueabihf/bin/../lib/gcc/arm-linux-gnueabihf/5.3.1/include-fixed]
    add: [/home/gad/Documents/cours/gcc-linaro-5.3-2016.02-x86_64_arm-linux-gnueabihf/bin/../lib/gcc/arm-linux-gnueabihf/5.3.1/../../../../arm-linux-gnueabihf/include]
    add: [/home/gad/Documents/cours/sysroot_zybo/usr/include/arm-linux-gnueabihf]
    add: [/home/gad/Documents/cours/sysroot_zybo/usr/include]
  end of search list found
  collapse include dir [/home/gad/Documents/cours/gcc-linaro-5.3-2016.02-x86_64_arm-linux-gnueabihf/bin/../lib/gcc/arm-linux-gnueabihf/5.3.1/include] ==> [/home/gad/Documents/cours/gcc-linaro-5.3-2016.02-x86_64_arm-linux-gnueabihf/lib/gcc/arm-linux-gnueabihf/5.3.1/include]
  collapse include dir [/home/gad/Documents/cours/gcc-linaro-5.3-2016.02-x86_64_arm-linux-gnueabihf/bin/../lib/gcc/arm-linux-gnueabihf/5.3.1/include-fixed] ==> [/home/gad/Documents/cours/gcc-linaro-5.3-2016.02-x86_64_arm-linux-gnueabihf/lib/gcc/arm-linux-gnueabihf/5.3.1/include-fixed]
  collapse include dir [/home/gad/Documents/cours/gcc-linaro-5.3-2016.02-x86_64_arm-linux-gnueabihf/bin/../lib/gcc/arm-linux-gnueabihf/5.3.1/../../../../arm-linux-gnueabihf/include] ==> [/home/gad/Documents/cours/gcc-linaro-5.3-2016.02-x86_64_arm-linux-gnueabihf/arm-linux-gnueabihf/include]
  collapse include dir [/home/gad/Documents/cours/sysroot_zybo/usr/include/arm-linux-gnueabihf] ==> [/home/gad/Documents/cours/sysroot_zybo/usr/include/arm-linux-gnueabihf]
  collapse include dir [/home/gad/Documents/cours/sysroot_zybo/usr/include] ==> [/home/gad/Documents/cours/sysroot_zybo/usr/include]
  implicit include dirs: [/home/gad/Documents/cours/gcc-linaro-5.3-2016.02-x86_64_arm-linux-gnueabihf/lib/gcc/arm-linux-gnueabihf/5.3.1/include;/home/gad/Documents/cours/gcc-linaro-5.3-2016.02-x86_64_arm-linux-gnueabihf/lib/gcc/arm-linux-gnueabihf/5.3.1/include-fixed;/home/gad/Documents/cours/gcc-linaro-5.3-2016.02-x86_64_arm-linux-gnueabihf/arm-linux-gnueabihf/include;/home/gad/Documents/cours/sysroot_zybo/usr/include/arm-linux-gnueabihf;/home/gad/Documents/cours/sysroot_zybo/usr/include]


Parsed C implicit link information from above output:
  link line regex: [^( *|.*[/\])(arm-linux-gnueabihf-ld|CMAKE_LINK_STARTFILE-NOTFOUND|([^/\]+-)?ld|collect2)[^/\]*( |$)]
  ignore line: [Change Dir: /home/gad/Documents/cours/rubiks_cube/build/CMakeFiles/CMakeTmp]
  ignore line: []
  ignore line: [Run Build Command(s):/usr/bin/make cmTC_66cbe/fast && /usr/bin/make -f CMakeFiles/cmTC_66cbe.dir/build.make CMakeFiles/cmTC_66cbe.dir/build]
  ignore line: [make[1]: Entering directory '/home/gad/Documents/cours/rubiks_cube/build/CMakeFiles/CMakeTmp']
  ignore line: [Building C object CMakeFiles/cmTC_66cbe.dir/CMakeCCompilerABI.c.o]
  ignore line: [/home/gad/Documents/cours/gcc-linaro-5.3-2016.02-x86_64_arm-linux-gnueabihf/bin/arm-linux-gnueabihf-gcc --sysroot=/home/gad/Documents/cours/sysroot_zybo   -v -o CMakeFiles/cmTC_66cbe.dir/CMakeCCompilerABI.c.o   -c /usr/share/cmake-3.16/Modules/CMakeCCompilerABI.c]
  ignore line: [Using built-in specs.]
  ignore line: [COLLECT_GCC=/home/gad/Documents/cours/gcc-linaro-5.3-2016.02-x86_64_arm-linux-gnueabihf/bin/arm-linux-gnueabihf-gcc]
  ignore line: [Target: arm-linux-gnueabihf]
  ignore line: [Configured with: /home/tcwg-buildslave/workspace/tcwg-make-release/label/tcwg-x86_64-ex40/target/arm-linux-gnueabihf/snapshots/gcc-linaro-5.3-2016.02/configure SHELL=/bin/bash --with-bugurl=https://bugs.linaro.org --with-mpc=/home/tcwg-buildslave/workspace/tcwg-make-release/label/tcwg-x86_64-ex40/target/arm-linux-gnueabihf/_build/builds/destdir/x86_64-unknown-linux-gnu --with-mpfr=/home/tcwg-buildslave/workspace/tcwg-make-release/label/tcwg-x86_64-ex40/target/arm-linux-gnueabihf/_build/builds/destdir/x86_64-unknown-linux-gnu --with-gmp=/home/tcwg-buildslave/workspace/tcwg-make-release/label/tcwg-x86_64-ex40/target/arm-linux-gnueabihf/_build/builds/destdir/x86_64-unknown-linux-gnu --with-gnu-as --with-gnu-ld --disable-libstdcxx-pch --disable-libmudflap --with-cloog=no --with-ppl=no --with-isl=no --disable-nls --enable-c99 --with-tune=cortex-a9 --with-arch=armv7-a --with-fpu=vfpv3-d16 --with-float=hard --with-mode=thumb --disable-multilib --enable-multiarch --with-build-sysroot=/home/tcwg-buildslave/workspace/tcwg-make-release/label/tcwg-x86_64-ex40/target/arm-linux-gnueabihf/_build/sysroots/arm-linux-gnueabihf --enable-lto --enable-linker-build-id --enable-long-long --enable-shared --with-sysroot=/home/tcwg-buildslave/workspace/tcwg-make-release/label/tcwg-x86_64-ex40/target/arm-linux-gnueabihf/_build/builds/destdir/x86_64-unknown-linux-gnu/arm-linux-gnueabihf/libc --enable-languages=c,c++,fortran,lto --enable-checking=release --disable-bootstrap --with-bugurl=https://bugs.linaro.org --build=x86_64-unknown-linux-gnu --host=x86_64-unknown-linux-gnu --target=arm-linux-gnueabihf --prefix=/home/tcwg-buildslave/workspace/tcwg-make-release/label/tcwg-x86_64-ex40/target/arm-linux-gnueabihf/_build/builds/destdir/x86_64-unknown-linux-gnu]
  ignore line: [Thread model: posix]
  ignore line: [gcc version 5.3.1 20160113 (Linaro GCC 5.3-2016.02) ]
  ignore line: [COLLECT_GCC_OPTIONS='-v' '-o' 'CMakeFiles/cmTC_66cbe.dir/CMakeCCompilerABI.c.o' '-c' '-march=armv7-a' '-mtune=cortex-a9' '-mfloat-abi=hard' '-mfpu=vfpv3-d16' '-mthumb' '-mtls-dialect=gnu']
  ignore line: [ /home/gad/Documents/cours/gcc-linaro-5.3-2016.02-x86_64_arm-linux-gnueabihf/bin/../libexec/gcc/arm-linux-gnueabihf/5.3.1/cc1 -quiet -v -imultilib . -imultiarch arm-linux-gnueabihf -iprefix /home/gad/Documents/cours/gcc-linaro-5.3-2016.02-x86_64_arm-linux-gnueabihf/bin/../lib/gcc/arm-linux-gnueabihf/5.3.1/ -isysroot /home/gad/Documents/cours/sysroot_zybo /usr/share/cmake-3.16/Modules/CMakeCCompilerABI.c -quiet -dumpbase CMakeCCompilerABI.c -march=armv7-a -mtune=cortex-a9 -mfloat-abi=hard -mfpu=vfpv3-d16 -mthumb -mtls-dialect=gnu -auxbase-strip CMakeFiles/cmTC_66cbe.dir/CMakeCCompilerABI.c.o -version -o /tmp/ccjTEYPI.s]
  ignore line: [GNU C11 (Linaro GCC 5.3-2016.02) version 5.3.1 20160113 (arm-linux-gnueabihf)]
  ignore line: [	compiled by GNU C version 4.9.2  GMP version 6.0.0  MPFR version 3.1.3  MPC version 1.0.3]
  ignore line: [GGC heuristics: --param ggc-min-expand=100 --param ggc-min-heapsize=131072]
  ignore line: [ignoring duplicate directory "/home/gad/Documents/cours/gcc-linaro-5.3-2016.02-x86_64_arm-linux-gnueabihf/bin/../lib/gcc/../../lib/gcc/arm-linux-gnueabihf/5.3.1/include"]
  ignore line: [ignoring nonexistent directory "/home/gad/Documents/cours/sysroot_zybo/usr/local/include/arm-linux-gnueabihf"]
  ignore line: [ignoring nonexistent directory "/home/gad/Documents/cours/sysroot_zybo/usr/local/include"]
  ignore line: [ignoring duplicate directory "/home/gad/Documents/cours/gcc-linaro-5.3-2016.02-x86_64_arm-linux-gnueabihf/bin/../lib/gcc/../../lib/gcc/arm-linux-gnueabihf/5.3.1/include-fixed"]
  ignore line: [ignoring duplicate directory "/home/gad/Documents/cours/gcc-linaro-5.3-2016.02-x86_64_arm-linux-gnueabihf/bin/../lib/gcc/../../lib/gcc/arm-linux-gnueabihf/5.3.1/../../../../arm-linux-gnueabihf/include"]
  ignore line: [#include "..." search starts here:]
  ignore line: [#include <...> search starts here:]
  ignore line: [ /home/gad/Documents/cours/gcc-linaro-5.3-2016.02-x86_64_arm-linux-gnueabihf/bin/../lib/gcc/arm-linux-gnueabihf/5.3.1/include]
  ignore line: [ /home/gad/Documents/cours/gcc-linaro-5.3-2016.02-x86_64_arm-linux-gnueabihf/bin/../lib/gcc/arm-linux-gnueabihf/5.3.1/include-fixed]
  ignore line: [ /home/gad/Documents/cours/gcc-linaro-5.3-2016.02-x86_64_arm-linux-gnueabihf/bin/../lib/gcc/arm-linux-gnueabihf/5.3.1/../../../../arm-linux-gnueabihf/include]
  ignore line: [ /home/gad/Documents/cours/sysroot_zybo/usr/include/arm-linux-gnueabihf]
  ignore line: [ /home/gad/Documents/cours/sysroot_zybo/usr/include]
  ignore line: [End of search list.]
  ignore line: [GNU C11 (Linaro GCC 5.3-2016.02) version 5.3.1 20160113 (arm-linux-gnueabihf)]
  ignore line: [	compiled by GNU C version 4.9.2  GMP version 6.0.0  MPFR version 3.1.3  MPC version 1.0.3]
  ignore line: [GGC heuristics: --param ggc-min-expand=100 --param ggc-min-heapsize=131072]
  ignore line: [Compiler executable checksum: eb391097afb08ac0c6be8ef054c07fdb]
  ignore line: [COLLECT_GCC_OPTIONS='-v' '-o' 'CMakeFiles/cmTC_66cbe.dir/CMakeCCompilerABI.c.o' '-c' '-march=armv7-a' '-mtune=cortex-a9' '-mfloat-abi=hard' '-mfpu=vfpv3-d16' '-mthumb' '-mtls-dialect=gnu']
  ignore line: [ /home/gad/Documents/cours/gcc-linaro-5.3-2016.02-x86_64_arm-linux-gnueabihf/bin/../lib/gcc/arm-linux-gnueabihf/5.3.1/../../../../arm-linux-gnueabihf/bin/as -v -march=armv7-a -mfloat-abi=hard -mfpu=vfpv3-d16 -meabi=5 -o CMakeFiles/cmTC_66cbe.dir/CMakeCCompilerABI.c.o /tmp/ccjTEYPI.s]
  ignore line: [GNU assembler version 2.25.0 (arm-linux-gnueabihf) using BFD version (GNU Binutils) 2.25.0 Linaro 2015_10]
  ignore line: [COMPILER_PATH=/home/gad/Documents/cours/gcc-linaro-5.3-2016.02-x86_64_arm-linux-gnueabihf/bin/../libexec/gcc/arm-linux-gnueabihf/5.3.1/:/home/gad/Documents/cours/gcc-linaro-5.3-2016.02-x86_64_arm-linux-gnueabihf/bin/../libexec/gcc/arm-linux-gnueabihf/:/home/gad/Documents/cours/gcc-linaro-5.3-2016.02-x86_64_arm-linux-gnueabihf/bin/../libexec/gcc/:/home/gad/Documents/cours/gcc-linaro-5.3-2016.02-x86_64_arm-linux-gnueabihf/bin/../lib/gcc/arm-linux-gnueabihf/5.3.1/../../../../arm-linux-gnueabihf/bin/]
  ignore line: [LIBRARY_PATH=/home/gad/Documents/cours/gcc-linaro-5.3-2016.02-x86_64_arm-linux-gnueabihf/bin/../lib/gcc/arm-linux-gnueabihf/5.3.1/:/home/gad/Documents/cours/gcc-linaro-5.3-2016.02-x86_64_arm-linux-gnueabihf/bin/../lib/gcc/arm-linux-gnueabihf/:/home/gad/Documents/cours/gcc-linaro-5.3-2016.02-x86_64_arm-linux-gnueabihf/bin/../lib/gcc/:/home/gad/Documents/cours/gcc-linaro-5.3-2016.02-x86_64_arm-linux-gnueabihf/bin/../lib/gcc/arm-linux-gnueabihf/5.3.1/../../../../arm-linux-gnueabihf/lib/:/home/gad/Documents/cours/sysroot_zybo/lib/arm-linux-gnueabihf/:/home/gad/Documents/cours/sysroot_zybo/lib/:/home/gad/Documents/cours/sysroot_zybo/usr/lib/arm-linux-gnueabihf/:/home/gad/Documents/cours/sysroot_zybo/usr/lib/]
  ignore line: [COLLECT_GCC_OPTIONS='-v' '-o' 'CMakeFiles/cmTC_66cbe.dir/CMakeCCompilerABI.c.o' '-c' '-march=armv7-a' '-mtune=cortex-a9' '-mfloat-abi=hard' '-mfpu=vfpv3-d16' '-mthumb' '-mtls-dialect=gnu']
  ignore line: [Linking C executable cmTC_66cbe]
  ignore line: [/usr/bin/cmake -E cmake_link_script CMakeFiles/cmTC_66cbe.dir/link.txt --verbose=1]
  ignore line: [/home/gad/Documents/cours/gcc-linaro-5.3-2016.02-x86_64_arm-linux-gnueabihf/bin/arm-linux-gnueabihf-gcc --sysroot=/home/gad/Documents/cours/sysroot_zybo    -Wl -rpath-link /home/gad/Documents/cours/sysroot_zybo/lib/arm-linux-gnueabihf -Wl -rpath-link /home/gad/Documents/cours/sysroot_zybo/usr/lib/arm-linux-gnueabihf -v CMakeFiles/cmTC_66cbe.dir/CMakeCCompilerABI.c.o  -o cmTC_66cbe ]
  ignore line: [Using built-in specs.]
  ignore line: [COLLECT_GCC=/home/gad/Documents/cours/gcc-linaro-5.3-2016.02-x86_64_arm-linux-gnueabihf/bin/arm-linux-gnueabihf-gcc]
  ignore line: [COLLECT_LTO_WRAPPER=/home/gad/Documents/cours/gcc-linaro-5.3-2016.02-x86_64_arm-linux-gnueabihf/bin/../libexec/gcc/arm-linux-gnueabihf/5.3.1/lto-wrapper]
  ignore line: [Target: arm-linux-gnueabihf]
  ignore line: [Configured with: /home/tcwg-buildslave/workspace/tcwg-make-release/label/tcwg-x86_64-ex40/target/arm-linux-gnueabihf/snapshots/gcc-linaro-5.3-2016.02/configure SHELL=/bin/bash --with-bugurl=https://bugs.linaro.org --with-mpc=/home/tcwg-buildslave/workspace/tcwg-make-release/label/tcwg-x86_64-ex40/target/arm-linux-gnueabihf/_build/builds/destdir/x86_64-unknown-linux-gnu --with-mpfr=/home/tcwg-buildslave/workspace/tcwg-make-release/label/tcwg-x86_64-ex40/target/arm-linux-gnueabihf/_build/builds/destdir/x86_64-unknown-linux-gnu --with-gmp=/home/tcwg-buildslave/workspace/tcwg-make-release/label/tcwg-x86_64-ex40/target/arm-linux-gnueabihf/_build/builds/destdir/x86_64-unknown-linux-gnu --with-gnu-as --with-gnu-ld --disable-libstdcxx-pch --disable-libmudflap --with-cloog=no --with-ppl=no --with-isl=no --disable-nls --enable-c99 --with-tune=cortex-a9 --with-arch=armv7-a --with-fpu=vfpv3-d16 --with-float=hard --with-mode=thumb --disable-multilib --enable-multiarch --with-build-sysroot=/home/tcwg-buildslave/workspace/tcwg-make-release/label/tcwg-x86_64-ex40/target/arm-linux-gnueabihf/_build/sysroots/arm-linux-gnueabihf --enable-lto --enable-linker-build-id --enable-long-long --enable-shared --with-sysroot=/home/tcwg-buildslave/workspace/tcwg-make-release/label/tcwg-x86_64-ex40/target/arm-linux-gnueabihf/_build/builds/destdir/x86_64-unknown-linux-gnu/arm-linux-gnueabihf/libc --enable-languages=c,c++,fortran,lto --enable-checking=release --disable-bootstrap --with-bugurl=https://bugs.linaro.org --build=x86_64-unknown-linux-gnu --host=x86_64-unknown-linux-gnu --target=arm-linux-gnueabihf --prefix=/home/tcwg-buildslave/workspace/tcwg-make-release/label/tcwg-x86_64-ex40/target/arm-linux-gnueabihf/_build/builds/destdir/x86_64-unknown-linux-gnu]
  ignore line: [Thread model: posix]
  ignore line: [gcc version 5.3.1 20160113 (Linaro GCC 5.3-2016.02) ]
  ignore line: [COMPILER_PATH=/home/gad/Documents/cours/gcc-linaro-5.3-2016.02-x86_64_arm-linux-gnueabihf/bin/../libexec/gcc/arm-linux-gnueabihf/5.3.1/:/home/gad/Documents/cours/gcc-linaro-5.3-2016.02-x86_64_arm-linux-gnueabihf/bin/../libexec/gcc/arm-linux-gnueabihf/:/home/gad/Documents/cours/gcc-linaro-5.3-2016.02-x86_64_arm-linux-gnueabihf/bin/../libexec/gcc/:/home/gad/Documents/cours/gcc-linaro-5.3-2016.02-x86_64_arm-linux-gnueabihf/bin/../lib/gcc/arm-linux-gnueabihf/5.3.1/../../../../arm-linux-gnueabihf/bin/]
  ignore line: [LIBRARY_PATH=/home/gad/Documents/cours/gcc-linaro-5.3-2016.02-x86_64_arm-linux-gnueabihf/bin/../lib/gcc/arm-linux-gnueabihf/5.3.1/:/home/gad/Documents/cours/gcc-linaro-5.3-2016.02-x86_64_arm-linux-gnueabihf/bin/../lib/gcc/arm-linux-gnueabihf/:/home/gad/Documents/cours/gcc-linaro-5.3-2016.02-x86_64_arm-linux-gnueabihf/bin/../lib/gcc/:/home/gad/Documents/cours/gcc-linaro-5.3-2016.02-x86_64_arm-linux-gnueabihf/bin/../lib/gcc/arm-linux-gnueabihf/5.3.1/../../../../arm-linux-gnueabihf/lib/:/home/gad/Documents/cours/sysroot_zybo/lib/arm-linux-gnueabihf/:/home/gad/Documents/cours/sysroot_zybo/lib/:/home/gad/Documents/cours/sysroot_zybo/usr/lib/arm-linux-gnueabihf/:/home/gad/Documents/cours/sysroot_zybo/usr/lib/]
  ignore line: [COLLECT_GCC_OPTIONS='-v' '-o' 'cmTC_66cbe' '-march=armv7-a' '-mtune=cortex-a9' '-mfloat-abi=hard' '-mfpu=vfpv3-d16' '-mthumb' '-mtls-dialect=gnu']
  link line: [ /home/gad/Documents/cours/gcc-linaro-5.3-2016.02-x86_64_arm-linux-gnueabihf/bin/../libexec/gcc/arm-linux-gnueabihf/5.3.1/collect2 -plugin /home/gad/Documents/cours/gcc-linaro-5.3-2016.02-x86_64_arm-linux-gnueabihf/bin/../libexec/gcc/arm-linux-gnueabihf/5.3.1/liblto_plugin.so -plugin-opt=/home/gad/Documents/cours/gcc-linaro-5.3-2016.02-x86_64_arm-linux-gnueabihf/bin/../libexec/gcc/arm-linux-gnueabihf/5.3.1/lto-wrapper -plugin-opt=-fresolution=/tmp/ccr0wdKc.res -plugin-opt=-pass-through=-lgcc -plugin-opt=-pass-through=-lgcc_s -plugin-opt=-pass-through=-lc -plugin-opt=-pass-through=-lgcc -plugin-opt=-pass-through=-lgcc_s --sysroot=/home/gad/Documents/cours/sysroot_zybo --build-id --eh-frame-hdr -dynamic-linker /lib/ld-linux-armhf.so.3 -X -m armelf_linux_eabi -o cmTC_66cbe /home/gad/Documents/cours/sysroot_zybo/usr/lib/arm-linux-gnueabihf/crt1.o /home/gad/Documents/cours/sysroot_zybo/usr/lib/arm-linux-gnueabihf/crti.o /home/gad/Documents/cours/gcc-linaro-5.3-2016.02-x86_64_arm-linux-gnueabihf/bin/../lib/gcc/arm-linux-gnueabihf/5.3.1/crtbegin.o -L/home/gad/Documents/cours/gcc-linaro-5.3-2016.02-x86_64_arm-linux-gnueabihf/bin/../lib/gcc/arm-linux-gnueabihf/5.3.1 -L/home/gad/Documents/cours/gcc-linaro-5.3-2016.02-x86_64_arm-linux-gnueabihf/bin/../lib/gcc/arm-linux-gnueabihf -L/home/gad/Documents/cours/gcc-linaro-5.3-2016.02-x86_64_arm-linux-gnueabihf/bin/../lib/gcc -L/home/gad/Documents/cours/gcc-linaro-5.3-2016.02-x86_64_arm-linux-gnueabihf/bin/../lib/gcc/arm-linux-gnueabihf/5.3.1/../../../../arm-linux-gnueabihf/lib -L/home/gad/Documents/cours/sysroot_zybo/lib/arm-linux-gnueabihf -L/home/gad/Documents/cours/sysroot_zybo/lib -L/home/gad/Documents/cours/sysroot_zybo/usr/lib/arm-linux-gnueabihf -L/home/gad/Documents/cours/sysroot_zybo/usr/lib -rpath-link /home/gad/Documents/cours/sysroot_zybo/lib/arm-linux-gnueabihf -rpath-link /home/gad/Documents/cours/sysroot_zybo/usr/lib/arm-linux-gnueabihf CMakeFiles/cmTC_66cbe.dir/CMakeCCompilerABI.c.o -lgcc --as-needed -lgcc_s --no-as-needed -lc -lgcc --as-needed -lgcc_s --no-as-needed /home/gad/Documents/cours/gcc-linaro-5.3-2016.02-x86_64_arm-linux-gnueabihf/bin/../lib/gcc/arm-linux-gnueabihf/5.3.1/crtend.o /home/gad/Documents/cours/sysroot_zybo/usr/lib/arm-linux-gnueabihf/crtn.o]
    arg [/home/gad/Documents/cours/gcc-linaro-5.3-2016.02-x86_64_arm-linux-gnueabihf/bin/../libexec/gcc/arm-linux-gnueabihf/5.3.1/collect2] ==> ignore
    arg [-plugin] ==> ignore
    arg [/home/gad/Documents/cours/gcc-linaro-5.3-2016.02-x86_64_arm-linux-gnueabihf/bin/../libexec/gcc/arm-linux-gnueabihf/5.3.1/liblto_plugin.so] ==> ignore
    arg [-plugin-opt=/home/gad/Documents/cours/gcc-linaro-5.3-2016.02-x86_64_arm-linux-gnueabihf/bin/../libexec/gcc/arm-linux-gnueabihf/5.3.1/lto-wrapper] ==> ignore
    arg [-plugin-opt=-fresolution=/tmp/ccr0wdKc.res] ==> ignore
    arg [-plugin-opt=-pass-through=-lgcc] ==> ignore
    arg [-plugin-opt=-pass-through=-lgcc_s] ==> ignore
    arg [-plugin-opt=-pass-through=-lc] ==> ignore
    arg [-plugin-opt=-pass-through=-lgcc] ==> ignore
    arg [-plugin-opt=-pass-through=-lgcc_s] ==> ignore
    arg [--sysroot=/home/gad/Documents/cours/sysroot_zybo] ==> ignore
    arg [--build-id] ==> ignore
    arg [--eh-frame-hdr] ==> ignore
    arg [-dynamic-linker] ==> ignore
    arg [/lib/ld-linux-armhf.so.3] ==> ignore
    arg [-X] ==> ignore
    arg [-m] ==> ignore
    arg [armelf_linux_eabi] ==> ignore
    arg [-o] ==> ignore
    arg [cmTC_66cbe] ==> ignore
    arg [/home/gad/Documents/cours/sysroot_zybo/usr/lib/arm-linux-gnueabihf/crt1.o] ==> ignore
    arg [/home/gad/Documents/cours/sysroot_zybo/usr/lib/arm-linux-gnueabihf/crti.o] ==> ignore
    arg [/home/gad/Documents/cours/gcc-linaro-5.3-2016.02-x86_64_arm-linux-gnueabihf/bin/../lib/gcc/arm-linux-gnueabihf/5.3.1/crtbegin.o] ==> ignore
    arg [-L/home/gad/Documents/cours/gcc-linaro-5.3-2016.02-x86_64_arm-linux-gnueabihf/bin/../lib/gcc/arm-linux-gnueabihf/5.3.1] ==> dir [/home/gad/Documents/cours/gcc-linaro-5.3-2016.02-x86_64_arm-linux-gnueabihf/bin/../lib/gcc/arm-linux-gnueabihf/5.3.1]
    arg [-L/home/gad/Documents/cours/gcc-linaro-5.3-2016.02-x86_64_arm-linux-gnueabihf/bin/../lib/gcc/arm-linux-gnueabihf] ==> dir [/home/gad/Documents/cours/gcc-linaro-5.3-2016.02-x86_64_arm-linux-gnueabihf/bin/../lib/gcc/arm-linux-gnueabihf]
    arg [-L/home/gad/Documents/cours/gcc-linaro-5.3-2016.02-x86_64_arm-linux-gnueabihf/bin/../lib/gcc] ==> dir [/home/gad/Documents/cours/gcc-linaro-5.3-2016.02-x86_64_arm-linux-gnueabihf/bin/../lib/gcc]
    arg [-L/home/gad/Documents/cours/gcc-linaro-5.3-2016.02-x86_64_arm-linux-gnueabihf/bin/../lib/gcc/arm-linux-gnueabihf/5.3.1/../../../../arm-linux-gnueabihf/lib] ==> dir [/home/gad/Documents/cours/gcc-linaro-5.3-2016.02-x86_64_arm-linux-gnueabihf/bin/../lib/gcc/arm-linux-gnueabihf/5.3.1/../../../../arm-linux-gnueabihf/lib]
    arg [-L/home/gad/Documents/cours/sysroot_zybo/lib/arm-linux-gnueabihf] ==> dir [/home/gad/Documents/cours/sysroot_zybo/lib/arm-linux-gnueabihf]
    arg [-L/home/gad/Documents/cours/sysroot_zybo/lib] ==> dir [/home/gad/Documents/cours/sysroot_zybo/lib]
    arg [-L/home/gad/Documents/cours/sysroot_zybo/usr/lib/arm-linux-gnueabihf] ==> dir [/home/gad/Documents/cours/sysroot_zybo/usr/lib/arm-linux-gnueabihf]
    arg [-L/home/gad/Documents/cours/sysroot_zybo/usr/lib] ==> dir [/home/gad/Documents/cours/sysroot_zybo/usr/lib]
    arg [-rpath-link] ==> ignore
    arg [/home/gad/Documents/cours/sysroot_zybo/lib/arm-linux-gnueabihf] ==> ignore
    arg [-rpath-link] ==> ignore
    arg [/home/gad/Documents/cours/sysroot_zybo/usr/lib/arm-linux-gnueabihf] ==> ignore
    arg [CMakeFiles/cmTC_66cbe.dir/CMakeCCompilerABI.c.o] ==> ignore
    arg [-lgcc] ==> lib [gcc]
    arg [--as-needed] ==> ignore
    arg [-lgcc_s] ==> lib [gcc_s]
    arg [--no-as-needed] ==> ignore
    arg [-lc] ==> lib [c]
    arg [-lgcc] ==> lib [gcc]
    arg [--as-needed] ==> ignore
    arg [-lgcc_s] ==> lib [gcc_s]
    arg [--no-as-needed] ==> ignore
    arg [/home/gad/Documents/cours/gcc-linaro-5.3-2016.02-x86_64_arm-linux-gnueabihf/bin/../lib/gcc/arm-linux-gnueabihf/5.3.1/crtend.o] ==> ignore
    arg [/home/gad/Documents/cours/sysroot_zybo/usr/lib/arm-linux-gnueabihf/crtn.o] ==> ignore
  collapse library dir [/home/gad/Documents/cours/gcc-linaro-5.3-2016.02-x86_64_arm-linux-gnueabihf/bin/../lib/gcc/arm-linux-gnueabihf/5.3.1] ==> [/home/gad/Documents/cours/gcc-linaro-5.3-2016.02-x86_64_arm-linux-gnueabihf/lib/gcc/arm-linux-gnueabihf/5.3.1]
  collapse library dir [/home/gad/Documents/cours/gcc-linaro-5.3-2016.02-x86_64_arm-linux-gnueabihf/bin/../lib/gcc/arm-linux-gnueabihf] ==> [/home/gad/Documents/cours/gcc-linaro-5.3-2016.02-x86_64_arm-linux-gnueabihf/lib/gcc/arm-linux-gnueabihf]
  collapse library dir [/home/gad/Documents/cours/gcc-linaro-5.3-2016.02-x86_64_arm-linux-gnueabihf/bin/../lib/gcc] ==> [/home/gad/Documents/cours/gcc-linaro-5.3-2016.02-x86_64_arm-linux-gnueabihf/lib/gcc]
  collapse library dir [/home/gad/Documents/cours/gcc-linaro-5.3-2016.02-x86_64_arm-linux-gnueabihf/bin/../lib/gcc/arm-linux-gnueabihf/5.3.1/../../../../arm-linux-gnueabihf/lib] ==> [/home/gad/Documents/cours/gcc-linaro-5.3-2016.02-x86_64_arm-linux-gnueabihf/arm-linux-gnueabihf/lib]
  collapse library dir [/home/gad/Documents/cours/sysroot_zybo/lib/arm-linux-gnueabihf] ==> [/home/gad/Documents/cours/sysroot_zybo/lib/arm-linux-gnueabihf]
  collapse library dir [/home/gad/Documents/cours/sysroot_zybo/lib] ==> [/home/gad/Documents/cours/sysroot_zybo/lib]
  collapse library dir [/home/gad/Documents/cours/sysroot_zybo/usr/lib/arm-linux-gnueabihf] ==> [/home/gad/Documents/cours/sysroot_zybo/usr/lib/arm-linux-gnueabihf]
  collapse library dir [/home/gad/Documents/cours/sysroot_zybo/usr/lib] ==> [/home/gad/Documents/cours/sysroot_zybo/usr/lib]
  implicit libs: [gcc;gcc_s;c;gcc;gcc_s]
  implicit dirs: [/home/gad/Documents/cours/gcc-linaro-5.3-2016.02-x86_64_arm-linux-gnueabihf/lib/gcc/arm-linux-gnueabihf/5.3.1;/home/gad/Documents/cours/gcc-linaro-5.3-2016.02-x86_64_arm-linux-gnueabihf/lib/gcc/arm-linux-gnueabihf;/home/gad/Documents/cours/gcc-linaro-5.3-2016.02-x86_64_arm-linux-gnueabihf/lib/gcc;/home/gad/Documents/cours/gcc-linaro-5.3-2016.02-x86_64_arm-linux-gnueabihf/arm-linux-gnueabihf/lib;/home/gad/Documents/cours/sysroot_zybo/lib/arm-linux-gnueabihf;/home/gad/Documents/cours/sysroot_zybo/lib;/home/gad/Documents/cours/sysroot_zybo/usr/lib/arm-linux-gnueabihf;/home/gad/Documents/cours/sysroot_zybo/usr/lib]
  implicit fwks: []


Determining if the CXX compiler works passed with the following output:
Change Dir: /home/gad/Documents/cours/rubiks_cube/build/CMakeFiles/CMakeTmp

Run Build Command(s):/usr/bin/make cmTC_d8496/fast && /usr/bin/make -f CMakeFiles/cmTC_d8496.dir/build.make CMakeFiles/cmTC_d8496.dir/build
make[1] : on entre dans le répertoire « /home/gad/Documents/cours/rubiks_cube/build/CMakeFiles/CMakeTmp »
Building CXX object CMakeFiles/cmTC_d8496.dir/testCXXCompiler.cxx.o
/home/gad/Documents/cours/gcc-linaro-5.3-2016.02-x86_64_arm-linux-gnueabihf/bin/arm-linux-gnueabihf-g++ --sysroot=/home/gad/Documents/cours/sysroot_zybo     -o CMakeFiles/cmTC_d8496.dir/testCXXCompiler.cxx.o -c /home/gad/Documents/cours/rubiks_cube/build/CMakeFiles/CMakeTmp/testCXXCompiler.cxx
Linking CXX executable cmTC_d8496
/usr/bin/cmake -E cmake_link_script CMakeFiles/cmTC_d8496.dir/link.txt --verbose=1
/home/gad/Documents/cours/gcc-linaro-5.3-2016.02-x86_64_arm-linux-gnueabihf/bin/arm-linux-gnueabihf-g++ --sysroot=/home/gad/Documents/cours/sysroot_zybo     -Wl,-rpath-link,/home/gad/Documents/cours/sysroot_zybo/lib/arm-linux-gnueabihf -Wl,-rpath-link,/home/gad/Documents/cours/sysroot_zybo/usr/lib/arm-linux-gnueabihf  CMakeFiles/cmTC_d8496.dir/testCXXCompiler.cxx.o  -o cmTC_d8496 
make[1] : on quitte le répertoire « /home/gad/Documents/cours/rubiks_cube/build/CMakeFiles/CMakeTmp »



Detecting CXX compiler ABI info compiled with the following output:
Change Dir: /home/gad/Documents/cours/rubiks_cube/build/CMakeFiles/CMakeTmp

Run Build Command(s):/usr/bin/make cmTC_1d561/fast && /usr/bin/make -f CMakeFiles/cmTC_1d561.dir/build.make CMakeFiles/cmTC_1d561.dir/build
make[1]: Entering directory '/home/gad/Documents/cours/rubiks_cube/build/CMakeFiles/CMakeTmp'
Building CXX object CMakeFiles/cmTC_1d561.dir/CMakeCXXCompilerABI.cpp.o
/home/gad/Documents/cours/gcc-linaro-5.3-2016.02-x86_64_arm-linux-gnueabihf/bin/arm-linux-gnueabihf-g++ --sysroot=/home/gad/Documents/cours/sysroot_zybo    -v -o CMakeFiles/cmTC_1d561.dir/CMakeCXXCompilerABI.cpp.o -c /usr/share/cmake-3.16/Modules/CMakeCXXCompilerABI.cpp
Using built-in specs.
COLLECT_GCC=/home/gad/Documents/cours/gcc-linaro-5.3-2016.02-x86_64_arm-linux-gnueabihf/bin/arm-linux-gnueabihf-g++
Target: arm-linux-gnueabihf
Configured with: /home/tcwg-buildslave/workspace/tcwg-make-release/label/tcwg-x86_64-ex40/target/arm-linux-gnueabihf/snapshots/gcc-linaro-5.3-2016.02/configure SHELL=/bin/bash --with-bugurl=https://bugs.linaro.org --with-mpc=/home/tcwg-buildslave/workspace/tcwg-make-release/label/tcwg-x86_64-ex40/target/arm-linux-gnueabihf/_build/builds/destdir/x86_64-unknown-linux-gnu --with-mpfr=/home/tcwg-buildslave/workspace/tcwg-make-release/label/tcwg-x86_64-ex40/target/arm-linux-gnueabihf/_build/builds/destdir/x86_64-unknown-linux-gnu --with-gmp=/home/tcwg-buildslave/workspace/tcwg-make-release/label/tcwg-x86_64-ex40/target/arm-linux-gnueabihf/_build/builds/destdir/x86_64-unknown-linux-gnu --with-gnu-as --with-gnu-ld --disable-libstdcxx-pch --disable-libmudflap --with-cloog=no --with-ppl=no --with-isl=no --disable-nls --enable-c99 --with-tune=cortex-a9 --with-arch=armv7-a --with-fpu=vfpv3-d16 --with-float=hard --with-mode=thumb --disable-multilib --enable-multiarch --with-build-sysroot=/home/tcwg-buildslave/workspace/tcwg-make-release/label/tcwg-x86_64-ex40/target/arm-linux-gnueabihf/_build/sysroots/arm-linux-gnueabihf --enable-lto --enable-linker-build-id --enable-long-long --enable-shared --with-sysroot=/home/tcwg-buildslave/workspace/tcwg-make-release/label/tcwg-x86_64-ex40/target/arm-linux-gnueabihf/_build/builds/destdir/x86_64-unknown-linux-gnu/arm-linux-gnueabihf/libc --enable-languages=c,c++,fortran,lto --enable-checking=release --disable-bootstrap --with-bugurl=https://bugs.linaro.org --build=x86_64-unknown-linux-gnu --host=x86_64-unknown-linux-gnu --target=arm-linux-gnueabihf --prefix=/home/tcwg-buildslave/workspace/tcwg-make-release/label/tcwg-x86_64-ex40/target/arm-linux-gnueabihf/_build/builds/destdir/x86_64-unknown-linux-gnu
Thread model: posix
gcc version 5.3.1 20160113 (Linaro GCC 5.3-2016.02) 
COLLECT_GCC_OPTIONS='-v' '-o' 'CMakeFiles/cmTC_1d561.dir/CMakeCXXCompilerABI.cpp.o' '-c' '-shared-libgcc' '-march=armv7-a' '-mtune=cortex-a9' '-mfloat-abi=hard' '-mfpu=vfpv3-d16' '-mthumb' '-mtls-dialect=gnu'
 /home/gad/Documents/cours/gcc-linaro-5.3-2016.02-x86_64_arm-linux-gnueabihf/bin/../libexec/gcc/arm-linux-gnueabihf/5.3.1/cc1plus -quiet -v -imultilib . -imultiarch arm-linux-gnueabihf -iprefix /home/gad/Documents/cours/gcc-linaro-5.3-2016.02-x86_64_arm-linux-gnueabihf/bin/../lib/gcc/arm-linux-gnueabihf/5.3.1/ -isysroot /home/gad/Documents/cours/sysroot_zybo -D_GNU_SOURCE /usr/share/cmake-3.16/Modules/CMakeCXXCompilerABI.cpp -quiet -dumpbase CMakeCXXCompilerABI.cpp -march=armv7-a -mtune=cortex-a9 -mfloat-abi=hard -mfpu=vfpv3-d16 -mthumb -mtls-dialect=gnu -auxbase-strip CMakeFiles/cmTC_1d561.dir/CMakeCXXCompilerABI.cpp.o -version -o /tmp/ccMuciW6.s
GNU C++ (Linaro GCC 5.3-2016.02) version 5.3.1 20160113 (arm-linux-gnueabihf)
	compiled by GNU C version 4.9.2, GMP version 6.0.0, MPFR version 3.1.3, MPC version 1.0.3
GGC heuristics: --param ggc-min-expand=100 --param ggc-min-heapsize=131072
ignoring duplicate directory "/home/gad/Documents/cours/gcc-linaro-5.3-2016.02-x86_64_arm-linux-gnueabihf/bin/../lib/gcc/../../lib/gcc/arm-linux-gnueabihf/5.3.1/../../../../arm-linux-gnueabihf/include/c++/5.3.1"
ignoring duplicate directory "/home/gad/Documents/cours/gcc-linaro-5.3-2016.02-x86_64_arm-linux-gnueabihf/bin/../lib/gcc/../../lib/gcc/arm-linux-gnueabihf/5.3.1/../../../../arm-linux-gnueabihf/include/c++/5.3.1/arm-linux-gnueabihf/."
ignoring duplicate directory "/home/gad/Documents/cours/gcc-linaro-5.3-2016.02-x86_64_arm-linux-gnueabihf/bin/../lib/gcc/../../lib/gcc/arm-linux-gnueabihf/5.3.1/../../../../arm-linux-gnueabihf/include/c++/5.3.1/backward"
ignoring duplicate directory "/home/gad/Documents/cours/gcc-linaro-5.3-2016.02-x86_64_arm-linux-gnueabihf/bin/../lib/gcc/../../lib/gcc/arm-linux-gnueabihf/5.3.1/include"
ignoring nonexistent directory "/home/gad/Documents/cours/sysroot_zybo/usr/local/include/arm-linux-gnueabihf"
ignoring nonexistent directory "/home/gad/Documents/cours/sysroot_zybo/usr/local/include"
ignoring duplicate directory "/home/gad/Documents/cours/gcc-linaro-5.3-2016.02-x86_64_arm-linux-gnueabihf/bin/../lib/gcc/../../lib/gcc/arm-linux-gnueabihf/5.3.1/include-fixed"
ignoring duplicate directory "/home/gad/Documents/cours/gcc-linaro-5.3-2016.02-x86_64_arm-linux-gnueabihf/bin/../lib/gcc/../../lib/gcc/arm-linux-gnueabihf/5.3.1/../../../../arm-linux-gnueabihf/include"
#include "..." search starts here:
#include <...> search starts here:
 /home/gad/Documents/cours/gcc-linaro-5.3-2016.02-x86_64_arm-linux-gnueabihf/bin/../lib/gcc/arm-linux-gnueabihf/5.3.1/../../../../arm-linux-gnueabihf/include/c++/5.3.1
 /home/gad/Documents/cours/gcc-linaro-5.3-2016.02-x86_64_arm-linux-gnueabihf/bin/../lib/gcc/arm-linux-gnueabihf/5.3.1/../../../../arm-linux-gnueabihf/include/c++/5.3.1/arm-linux-gnueabihf/.
 /home/gad/Documents/cours/gcc-linaro-5.3-2016.02-x86_64_arm-linux-gnueabihf/bin/../lib/gcc/arm-linux-gnueabihf/5.3.1/../../../../arm-linux-gnueabihf/include/c++/5.3.1/backward
 /home/gad/Documents/cours/gcc-linaro-5.3-2016.02-x86_64_arm-linux-gnueabihf/bin/../lib/gcc/arm-linux-gnueabihf/5.3.1/include
 /home/gad/Documents/cours/gcc-linaro-5.3-2016.02-x86_64_arm-linux-gnueabihf/bin/../lib/gcc/arm-linux-gnueabihf/5.3.1/include-fixed
 /home/gad/Documents/cours/gcc-linaro-5.3-2016.02-x86_64_arm-linux-gnueabihf/bin/../lib/gcc/arm-linux-gnueabihf/5.3.1/../../../../arm-linux-gnueabihf/include
 /home/gad/Documents/cours/sysroot_zybo/usr/include/arm-linux-gnueabihf
 /home/gad/Documents/cours/sysroot_zybo/usr/include
End of search list.
GNU C++ (Linaro GCC 5.3-2016.02) version 5.3.1 20160113 (arm-linux-gnueabihf)
	compiled by GNU C version 4.9.2, GMP version 6.0.0, MPFR version 3.1.3, MPC version 1.0.3
GGC heuristics: --param ggc-min-expand=100 --param ggc-min-heapsize=131072
Compiler executable checksum: 4b3d07c99fe56c15e86ae2629fb94090
COLLECT_GCC_OPTIONS='-v' '-o' 'CMakeFiles/cmTC_1d561.dir/CMakeCXXCompilerABI.cpp.o' '-c' '-shared-libgcc' '-march=armv7-a' '-mtune=cortex-a9' '-mfloat-abi=hard' '-mfpu=vfpv3-d16' '-mthumb' '-mtls-dialect=gnu'
 /home/gad/Documents/cours/gcc-linaro-5.3-2016.02-x86_64_arm-linux-gnueabihf/bin/../lib/gcc/arm-linux-gnueabihf/5.3.1/../../../../arm-linux-gnueabihf/bin/as -v -march=armv7-a -mfloat-abi=hard -mfpu=vfpv3-d16 -meabi=5 -o CMakeFiles/cmTC_1d561.dir/CMakeCXXCompilerABI.cpp.o /tmp/ccMuciW6.s
GNU assembler version 2.25.0 (arm-linux-gnueabihf) using BFD version (GNU Binutils) 2.25.0 Linaro 2015_10
COMPILER_PATH=/home/gad/Documents/cours/gcc-linaro-5.3-2016.02-x86_64_arm-linux-gnueabihf/bin/../libexec/gcc/arm-linux-gnueabihf/5.3.1/:/home/gad/Documents/cours/gcc-linaro-5.3-2016.02-x86_64_arm-linux-gnueabihf/bin/../libexec/gcc/arm-linux-gnueabihf/:/home/gad/Documents/cours/gcc-linaro-5.3-2016.02-x86_64_arm-linux-gnueabihf/bin/../libexec/gcc/:/home/gad/Documents/cours/gcc-linaro-5.3-2016.02-x86_64_arm-linux-gnueabihf/bin/../lib/gcc/arm-linux-gnueabihf/5.3.1/../../../../arm-linux-gnueabihf/bin/
LIBRARY_PATH=/home/gad/Documents/cours/gcc-linaro-5.3-2016.02-x86_64_arm-linux-gnueabihf/bin/../lib/gcc/arm-linux-gnueabihf/5.3.1/:/home/gad/Documents/cours/gcc-linaro-5.3-2016.02-x86_64_arm-linux-gnueabihf/bin/../lib/gcc/arm-linux-gnueabihf/:/home/gad/Documents/cours/gcc-linaro-5.3-2016.02-x86_64_arm-linux-gnueabihf/bin/../lib/gcc/:/home/gad/Documents/cours/gcc-linaro-5.3-2016.02-x86_64_arm-linux-gnueabihf/bin/../lib/gcc/arm-linux-gnueabihf/5.3.1/../../../../arm-linux-gnueabihf/lib/:/home/gad/Documents/cours/sysroot_zybo/lib/arm-linux-gnueabihf/:/home/gad/Documents/cours/sysroot_zybo/lib/:/home/gad/Documents/cours/sysroot_zybo/usr/lib/arm-linux-gnueabihf/:/home/gad/Documents/cours/sysroot_zybo/usr/lib/
COLLECT_GCC_OPTIONS='-v' '-o' 'CMakeFiles/cmTC_1d561.dir/CMakeCXXCompilerABI.cpp.o' '-c' '-shared-libgcc' '-march=armv7-a' '-mtune=cortex-a9' '-mfloat-abi=hard' '-mfpu=vfpv3-d16' '-mthumb' '-mtls-dialect=gnu'
Linking CXX executable cmTC_1d561
/usr/bin/cmake -E cmake_link_script CMakeFiles/cmTC_1d561.dir/link.txt --verbose=1
/home/gad/Documents/cours/gcc-linaro-5.3-2016.02-x86_64_arm-linux-gnueabihf/bin/arm-linux-gnueabihf-g++ --sysroot=/home/gad/Documents/cours/sysroot_zybo     -Wl,-rpath-link,/home/gad/Documents/cours/sysroot_zybo/lib/arm-linux-gnueabihf -Wl,-rpath-link,/home/gad/Documents/cours/sysroot_zybo/usr/lib/arm-linux-gnueabihf -v CMakeFiles/cmTC_1d561.dir/CMakeCXXCompilerABI.cpp.o  -o cmTC_1d561 
Using built-in specs.
COLLECT_GCC=/home/gad/Documents/cours/gcc-linaro-5.3-2016.02-x86_64_arm-linux-gnueabihf/bin/arm-linux-gnueabihf-g++
COLLECT_LTO_WRAPPER=/home/gad/Documents/cours/gcc-linaro-5.3-2016.02-x86_64_arm-linux-gnueabihf/bin/../libexec/gcc/arm-linux-gnueabihf/5.3.1/lto-wrapper
Target: arm-linux-gnueabihf
Configured with: /home/tcwg-buildslave/workspace/tcwg-make-release/label/tcwg-x86_64-ex40/target/arm-linux-gnueabihf/snapshots/gcc-linaro-5.3-2016.02/configure SHELL=/bin/bash --with-bugurl=https://bugs.linaro.org --with-mpc=/home/tcwg-buildslave/workspace/tcwg-make-release/label/tcwg-x86_64-ex40/target/arm-linux-gnueabihf/_build/builds/destdir/x86_64-unknown-linux-gnu --with-mpfr=/home/tcwg-buildslave/workspace/tcwg-make-release/label/tcwg-x86_64-ex40/target/arm-linux-gnueabihf/_build/builds/destdir/x86_64-unknown-linux-gnu --with-gmp=/home/tcwg-buildslave/workspace/tcwg-make-release/label/tcwg-x86_64-ex40/target/arm-linux-gnueabihf/_build/builds/destdir/x86_64-unknown-linux-gnu --with-gnu-as --with-gnu-ld --disable-libstdcxx-pch --disable-libmudflap --with-cloog=no --with-ppl=no --with-isl=no --disable-nls --enable-c99 --with-tune=cortex-a9 --with-arch=armv7-a --with-fpu=vfpv3-d16 --with-float=hard --with-mode=thumb --disable-multilib --enable-multiarch --with-build-sysroot=/home/tcwg-buildslave/workspace/tcwg-make-release/label/tcwg-x86_64-ex40/target/arm-linux-gnueabihf/_build/sysroots/arm-linux-gnueabihf --enable-lto --enable-linker-build-id --enable-long-long --enable-shared --with-sysroot=/home/tcwg-buildslave/workspace/tcwg-make-release/label/tcwg-x86_64-ex40/target/arm-linux-gnueabihf/_build/builds/destdir/x86_64-unknown-linux-gnu/arm-linux-gnueabihf/libc --enable-languages=c,c++,fortran,lto --enable-checking=release --disable-bootstrap --with-bugurl=https://bugs.linaro.org --build=x86_64-unknown-linux-gnu --host=x86_64-unknown-linux-gnu --target=arm-linux-gnueabihf --prefix=/home/tcwg-buildslave/workspace/tcwg-make-release/label/tcwg-x86_64-ex40/target/arm-linux-gnueabihf/_build/builds/destdir/x86_64-unknown-linux-gnu
Thread model: posix
gcc version 5.3.1 20160113 (Linaro GCC 5.3-2016.02) 
COMPILER_PATH=/home/gad/Documents/cours/gcc-linaro-5.3-2016.02-x86_64_arm-linux-gnueabihf/bin/../libexec/gcc/arm-linux-gnueabihf/5.3.1/:/home/gad/Documents/cours/gcc-linaro-5.3-2016.02-x86_64_arm-linux-gnueabihf/bin/../libexec/gcc/arm-linux-gnueabihf/:/home/gad/Documents/cours/gcc-linaro-5.3-2016.02-x86_64_arm-linux-gnueabihf/bin/../libexec/gcc/:/home/gad/Documents/cours/gcc-linaro-5.3-2016.02-x86_64_arm-linux-gnueabihf/bin/../lib/gcc/arm-linux-gnueabihf/5.3.1/../../../../arm-linux-gnueabihf/bin/
LIBRARY_PATH=/home/gad/Documents/cours/gcc-linaro-5.3-2016.02-x86_64_arm-linux-gnueabihf/bin/../lib/gcc/arm-linux-gnueabihf/5.3.1/:/home/gad/Documents/cours/gcc-linaro-5.3-2016.02-x86_64_arm-linux-gnueabihf/bin/../lib/gcc/arm-linux-gnueabihf/:/home/gad/Documents/cours/gcc-linaro-5.3-2016.02-x86_64_arm-linux-gnueabihf/bin/../lib/gcc/:/home/gad/Documents/cours/gcc-linaro-5.3-2016.02-x86_64_arm-linux-gnueabihf/bin/../lib/gcc/arm-linux-gnueabihf/5.3.1/../../../../arm-linux-gnueabihf/lib/:/home/gad/Documents/cours/sysroot_zybo/lib/arm-linux-gnueabihf/:/home/gad/Documents/cours/sysroot_zybo/lib/:/home/gad/Documents/cours/sysroot_zybo/usr/lib/arm-linux-gnueabihf/:/home/gad/Documents/cours/sysroot_zybo/usr/lib/
COLLECT_GCC_OPTIONS='-v' '-o' 'cmTC_1d561' '-shared-libgcc' '-march=armv7-a' '-mtune=cortex-a9' '-mfloat-abi=hard' '-mfpu=vfpv3-d16' '-mthumb' '-mtls-dialect=gnu'
 /home/gad/Documents/cours/gcc-linaro-5.3-2016.02-x86_64_arm-linux-gnueabihf/bin/../libexec/gcc/arm-linux-gnueabihf/5.3.1/collect2 -plugin /home/gad/Documents/cours/gcc-linaro-5.3-2016.02-x86_64_arm-linux-gnueabihf/bin/../libexec/gcc/arm-linux-gnueabihf/5.3.1/liblto_plugin.so -plugin-opt=/home/gad/Documents/cours/gcc-linaro-5.3-2016.02-x86_64_arm-linux-gnueabihf/bin/../libexec/gcc/arm-linux-gnueabihf/5.3.1/lto-wrapper -plugin-opt=-fresolution=/tmp/ccCgixAG.res -plugin-opt=-pass-through=-lgcc_s -plugin-opt=-pass-through=-lgcc -plugin-opt=-pass-through=-lc -plugin-opt=-pass-through=-lgcc_s -plugin-opt=-pass-through=-lgcc --sysroot=/home/gad/Documents/cours/sysroot_zybo --build-id --eh-frame-hdr -dynamic-linker /lib/ld-linux-armhf.so.3 -X -m armelf_linux_eabi -o cmTC_1d561 /home/gad/Documents/cours/sysroot_zybo/usr/lib/arm-linux-gnueabihf/crt1.o /home/gad/Documents/cours/sysroot_zybo/usr/lib/arm-linux-gnueabihf/crti.o /home/gad/Documents/cours/gcc-linaro-5.3-2016.02-x86_64_arm-linux-gnueabihf/bin/../lib/gcc/arm-linux-gnueabihf/5.3.1/crtbegin.o -L/home/gad/Documents/cours/gcc-linaro-5.3-2016.02-x86_64_arm-linux-gnueabihf/bin/../lib/gcc/arm-linux-gnueabihf/5.3.1 -L/home/gad/Documents/cours/gcc-linaro-5.3-2016.02-x86_64_arm-linux-gnueabihf/bin/../lib/gcc/arm-linux-gnueabihf -L/home/gad/Documents/cours/gcc-linaro-5.3-2016.02-x86_64_arm-linux-gnueabihf/bin/../lib/gcc -L/home/gad/Documents/cours/gcc-linaro-5.3-2016.02-x86_64_arm-linux-gnueabihf/bin/../lib/gcc/arm-linux-gnueabihf/5.3.1/../../../../arm-linux-gnueabihf/lib -L/home/gad/Documents/cours/sysroot_zybo/lib/arm-linux-gnueabihf -L/home/gad/Documents/cours/sysroot_zybo/lib -L/home/gad/Documents/cours/sysroot_zybo/usr/lib/arm-linux-gnueabihf -L/home/gad/Documents/cours/sysroot_zybo/usr/lib -rpath-link /home/gad/Documents/cours/sysroot_zybo/lib/arm-linux-gnueabihf -rpath-link /home/gad/Documents/cours/sysroot_zybo/usr/lib/arm-linux-gnueabihf CMakeFiles/cmTC_1d561.dir/CMakeCXXCompilerABI.cpp.o -lstdc++ -lm -lgcc_s -lgcc -lc -lgcc_s -lgcc /home/gad/Documents/cours/gcc-linaro-5.3-2016.02-x86_64_arm-linux-gnueabihf/bin/../lib/gcc/arm-linux-gnueabihf/5.3.1/crtend.o /home/gad/Documents/cours/sysroot_zybo/usr/lib/arm-linux-gnueabihf/crtn.o
make[1]: Leaving directory '/home/gad/Documents/cours/rubiks_cube/build/CMakeFiles/CMakeTmp'



Parsed CXX implicit include dir info from above output: rv=done
  found start of include info
  found start of implicit include info
    add: [/home/gad/Documents/cours/gcc-linaro-5.3-2016.02-x86_64_arm-linux-gnueabihf/bin/../lib/gcc/arm-linux-gnueabihf/5.3.1/../../../../arm-linux-gnueabihf/include/c++/5.3.1]
    add: [/home/gad/Documents/cours/gcc-linaro-5.3-2016.02-x86_64_arm-linux-gnueabihf/bin/../lib/gcc/arm-linux-gnueabihf/5.3.1/../../../../arm-linux-gnueabihf/include/c++/5.3.1/arm-linux-gnueabihf/.]
    add: [/home/gad/Documents/cours/gcc-linaro-5.3-2016.02-x86_64_arm-linux-gnueabihf/bin/../lib/gcc/arm-linux-gnueabihf/5.3.1/../../../../arm-linux-gnueabihf/include/c++/5.3.1/backward]
    add: [/home/gad/Documents/cours/gcc-linaro-5.3-2016.02-x86_64_arm-linux-gnueabihf/bin/../lib/gcc/arm-linux-gnueabihf/5.3.1/include]
    add: [/home/gad/Documents/cours/gcc-linaro-5.3-2016.02-x86_64_arm-linux-gnueabihf/bin/../lib/gcc/arm-linux-gnueabihf/5.3.1/include-fixed]
    add: [/home/gad/Documents/cours/gcc-linaro-5.3-2016.02-x86_64_arm-linux-gnueabihf/bin/../lib/gcc/arm-linux-gnueabihf/5.3.1/../../../../arm-linux-gnueabihf/include]
    add: [/home/gad/Documents/cours/sysroot_zybo/usr/include/arm-linux-gnueabihf]
    add: [/home/gad/Documents/cours/sysroot_zybo/usr/include]
  end of search list found
  collapse include dir [/home/gad/Documents/cours/gcc-linaro-5.3-2016.02-x86_64_arm-linux-gnueabihf/bin/../lib/gcc/arm-linux-gnueabihf/5.3.1/../../../../arm-linux-gnueabihf/include/c++/5.3.1] ==> [/home/gad/Documents/cours/gcc-linaro-5.3-2016.02-x86_64_arm-linux-gnueabihf/arm-linux-gnueabihf/include/c++/5.3.1]
  collapse include dir [/home/gad/Documents/cours/gcc-linaro-5.3-2016.02-x86_64_arm-linux-gnueabihf/bin/../lib/gcc/arm-linux-gnueabihf/5.3.1/../../../../arm-linux-gnueabihf/include/c++/5.3.1/arm-linux-gnueabihf/.] ==> [/home/gad/Documents/cours/gcc-linaro-5.3-2016.02-x86_64_arm-linux-gnueabihf/arm-linux-gnueabihf/include/c++/5.3.1/arm-linux-gnueabihf]
  collapse include dir [/home/gad/Documents/cours/gcc-linaro-5.3-2016.02-x86_64_arm-linux-gnueabihf/bin/../lib/gcc/arm-linux-gnueabihf/5.3.1/../../../../arm-linux-gnueabihf/include/c++/5.3.1/backward] ==> [/home/gad/Documents/cours/gcc-linaro-5.3-2016.02-x86_64_arm-linux-gnueabihf/arm-linux-gnueabihf/include/c++/5.3.1/backward]
  collapse include dir [/home/gad/Documents/cours/gcc-linaro-5.3-2016.02-x86_64_arm-linux-gnueabihf/bin/../lib/gcc/arm-linux-gnueabihf/5.3.1/include] ==> [/home/gad/Documents/cours/gcc-linaro-5.3-2016.02-x86_64_arm-linux-gnueabihf/lib/gcc/arm-linux-gnueabihf/5.3.1/include]
  collapse include dir [/home/gad/Documents/cours/gcc-linaro-5.3-2016.02-x86_64_arm-linux-gnueabihf/bin/../lib/gcc/arm-linux-gnueabihf/5.3.1/include-fixed] ==> [/home/gad/Documents/cours/gcc-linaro-5.3-2016.02-x86_64_arm-linux-gnueabihf/lib/gcc/arm-linux-gnueabihf/5.3.1/include-fixed]
  collapse include dir [/home/gad/Documents/cours/gcc-linaro-5.3-2016.02-x86_64_arm-linux-gnueabihf/bin/../lib/gcc/arm-linux-gnueabihf/5.3.1/../../../../arm-linux-gnueabihf/include] ==> [/home/gad/Documents/cours/gcc-linaro-5.3-2016.02-x86_64_arm-linux-gnueabihf/arm-linux-gnueabihf/include]
  collapse include dir [/home/gad/Documents/cours/sysroot_zybo/usr/include/arm-linux-gnueabihf] ==> [/home/gad/Documents/cours/sysroot_zybo/usr/include/arm-linux-gnueabihf]
  collapse include dir [/home/gad/Documents/cours/sysroot_zybo/usr/include] ==> [/home/gad/Documents/cours/sysroot_zybo/usr/include]
  implicit include dirs: [/home/gad/Documents/cours/gcc-linaro-5.3-2016.02-x86_64_arm-linux-gnueabihf/arm-linux-gnueabihf/include/c++/5.3.1;/home/gad/Documents/cours/gcc-linaro-5.3-2016.02-x86_64_arm-linux-gnueabihf/arm-linux-gnueabihf/include/c++/5.3.1/arm-linux-gnueabihf;/home/gad/Documents/cours/gcc-linaro-5.3-2016.02-x86_64_arm-linux-gnueabihf/arm-linux-gnueabihf/include/c++/5.3.1/backward;/home/gad/Documents/cours/gcc-linaro-5.3-2016.02-x86_64_arm-linux-gnueabihf/lib/gcc/arm-linux-gnueabihf/5.3.1/include;/home/gad/Documents/cours/gcc-linaro-5.3-2016.02-x86_64_arm-linux-gnueabihf/lib/gcc/arm-linux-gnueabihf/5.3.1/include-fixed;/home/gad/Documents/cours/gcc-linaro-5.3-2016.02-x86_64_arm-linux-gnueabihf/arm-linux-gnueabihf/include;/home/gad/Documents/cours/sysroot_zybo/usr/include/arm-linux-gnueabihf;/home/gad/Documents/cours/sysroot_zybo/usr/include]


Parsed CXX implicit link information from above output:
  link line regex: [^( *|.*[/\])(arm-linux-gnueabihf-ld|CMAKE_LINK_STARTFILE-NOTFOUND|([^/\]+-)?ld|collect2)[^/\]*( |$)]
  ignore line: [Change Dir: /home/gad/Documents/cours/rubiks_cube/build/CMakeFiles/CMakeTmp]
  ignore line: []
  ignore line: [Run Build Command(s):/usr/bin/make cmTC_1d561/fast && /usr/bin/make -f CMakeFiles/cmTC_1d561.dir/build.make CMakeFiles/cmTC_1d561.dir/build]
  ignore line: [make[1]: Entering directory '/home/gad/Documents/cours/rubiks_cube/build/CMakeFiles/CMakeTmp']
  ignore line: [Building CXX object CMakeFiles/cmTC_1d561.dir/CMakeCXXCompilerABI.cpp.o]
  ignore line: [/home/gad/Documents/cours/gcc-linaro-5.3-2016.02-x86_64_arm-linux-gnueabihf/bin/arm-linux-gnueabihf-g++ --sysroot=/home/gad/Documents/cours/sysroot_zybo    -v -o CMakeFiles/cmTC_1d561.dir/CMakeCXXCompilerABI.cpp.o -c /usr/share/cmake-3.16/Modules/CMakeCXXCompilerABI.cpp]
  ignore line: [Using built-in specs.]
  ignore line: [COLLECT_GCC=/home/gad/Documents/cours/gcc-linaro-5.3-2016.02-x86_64_arm-linux-gnueabihf/bin/arm-linux-gnueabihf-g++]
  ignore line: [Target: arm-linux-gnueabihf]
  ignore line: [Configured with: /home/tcwg-buildslave/workspace/tcwg-make-release/label/tcwg-x86_64-ex40/target/arm-linux-gnueabihf/snapshots/gcc-linaro-5.3-2016.02/configure SHELL=/bin/bash --with-bugurl=https://bugs.linaro.org --with-mpc=/home/tcwg-buildslave/workspace/tcwg-make-release/label/tcwg-x86_64-ex40/target/arm-linux-gnueabihf/_build/builds/destdir/x86_64-unknown-linux-gnu --with-mpfr=/home/tcwg-buildslave/workspace/tcwg-make-release/label/tcwg-x86_64-ex40/target/arm-linux-gnueabihf/_build/builds/destdir/x86_64-unknown-linux-gnu --with-gmp=/home/tcwg-buildslave/workspace/tcwg-make-release/label/tcwg-x86_64-ex40/target/arm-linux-gnueabihf/_build/builds/destdir/x86_64-unknown-linux-gnu --with-gnu-as --with-gnu-ld --disable-libstdcxx-pch --disable-libmudflap --with-cloog=no --with-ppl=no --with-isl=no --disable-nls --enable-c99 --with-tune=cortex-a9 --with-arch=armv7-a --with-fpu=vfpv3-d16 --with-float=hard --with-mode=thumb --disable-multilib --enable-multiarch --with-build-sysroot=/home/tcwg-buildslave/workspace/tcwg-make-release/label/tcwg-x86_64-ex40/target/arm-linux-gnueabihf/_build/sysroots/arm-linux-gnueabihf --enable-lto --enable-linker-build-id --enable-long-long --enable-shared --with-sysroot=/home/tcwg-buildslave/workspace/tcwg-make-release/label/tcwg-x86_64-ex40/target/arm-linux-gnueabihf/_build/builds/destdir/x86_64-unknown-linux-gnu/arm-linux-gnueabihf/libc --enable-languages=c,c++,fortran,lto --enable-checking=release --disable-bootstrap --with-bugurl=https://bugs.linaro.org --build=x86_64-unknown-linux-gnu --host=x86_64-unknown-linux-gnu --target=arm-linux-gnueabihf --prefix=/home/tcwg-buildslave/workspace/tcwg-make-release/label/tcwg-x86_64-ex40/target/arm-linux-gnueabihf/_build/builds/destdir/x86_64-unknown-linux-gnu]
  ignore line: [Thread model: posix]
  ignore line: [gcc version 5.3.1 20160113 (Linaro GCC 5.3-2016.02) ]
  ignore line: [COLLECT_GCC_OPTIONS='-v' '-o' 'CMakeFiles/cmTC_1d561.dir/CMakeCXXCompilerABI.cpp.o' '-c' '-shared-libgcc' '-march=armv7-a' '-mtune=cortex-a9' '-mfloat-abi=hard' '-mfpu=vfpv3-d16' '-mthumb' '-mtls-dialect=gnu']
  ignore line: [ /home/gad/Documents/cours/gcc-linaro-5.3-2016.02-x86_64_arm-linux-gnueabihf/bin/../libexec/gcc/arm-linux-gnueabihf/5.3.1/cc1plus -quiet -v -imultilib . -imultiarch arm-linux-gnueabihf -iprefix /home/gad/Documents/cours/gcc-linaro-5.3-2016.02-x86_64_arm-linux-gnueabihf/bin/../lib/gcc/arm-linux-gnueabihf/5.3.1/ -isysroot /home/gad/Documents/cours/sysroot_zybo -D_GNU_SOURCE /usr/share/cmake-3.16/Modules/CMakeCXXCompilerABI.cpp -quiet -dumpbase CMakeCXXCompilerABI.cpp -march=armv7-a -mtune=cortex-a9 -mfloat-abi=hard -mfpu=vfpv3-d16 -mthumb -mtls-dialect=gnu -auxbase-strip CMakeFiles/cmTC_1d561.dir/CMakeCXXCompilerABI.cpp.o -version -o /tmp/ccMuciW6.s]
  ignore line: [GNU C++ (Linaro GCC 5.3-2016.02) version 5.3.1 20160113 (arm-linux-gnueabihf)]
  ignore line: [	compiled by GNU C version 4.9.2  GMP version 6.0.0  MPFR version 3.1.3  MPC version 1.0.3]
  ignore line: [GGC heuristics: --param ggc-min-expand=100 --param ggc-min-heapsize=131072]
  ignore line: [ignoring duplicate directory "/home/gad/Documents/cours/gcc-linaro-5.3-2016.02-x86_64_arm-linux-gnueabihf/bin/../lib/gcc/../../lib/gcc/arm-linux-gnueabihf/5.3.1/../../../../arm-linux-gnueabihf/include/c++/5.3.1"]
  ignore line: [ignoring duplicate directory "/home/gad/Documents/cours/gcc-linaro-5.3-2016.02-x86_64_arm-linux-gnueabihf/bin/../lib/gcc/../../lib/gcc/arm-linux-gnueabihf/5.3.1/../../../../arm-linux-gnueabihf/include/c++/5.3.1/arm-linux-gnueabihf/."]
  ignore line: [ignoring duplicate directory "/home/gad/Documents/cours/gcc-linaro-5.3-2016.02-x86_64_arm-linux-gnueabihf/bin/../lib/gcc/../../lib/gcc/arm-linux-gnueabihf/5.3.1/../../../../arm-linux-gnueabihf/include/c++/5.3.1/backward"]
  ignore line: [ignoring duplicate directory "/home/gad/Documents/cours/gcc-linaro-5.3-2016.02-x86_64_arm-linux-gnueabihf/bin/../lib/gcc/../../lib/gcc/arm-linux-gnueabihf/5.3.1/include"]
  ignore line: [ignoring nonexistent directory "/home/gad/Documents/cours/sysroot_zybo/usr/local/include/arm-linux-gnueabihf"]
  ignore line: [ignoring nonexistent directory "/home/gad/Documents/cours/sysroot_zybo/usr/local/include"]
  ignore line: [ignoring duplicate directory "/home/gad/Documents/cours/gcc-linaro-5.3-2016.02-x86_64_arm-linux-gnueabihf/bin/../lib/gcc/../../lib/gcc/arm-linux-gnueabihf/5.3.1/include-fixed"]
  ignore line: [ignoring duplicate directory "/home/gad/Documents/cours/gcc-linaro-5.3-2016.02-x86_64_arm-linux-gnueabihf/bin/../lib/gcc/../../lib/gcc/arm-linux-gnueabihf/5.3.1/../../../../arm-linux-gnueabihf/include"]
  ignore line: [#include "..." search starts here:]
  ignore line: [#include <...> search starts here:]
  ignore line: [ /home/gad/Documents/cours/gcc-linaro-5.3-2016.02-x86_64_arm-linux-gnueabihf/bin/../lib/gcc/arm-linux-gnueabihf/5.3.1/../../../../arm-linux-gnueabihf/include/c++/5.3.1]
  ignore line: [ /home/gad/Documents/cours/gcc-linaro-5.3-2016.02-x86_64_arm-linux-gnueabihf/bin/../lib/gcc/arm-linux-gnueabihf/5.3.1/../../../../arm-linux-gnueabihf/include/c++/5.3.1/arm-linux-gnueabihf/.]
  ignore line: [ /home/gad/Documents/cours/gcc-linaro-5.3-2016.02-x86_64_arm-linux-gnueabihf/bin/../lib/gcc/arm-linux-gnueabihf/5.3.1/../../../../arm-linux-gnueabihf/include/c++/5.3.1/backward]
  ignore line: [ /home/gad/Documents/cours/gcc-linaro-5.3-2016.02-x86_64_arm-linux-gnueabihf/bin/../lib/gcc/arm-linux-gnueabihf/5.3.1/include]
  ignore line: [ /home/gad/Documents/cours/gcc-linaro-5.3-2016.02-x86_64_arm-linux-gnueabihf/bin/../lib/gcc/arm-linux-gnueabihf/5.3.1/include-fixed]
  ignore line: [ /home/gad/Documents/cours/gcc-linaro-5.3-2016.02-x86_64_arm-linux-gnueabihf/bin/../lib/gcc/arm-linux-gnueabihf/5.3.1/../../../../arm-linux-gnueabihf/include]
  ignore line: [ /home/gad/Documents/cours/sysroot_zybo/usr/include/arm-linux-gnueabihf]
  ignore line: [ /home/gad/Documents/cours/sysroot_zybo/usr/include]
  ignore line: [End of search list.]
  ignore line: [GNU C++ (Linaro GCC 5.3-2016.02) version 5.3.1 20160113 (arm-linux-gnueabihf)]
  ignore line: [	compiled by GNU C version 4.9.2  GMP version 6.0.0  MPFR version 3.1.3  MPC version 1.0.3]
  ignore line: [GGC heuristics: --param ggc-min-expand=100 --param ggc-min-heapsize=131072]
  ignore line: [Compiler executable checksum: 4b3d07c99fe56c15e86ae2629fb94090]
  ignore line: [COLLECT_GCC_OPTIONS='-v' '-o' 'CMakeFiles/cmTC_1d561.dir/CMakeCXXCompilerABI.cpp.o' '-c' '-shared-libgcc' '-march=armv7-a' '-mtune=cortex-a9' '-mfloat-abi=hard' '-mfpu=vfpv3-d16' '-mthumb' '-mtls-dialect=gnu']
  ignore line: [ /home/gad/Documents/cours/gcc-linaro-5.3-2016.02-x86_64_arm-linux-gnueabihf/bin/../lib/gcc/arm-linux-gnueabihf/5.3.1/../../../../arm-linux-gnueabihf/bin/as -v -march=armv7-a -mfloat-abi=hard -mfpu=vfpv3-d16 -meabi=5 -o CMakeFiles/cmTC_1d561.dir/CMakeCXXCompilerABI.cpp.o /tmp/ccMuciW6.s]
  ignore line: [GNU assembler version 2.25.0 (arm-linux-gnueabihf) using BFD version (GNU Binutils) 2.25.0 Linaro 2015_10]
  ignore line: [COMPILER_PATH=/home/gad/Documents/cours/gcc-linaro-5.3-2016.02-x86_64_arm-linux-gnueabihf/bin/../libexec/gcc/arm-linux-gnueabihf/5.3.1/:/home/gad/Documents/cours/gcc-linaro-5.3-2016.02-x86_64_arm-linux-gnueabihf/bin/../libexec/gcc/arm-linux-gnueabihf/:/home/gad/Documents/cours/gcc-linaro-5.3-2016.02-x86_64_arm-linux-gnueabihf/bin/../libexec/gcc/:/home/gad/Documents/cours/gcc-linaro-5.3-2016.02-x86_64_arm-linux-gnueabihf/bin/../lib/gcc/arm-linux-gnueabihf/5.3.1/../../../../arm-linux-gnueabihf/bin/]
  ignore line: [LIBRARY_PATH=/home/gad/Documents/cours/gcc-linaro-5.3-2016.02-x86_64_arm-linux-gnueabihf/bin/../lib/gcc/arm-linux-gnueabihf/5.3.1/:/home/gad/Documents/cours/gcc-linaro-5.3-2016.02-x86_64_arm-linux-gnueabihf/bin/../lib/gcc/arm-linux-gnueabihf/:/home/gad/Documents/cours/gcc-linaro-5.3-2016.02-x86_64_arm-linux-gnueabihf/bin/../lib/gcc/:/home/gad/Documents/cours/gcc-linaro-5.3-2016.02-x86_64_arm-linux-gnueabihf/bin/../lib/gcc/arm-linux-gnueabihf/5.3.1/../../../../arm-linux-gnueabihf/lib/:/home/gad/Documents/cours/sysroot_zybo/lib/arm-linux-gnueabihf/:/home/gad/Documents/cours/sysroot_zybo/lib/:/home/gad/Documents/cours/sysroot_zybo/usr/lib/arm-linux-gnueabihf/:/home/gad/Documents/cours/sysroot_zybo/usr/lib/]
  ignore line: [COLLECT_GCC_OPTIONS='-v' '-o' 'CMakeFiles/cmTC_1d561.dir/CMakeCXXCompilerABI.cpp.o' '-c' '-shared-libgcc' '-march=armv7-a' '-mtune=cortex-a9' '-mfloat-abi=hard' '-mfpu=vfpv3-d16' '-mthumb' '-mtls-dialect=gnu']
  ignore line: [Linking CXX executable cmTC_1d561]
  ignore line: [/usr/bin/cmake -E cmake_link_script CMakeFiles/cmTC_1d561.dir/link.txt --verbose=1]
  ignore line: [/home/gad/Documents/cours/gcc-linaro-5.3-2016.02-x86_64_arm-linux-gnueabihf/bin/arm-linux-gnueabihf-g++ --sysroot=/home/gad/Documents/cours/sysroot_zybo     -Wl -rpath-link /home/gad/Documents/cours/sysroot_zybo/lib/arm-linux-gnueabihf -Wl -rpath-link /home/gad/Documents/cours/sysroot_zybo/usr/lib/arm-linux-gnueabihf -v CMakeFiles/cmTC_1d561.dir/CMakeCXXCompilerABI.cpp.o  -o cmTC_1d561 ]
  ignore line: [Using built-in specs.]
  ignore line: [COLLECT_GCC=/home/gad/Documents/cours/gcc-linaro-5.3-2016.02-x86_64_arm-linux-gnueabihf/bin/arm-linux-gnueabihf-g++]
  ignore line: [COLLECT_LTO_WRAPPER=/home/gad/Documents/cours/gcc-linaro-5.3-2016.02-x86_64_arm-linux-gnueabihf/bin/../libexec/gcc/arm-linux-gnueabihf/5.3.1/lto-wrapper]
  ignore line: [Target: arm-linux-gnueabihf]
  ignore line: [Configured with: /home/tcwg-buildslave/workspace/tcwg-make-release/label/tcwg-x86_64-ex40/target/arm-linux-gnueabihf/snapshots/gcc-linaro-5.3-2016.02/configure SHELL=/bin/bash --with-bugurl=https://bugs.linaro.org --with-mpc=/home/tcwg-buildslave/workspace/tcwg-make-release/label/tcwg-x86_64-ex40/target/arm-linux-gnueabihf/_build/builds/destdir/x86_64-unknown-linux-gnu --with-mpfr=/home/tcwg-buildslave/workspace/tcwg-make-release/label/tcwg-x86_64-ex40/target/arm-linux-gnueabihf/_build/builds/destdir/x86_64-unknown-linux-gnu --with-gmp=/home/tcwg-buildslave/workspace/tcwg-make-release/label/tcwg-x86_64-ex40/target/arm-linux-gnueabihf/_build/builds/destdir/x86_64-unknown-linux-gnu --with-gnu-as --with-gnu-ld --disable-libstdcxx-pch --disable-libmudflap --with-cloog=no --with-ppl=no --with-isl=no --disable-nls --enable-c99 --with-tune=cortex-a9 --with-arch=armv7-a --with-fpu=vfpv3-d16 --with-float=hard --with-mode=thumb --disable-multilib --enable-multiarch --with-build-sysroot=/home/tcwg-buildslave/workspace/tcwg-make-release/label/tcwg-x86_64-ex40/target/arm-linux-gnueabihf/_build/sysroots/arm-linux-gnueabihf --enable-lto --enable-linker-build-id --enable-long-long --enable-shared --with-sysroot=/home/tcwg-buildslave/workspace/tcwg-make-release/label/tcwg-x86_64-ex40/target/arm-linux-gnueabihf/_build/builds/destdir/x86_64-unknown-linux-gnu/arm-linux-gnueabihf/libc --enable-languages=c,c++,fortran,lto --enable-checking=release --disable-bootstrap --with-bugurl=https://bugs.linaro.org --build=x86_64-unknown-linux-gnu --host=x86_64-unknown-linux-gnu --target=arm-linux-gnueabihf --prefix=/home/tcwg-buildslave/workspace/tcwg-make-release/label/tcwg-x86_64-ex40/target/arm-linux-gnueabihf/_build/builds/destdir/x86_64-unknown-linux-gnu]
  ignore line: [Thread model: posix]
  ignore line: [gcc version 5.3.1 20160113 (Linaro GCC 5.3-2016.02) ]
  ignore line: [COMPILER_PATH=/home/gad/Documents/cours/gcc-linaro-5.3-2016.02-x86_64_arm-linux-gnueabihf/bin/../libexec/gcc/arm-linux-gnueabihf/5.3.1/:/home/gad/Documents/cours/gcc-linaro-5.3-2016.02-x86_64_arm-linux-gnueabihf/bin/../libexec/gcc/arm-linux-gnueabihf/:/home/gad/Documents/cours/gcc-linaro-5.3-2016.02-x86_64_arm-linux-gnueabihf/bin/../libexec/gcc/:/home/gad/Documents/cours/gcc-linaro-5.3-2016.02-x86_64_arm-linux-gnueabihf/bin/../lib/gcc/arm-linux-gnueabihf/5.3.1/../../../../arm-linux-gnueabihf/bin/]
  ignore line: [LIBRARY_PATH=/home/gad/Documents/cours/gcc-linaro-5.3-2016.02-x86_64_arm-linux-gnueabihf/bin/../lib/gcc/arm-linux-gnueabihf/5.3.1/:/home/gad/Documents/cours/gcc-linaro-5.3-2016.02-x86_64_arm-linux-gnueabihf/bin/../lib/gcc/arm-linux-gnueabihf/:/home/gad/Documents/cours/gcc-linaro-5.3-2016.02-x86_64_arm-linux-gnueabihf/bin/../lib/gcc/:/home/gad/Documents/cours/gcc-linaro-5.3-2016.02-x86_64_arm-linux-gnueabihf/bin/../lib/gcc/arm-linux-gnueabihf/5.3.1/../../../../arm-linux-gnueabihf/lib/:/home/gad/Documents/cours/sysroot_zybo/lib/arm-linux-gnueabihf/:/home/gad/Documents/cours/sysroot_zybo/lib/:/home/gad/Documents/cours/sysroot_zybo/usr/lib/arm-linux-gnueabihf/:/home/gad/Documents/cours/sysroot_zybo/usr/lib/]
  ignore line: [COLLECT_GCC_OPTIONS='-v' '-o' 'cmTC_1d561' '-shared-libgcc' '-march=armv7-a' '-mtune=cortex-a9' '-mfloat-abi=hard' '-mfpu=vfpv3-d16' '-mthumb' '-mtls-dialect=gnu']
  link line: [ /home/gad/Documents/cours/gcc-linaro-5.3-2016.02-x86_64_arm-linux-gnueabihf/bin/../libexec/gcc/arm-linux-gnueabihf/5.3.1/collect2 -plugin /home/gad/Documents/cours/gcc-linaro-5.3-2016.02-x86_64_arm-linux-gnueabihf/bin/../libexec/gcc/arm-linux-gnueabihf/5.3.1/liblto_plugin.so -plugin-opt=/home/gad/Documents/cours/gcc-linaro-5.3-2016.02-x86_64_arm-linux-gnueabihf/bin/../libexec/gcc/arm-linux-gnueabihf/5.3.1/lto-wrapper -plugin-opt=-fresolution=/tmp/ccCgixAG.res -plugin-opt=-pass-through=-lgcc_s -plugin-opt=-pass-through=-lgcc -plugin-opt=-pass-through=-lc -plugin-opt=-pass-through=-lgcc_s -plugin-opt=-pass-through=-lgcc --sysroot=/home/gad/Documents/cours/sysroot_zybo --build-id --eh-frame-hdr -dynamic-linker /lib/ld-linux-armhf.so.3 -X -m armelf_linux_eabi -o cmTC_1d561 /home/gad/Documents/cours/sysroot_zybo/usr/lib/arm-linux-gnueabihf/crt1.o /home/gad/Documents/cours/sysroot_zybo/usr/lib/arm-linux-gnueabihf/crti.o /home/gad/Documents/cours/gcc-linaro-5.3-2016.02-x86_64_arm-linux-gnueabihf/bin/../lib/gcc/arm-linux-gnueabihf/5.3.1/crtbegin.o -L/home/gad/Documents/cours/gcc-linaro-5.3-2016.02-x86_64_arm-linux-gnueabihf/bin/../lib/gcc/arm-linux-gnueabihf/5.3.1 -L/home/gad/Documents/cours/gcc-linaro-5.3-2016.02-x86_64_arm-linux-gnueabihf/bin/../lib/gcc/arm-linux-gnueabihf -L/home/gad/Documents/cours/gcc-linaro-5.3-2016.02-x86_64_arm-linux-gnueabihf/bin/../lib/gcc -L/home/gad/Documents/cours/gcc-linaro-5.3-2016.02-x86_64_arm-linux-gnueabihf/bin/../lib/gcc/arm-linux-gnueabihf/5.3.1/../../../../arm-linux-gnueabihf/lib -L/home/gad/Documents/cours/sysroot_zybo/lib/arm-linux-gnueabihf -L/home/gad/Documents/cours/sysroot_zybo/lib -L/home/gad/Documents/cours/sysroot_zybo/usr/lib/arm-linux-gnueabihf -L/home/gad/Documents/cours/sysroot_zybo/usr/lib -rpath-link /home/gad/Documents/cours/sysroot_zybo/lib/arm-linux-gnueabihf -rpath-link /home/gad/Documents/cours/sysroot_zybo/usr/lib/arm-linux-gnueabihf CMakeFiles/cmTC_1d561.dir/CMakeCXXCompilerABI.cpp.o -lstdc++ -lm -lgcc_s -lgcc -lc -lgcc_s -lgcc /home/gad/Documents/cours/gcc-linaro-5.3-2016.02-x86_64_arm-linux-gnueabihf/bin/../lib/gcc/arm-linux-gnueabihf/5.3.1/crtend.o /home/gad/Documents/cours/sysroot_zybo/usr/lib/arm-linux-gnueabihf/crtn.o]
    arg [/home/gad/Documents/cours/gcc-linaro-5.3-2016.02-x86_64_arm-linux-gnueabihf/bin/../libexec/gcc/arm-linux-gnueabihf/5.3.1/collect2] ==> ignore
    arg [-plugin] ==> ignore
    arg [/home/gad/Documents/cours/gcc-linaro-5.3-2016.02-x86_64_arm-linux-gnueabihf/bin/../libexec/gcc/arm-linux-gnueabihf/5.3.1/liblto_plugin.so] ==> ignore
    arg [-plugin-opt=/home/gad/Documents/cours/gcc-linaro-5.3-2016.02-x86_64_arm-linux-gnueabihf/bin/../libexec/gcc/arm-linux-gnueabihf/5.3.1/lto-wrapper] ==> ignore
    arg [-plugin-opt=-fresolution=/tmp/ccCgixAG.res] ==> ignore
    arg [-plugin-opt=-pass-through=-lgcc_s] ==> ignore
    arg [-plugin-opt=-pass-through=-lgcc] ==> ignore
    arg [-plugin-opt=-pass-through=-lc] ==> ignore
    arg [-plugin-opt=-pass-through=-lgcc_s] ==> ignore
    arg [-plugin-opt=-pass-through=-lgcc] ==> ignore
    arg [--sysroot=/home/gad/Documents/cours/sysroot_zybo] ==> ignore
    arg [--build-id] ==> ignore
    arg [--eh-frame-hdr] ==> ignore
    arg [-dynamic-linker] ==> ignore
    arg [/lib/ld-linux-armhf.so.3] ==> ignore
    arg [-X] ==> ignore
    arg [-m] ==> ignore
    arg [armelf_linux_eabi] ==> ignore
    arg [-o] ==> ignore
    arg [cmTC_1d561] ==> ignore
    arg [/home/gad/Documents/cours/sysroot_zybo/usr/lib/arm-linux-gnueabihf/crt1.o] ==> ignore
    arg [/home/gad/Documents/cours/sysroot_zybo/usr/lib/arm-linux-gnueabihf/crti.o] ==> ignore
    arg [/home/gad/Documents/cours/gcc-linaro-5.3-2016.02-x86_64_arm-linux-gnueabihf/bin/../lib/gcc/arm-linux-gnueabihf/5.3.1/crtbegin.o] ==> ignore
    arg [-L/home/gad/Documents/cours/gcc-linaro-5.3-2016.02-x86_64_arm-linux-gnueabihf/bin/../lib/gcc/arm-linux-gnueabihf/5.3.1] ==> dir [/home/gad/Documents/cours/gcc-linaro-5.3-2016.02-x86_64_arm-linux-gnueabihf/bin/../lib/gcc/arm-linux-gnueabihf/5.3.1]
    arg [-L/home/gad/Documents/cours/gcc-linaro-5.3-2016.02-x86_64_arm-linux-gnueabihf/bin/../lib/gcc/arm-linux-gnueabihf] ==> dir [/home/gad/Documents/cours/gcc-linaro-5.3-2016.02-x86_64_arm-linux-gnueabihf/bin/../lib/gcc/arm-linux-gnueabihf]
    arg [-L/home/gad/Documents/cours/gcc-linaro-5.3-2016.02-x86_64_arm-linux-gnueabihf/bin/../lib/gcc] ==> dir [/home/gad/Documents/cours/gcc-linaro-5.3-2016.02-x86_64_arm-linux-gnueabihf/bin/../lib/gcc]
    arg [-L/home/gad/Documents/cours/gcc-linaro-5.3-2016.02-x86_64_arm-linux-gnueabihf/bin/../lib/gcc/arm-linux-gnueabihf/5.3.1/../../../../arm-linux-gnueabihf/lib] ==> dir [/home/gad/Documents/cours/gcc-linaro-5.3-2016.02-x86_64_arm-linux-gnueabihf/bin/../lib/gcc/arm-linux-gnueabihf/5.3.1/../../../../arm-linux-gnueabihf/lib]
    arg [-L/home/gad/Documents/cours/sysroot_zybo/lib/arm-linux-gnueabihf] ==> dir [/home/gad/Documents/cours/sysroot_zybo/lib/arm-linux-gnueabihf]
    arg [-L/home/gad/Documents/cours/sysroot_zybo/lib] ==> dir [/home/gad/Documents/cours/sysroot_zybo/lib]
    arg [-L/home/gad/Documents/cours/sysroot_zybo/usr/lib/arm-linux-gnueabihf] ==> dir [/home/gad/Documents/cours/sysroot_zybo/usr/lib/arm-linux-gnueabihf]
    arg [-L/home/gad/Documents/cours/sysroot_zybo/usr/lib] ==> dir [/home/gad/Documents/cours/sysroot_zybo/usr/lib]
    arg [-rpath-link] ==> ignore
    arg [/home/gad/Documents/cours/sysroot_zybo/lib/arm-linux-gnueabihf] ==> ignore
    arg [-rpath-link] ==> ignore
    arg [/home/gad/Documents/cours/sysroot_zybo/usr/lib/arm-linux-gnueabihf] ==> ignore
    arg [CMakeFiles/cmTC_1d561.dir/CMakeCXXCompilerABI.cpp.o] ==> ignore
    arg [-lstdc++] ==> lib [stdc++]
    arg [-lm] ==> lib [m]
    arg [-lgcc_s] ==> lib [gcc_s]
    arg [-lgcc] ==> lib [gcc]
    arg [-lc] ==> lib [c]
    arg [-lgcc_s] ==> lib [gcc_s]
    arg [-lgcc] ==> lib [gcc]
    arg [/home/gad/Documents/cours/gcc-linaro-5.3-2016.02-x86_64_arm-linux-gnueabihf/bin/../lib/gcc/arm-linux-gnueabihf/5.3.1/crtend.o] ==> ignore
    arg [/home/gad/Documents/cours/sysroot_zybo/usr/lib/arm-linux-gnueabihf/crtn.o] ==> ignore
  collapse library dir [/home/gad/Documents/cours/gcc-linaro-5.3-2016.02-x86_64_arm-linux-gnueabihf/bin/../lib/gcc/arm-linux-gnueabihf/5.3.1] ==> [/home/gad/Documents/cours/gcc-linaro-5.3-2016.02-x86_64_arm-linux-gnueabihf/lib/gcc/arm-linux-gnueabihf/5.3.1]
  collapse library dir [/home/gad/Documents/cours/gcc-linaro-5.3-2016.02-x86_64_arm-linux-gnueabihf/bin/../lib/gcc/arm-linux-gnueabihf] ==> [/home/gad/Documents/cours/gcc-linaro-5.3-2016.02-x86_64_arm-linux-gnueabihf/lib/gcc/arm-linux-gnueabihf]
  collapse library dir [/home/gad/Documents/cours/gcc-linaro-5.3-2016.02-x86_64_arm-linux-gnueabihf/bin/../lib/gcc] ==> [/home/gad/Documents/cours/gcc-linaro-5.3-2016.02-x86_64_arm-linux-gnueabihf/lib/gcc]
  collapse library dir [/home/gad/Documents/cours/gcc-linaro-5.3-2016.02-x86_64_arm-linux-gnueabihf/bin/../lib/gcc/arm-linux-gnueabihf/5.3.1/../../../../arm-linux-gnueabihf/lib] ==> [/home/gad/Documents/cours/gcc-linaro-5.3-2016.02-x86_64_arm-linux-gnueabihf/arm-linux-gnueabihf/lib]
  collapse library dir [/home/gad/Documents/cours/sysroot_zybo/lib/arm-linux-gnueabihf] ==> [/home/gad/Documents/cours/sysroot_zybo/lib/arm-linux-gnueabihf]
  collapse library dir [/home/gad/Documents/cours/sysroot_zybo/lib] ==> [/home/gad/Documents/cours/sysroot_zybo/lib]
  collapse library dir [/home/gad/Documents/cours/sysroot_zybo/usr/lib/arm-linux-gnueabihf] ==> [/home/gad/Documents/cours/sysroot_zybo/usr/lib/arm-linux-gnueabihf]
  collapse library dir [/home/gad/Documents/cours/sysroot_zybo/usr/lib] ==> [/home/gad/Documents/cours/sysroot_zybo/usr/lib]
  implicit libs: [stdc++;m;gcc_s;gcc;c;gcc_s;gcc]
  implicit dirs: [/home/gad/Documents/cours/gcc-linaro-5.3-2016.02-x86_64_arm-linux-gnueabihf/lib/gcc/arm-linux-gnueabihf/5.3.1;/home/gad/Documents/cours/gcc-linaro-5.3-2016.02-x86_64_arm-linux-gnueabihf/lib/gcc/arm-linux-gnueabihf;/home/gad/Documents/cours/gcc-linaro-5.3-2016.02-x86_64_arm-linux-gnueabihf/lib/gcc;/home/gad/Documents/cours/gcc-linaro-5.3-2016.02-x86_64_arm-linux-gnueabihf/arm-linux-gnueabihf/lib;/home/gad/Documents/cours/sysroot_zybo/lib/arm-linux-gnueabihf;/home/gad/Documents/cours/sysroot_zybo/lib;/home/gad/Documents/cours/sysroot_zybo/usr/lib/arm-linux-gnueabihf;/home/gad/Documents/cours/sysroot_zybo/usr/lib]
  implicit fwks: []


